Classic Timing Analyzer report for HK1_1718
Thu May 14 10:13:37 2020
Quartus II Version 9.1 Build 350 03/24/2010 Service Pack 2 SJ Web Edition


---------------------
; Table of Contents ;
---------------------
  1. Legal Notice
  2. Timing Analyzer Summary
  3. Timing Analyzer Settings
  4. Clock Settings Summary
  5. Parallel Compilation
  6. Clock Setup: 'clk'
  7. tsu
  8. tco
  9. th
 10. Timing Analyzer Messages



----------------
; Legal Notice ;
----------------
Copyright (C) 1991-2010 Altera Corporation
Your use of Altera Corporation's design tools, logic functions 
and other software and tools, and its AMPP partner logic 
functions, and any output files from any of the foregoing 
(including device programming or simulation files), and any 
associated documentation or information are expressly subject 
to the terms and conditions of the Altera Program License 
Subscription Agreement, Altera MegaCore Function License 
Agreement, or other applicable license agreement, including, 
without limitation, that your use is for the sole purpose of 
programming logic devices manufactured by Altera and sold by 
Altera or its authorized distributors.  Please refer to the 
applicable agreement for further details.



+----------------------------------------------------------------------------------------------------------------------------------------------------------+
; Timing Analyzer Summary                                                                                                                                  ;
+------------------------------+-------+---------------+----------------------------------+------------+------------+------------+----------+--------------+
; Type                         ; Slack ; Required Time ; Actual Time                      ; From       ; To         ; From Clock ; To Clock ; Failed Paths ;
+------------------------------+-------+---------------+----------------------------------+------------+------------+------------+----------+--------------+
; Worst-case tsu               ; N/A   ; None          ; 6.565 ns                         ; MODE[0]    ; D[15]~reg0 ; --         ; clk      ; 0            ;
; Worst-case tco               ; N/A   ; None          ; 10.178 ns                        ; D[15]~reg0 ; D[15]      ; clk        ; --       ; 0            ;
; Worst-case th                ; N/A   ; None          ; -1.310 ns                        ; PULSEIN    ; prePul     ; --         ; clk      ; 0            ;
; Clock Setup: 'clk'           ; N/A   ; None          ; 125.91 MHz ( period = 7.942 ns ) ; mode1[0]   ; D[15]~reg0 ; clk        ; clk      ; 0            ;
; Total number of failed paths ;       ;               ;                                  ;            ;            ;            ;          ; 0            ;
+------------------------------+-------+---------------+----------------------------------+------------+------------+------------+----------+--------------+


+-----------------------------------------------------------------------------------------------------------------------------------------------------+
; Timing Analyzer Settings                                                                                                                            ;
+------------------------------------------------------------------------------------------------------+--------------------+------+----+-------------+
; Option                                                                                               ; Setting            ; From ; To ; Entity Name ;
+------------------------------------------------------------------------------------------------------+--------------------+------+----+-------------+
; Device Name                                                                                          ; EPM570T144A5       ;      ;    ;             ;
; Timing Models                                                                                        ; Final              ;      ;    ;             ;
; Default hold multicycle                                                                              ; Same as Multicycle ;      ;    ;             ;
; Cut paths between unrelated clock domains                                                            ; On                 ;      ;    ;             ;
; Cut off read during write signal paths                                                               ; On                 ;      ;    ;             ;
; Cut off feedback from I/O pins                                                                       ; On                 ;      ;    ;             ;
; Report Combined Fast/Slow Timing                                                                     ; Off                ;      ;    ;             ;
; Ignore Clock Settings                                                                                ; Off                ;      ;    ;             ;
; Analyze latches as synchronous elements                                                              ; On                 ;      ;    ;             ;
; Enable Recovery/Removal analysis                                                                     ; Off                ;      ;    ;             ;
; Enable Clock Latency                                                                                 ; Off                ;      ;    ;             ;
; Use TimeQuest Timing Analyzer                                                                        ; Off                ;      ;    ;             ;
; Minimum Core Junction Temperature                                                                    ; -40                ;      ;    ;             ;
; Maximum Core Junction Temperature                                                                    ; 125                ;      ;    ;             ;
; Number of source nodes to report per destination node                                                ; 10                 ;      ;    ;             ;
; Number of destination nodes to report                                                                ; 10                 ;      ;    ;             ;
; Number of paths to report                                                                            ; 200                ;      ;    ;             ;
; Report Minimum Timing Checks                                                                         ; Off                ;      ;    ;             ;
; Use Fast Timing Models                                                                               ; Off                ;      ;    ;             ;
; Report IO Paths Separately                                                                           ; Off                ;      ;    ;             ;
; Perform Multicorner Analysis                                                                         ; Off                ;      ;    ;             ;
; Reports the worst-case path for each clock domain and analysis                                       ; Off                ;      ;    ;             ;
; Reports worst-case timing paths for each clock domain and analysis                                   ; On                 ;      ;    ;             ;
; Specifies the maximum number of worst-case timing paths to report for each clock domain and analysis ; 100                ;      ;    ;             ;
; Removes common clock path pessimism (CCPP) during slack computation                                  ; Off                ;      ;    ;             ;
; Output I/O Timing Endpoint                                                                           ; Near End           ;      ;    ;             ;
+------------------------------------------------------------------------------------------------------+--------------------+------+----+-------------+


+------------------------------------------------------------------------------------------------------------------------------------------------------------------------------------+
; Clock Settings Summary                                                                                                                                                             ;
+-----------------+--------------------+----------+------------------+---------------+--------------+----------+-----------------------+---------------------+--------+--------------+
; Clock Node Name ; Clock Setting Name ; Type     ; Fmax Requirement ; Early Latency ; Late Latency ; Based on ; Multiply Base Fmax by ; Divide Base Fmax by ; Offset ; Phase offset ;
+-----------------+--------------------+----------+------------------+---------------+--------------+----------+-----------------------+---------------------+--------+--------------+
; clk             ;                    ; User Pin ; None             ; 0.000 ns      ; 0.000 ns     ; --       ; N/A                   ; N/A                 ; N/A    ;              ;
+-----------------+--------------------+----------+------------------+---------------+--------------+----------+-----------------------+---------------------+--------+--------------+


Parallel compilation was disabled, but you have multiple processors available. Enable parallel compilation to reduce compilation time.
+-------------------------------------+
; Parallel Compilation                ;
+----------------------------+--------+
; Processors                 ; Number ;
+----------------------------+--------+
; Number detected on machine ; 4      ;
; Maximum allowed            ; 1      ;
+----------------------------+--------+


+------------------------------------------------------------------------------------------------------------------------------------------------------------------------------------------------------------------------------------+
; Clock Setup: 'clk'                                                                                                                                                                                                                 ;
+-----------------------------------------+-----------------------------------------------------+-----------+------------+------------+----------+-----------------------------+---------------------------+-------------------------+
; Slack                                   ; Actual fmax (period)                                ; From      ; To         ; From Clock ; To Clock ; Required Setup Relationship ; Required Longest P2P Time ; Actual Longest P2P Time ;
+-----------------------------------------+-----------------------------------------------------+-----------+------------+------------+----------+-----------------------------+---------------------------+-------------------------+
; N/A                                     ; 125.91 MHz ( period = 7.942 ns )                    ; mode1[0]  ; D[10]~reg0 ; clk        ; clk      ; None                        ; None                      ; 7.233 ns                ;
; N/A                                     ; 125.91 MHz ( period = 7.942 ns )                    ; mode1[0]  ; D[11]~reg0 ; clk        ; clk      ; None                        ; None                      ; 7.233 ns                ;
; N/A                                     ; 125.91 MHz ( period = 7.942 ns )                    ; mode1[0]  ; D[14]~reg0 ; clk        ; clk      ; None                        ; None                      ; 7.233 ns                ;
; N/A                                     ; 125.91 MHz ( period = 7.942 ns )                    ; mode1[0]  ; D[15]~reg0 ; clk        ; clk      ; None                        ; None                      ; 7.233 ns                ;
; N/A                                     ; 131.86 MHz ( period = 7.584 ns )                    ; mode1[1]  ; D[10]~reg0 ; clk        ; clk      ; None                        ; None                      ; 6.875 ns                ;
; N/A                                     ; 131.86 MHz ( period = 7.584 ns )                    ; mode1[1]  ; D[11]~reg0 ; clk        ; clk      ; None                        ; None                      ; 6.875 ns                ;
; N/A                                     ; 131.86 MHz ( period = 7.584 ns )                    ; mode1[1]  ; D[14]~reg0 ; clk        ; clk      ; None                        ; None                      ; 6.875 ns                ;
; N/A                                     ; 131.86 MHz ( period = 7.584 ns )                    ; mode1[1]  ; D[15]~reg0 ; clk        ; clk      ; None                        ; None                      ; 6.875 ns                ;
; N/A                                     ; 136.00 MHz ( period = 7.353 ns )                    ; mode1[0]  ; count[8]   ; clk        ; clk      ; None                        ; None                      ; 6.644 ns                ;
; N/A                                     ; 136.00 MHz ( period = 7.353 ns )                    ; mode1[0]  ; count[9]   ; clk        ; clk      ; None                        ; None                      ; 6.644 ns                ;
; N/A                                     ; 136.00 MHz ( period = 7.353 ns )                    ; mode1[0]  ; count[10]  ; clk        ; clk      ; None                        ; None                      ; 6.644 ns                ;
; N/A                                     ; 136.00 MHz ( period = 7.353 ns )                    ; mode1[0]  ; count[11]  ; clk        ; clk      ; None                        ; None                      ; 6.644 ns                ;
; N/A                                     ; 136.00 MHz ( period = 7.353 ns )                    ; mode1[0]  ; count[12]  ; clk        ; clk      ; None                        ; None                      ; 6.644 ns                ;
; N/A                                     ; 136.00 MHz ( period = 7.353 ns )                    ; mode1[0]  ; count[13]  ; clk        ; clk      ; None                        ; None                      ; 6.644 ns                ;
; N/A                                     ; 136.00 MHz ( period = 7.353 ns )                    ; mode1[0]  ; count[14]  ; clk        ; clk      ; None                        ; None                      ; 6.644 ns                ;
; N/A                                     ; 136.00 MHz ( period = 7.353 ns )                    ; mode1[0]  ; count[15]  ; clk        ; clk      ; None                        ; None                      ; 6.644 ns                ;
; N/A                                     ; 136.02 MHz ( period = 7.352 ns )                    ; mode1[0]  ; count[0]   ; clk        ; clk      ; None                        ; None                      ; 6.643 ns                ;
; N/A                                     ; 136.02 MHz ( period = 7.352 ns )                    ; mode1[0]  ; count[1]   ; clk        ; clk      ; None                        ; None                      ; 6.643 ns                ;
; N/A                                     ; 136.02 MHz ( period = 7.352 ns )                    ; mode1[0]  ; count[2]   ; clk        ; clk      ; None                        ; None                      ; 6.643 ns                ;
; N/A                                     ; 136.02 MHz ( period = 7.352 ns )                    ; mode1[0]  ; count[3]   ; clk        ; clk      ; None                        ; None                      ; 6.643 ns                ;
; N/A                                     ; 136.02 MHz ( period = 7.352 ns )                    ; mode1[0]  ; count[4]   ; clk        ; clk      ; None                        ; None                      ; 6.643 ns                ;
; N/A                                     ; 136.02 MHz ( period = 7.352 ns )                    ; mode1[0]  ; count[5]   ; clk        ; clk      ; None                        ; None                      ; 6.643 ns                ;
; N/A                                     ; 136.02 MHz ( period = 7.352 ns )                    ; mode1[0]  ; count[6]   ; clk        ; clk      ; None                        ; None                      ; 6.643 ns                ;
; N/A                                     ; 136.02 MHz ( period = 7.352 ns )                    ; mode1[0]  ; count[7]   ; clk        ; clk      ; None                        ; None                      ; 6.643 ns                ;
; N/A                                     ; 142.96 MHz ( period = 6.995 ns )                    ; mode1[1]  ; count[8]   ; clk        ; clk      ; None                        ; None                      ; 6.286 ns                ;
; N/A                                     ; 142.96 MHz ( period = 6.995 ns )                    ; mode1[1]  ; count[9]   ; clk        ; clk      ; None                        ; None                      ; 6.286 ns                ;
; N/A                                     ; 142.96 MHz ( period = 6.995 ns )                    ; mode1[1]  ; count[10]  ; clk        ; clk      ; None                        ; None                      ; 6.286 ns                ;
; N/A                                     ; 142.96 MHz ( period = 6.995 ns )                    ; mode1[1]  ; count[11]  ; clk        ; clk      ; None                        ; None                      ; 6.286 ns                ;
; N/A                                     ; 142.96 MHz ( period = 6.995 ns )                    ; mode1[1]  ; count[12]  ; clk        ; clk      ; None                        ; None                      ; 6.286 ns                ;
; N/A                                     ; 142.96 MHz ( period = 6.995 ns )                    ; mode1[1]  ; count[13]  ; clk        ; clk      ; None                        ; None                      ; 6.286 ns                ;
; N/A                                     ; 142.96 MHz ( period = 6.995 ns )                    ; mode1[1]  ; count[14]  ; clk        ; clk      ; None                        ; None                      ; 6.286 ns                ;
; N/A                                     ; 142.96 MHz ( period = 6.995 ns )                    ; mode1[1]  ; count[15]  ; clk        ; clk      ; None                        ; None                      ; 6.286 ns                ;
; N/A                                     ; 142.98 MHz ( period = 6.994 ns )                    ; mode1[1]  ; count[0]   ; clk        ; clk      ; None                        ; None                      ; 6.285 ns                ;
; N/A                                     ; 142.98 MHz ( period = 6.994 ns )                    ; mode1[1]  ; count[1]   ; clk        ; clk      ; None                        ; None                      ; 6.285 ns                ;
; N/A                                     ; 142.98 MHz ( period = 6.994 ns )                    ; mode1[1]  ; count[2]   ; clk        ; clk      ; None                        ; None                      ; 6.285 ns                ;
; N/A                                     ; 142.98 MHz ( period = 6.994 ns )                    ; mode1[1]  ; count[3]   ; clk        ; clk      ; None                        ; None                      ; 6.285 ns                ;
; N/A                                     ; 142.98 MHz ( period = 6.994 ns )                    ; mode1[1]  ; count[4]   ; clk        ; clk      ; None                        ; None                      ; 6.285 ns                ;
; N/A                                     ; 142.98 MHz ( period = 6.994 ns )                    ; mode1[1]  ; count[5]   ; clk        ; clk      ; None                        ; None                      ; 6.285 ns                ;
; N/A                                     ; 142.98 MHz ( period = 6.994 ns )                    ; mode1[1]  ; count[6]   ; clk        ; clk      ; None                        ; None                      ; 6.285 ns                ;
; N/A                                     ; 142.98 MHz ( period = 6.994 ns )                    ; mode1[1]  ; count[7]   ; clk        ; clk      ; None                        ; None                      ; 6.285 ns                ;
; N/A                                     ; 149.52 MHz ( period = 6.688 ns )                    ; mode1[0]  ; D[12]~reg0 ; clk        ; clk      ; None                        ; None                      ; 5.979 ns                ;
; N/A                                     ; 149.52 MHz ( period = 6.688 ns )                    ; mode1[0]  ; D[13]~reg0 ; clk        ; clk      ; None                        ; None                      ; 5.979 ns                ;
; N/A                                     ; 149.54 MHz ( period = 6.687 ns )                    ; mode1[0]  ; D[1]~reg0  ; clk        ; clk      ; None                        ; None                      ; 5.978 ns                ;
; N/A                                     ; 149.54 MHz ( period = 6.687 ns )                    ; mode1[0]  ; D[3]~reg0  ; clk        ; clk      ; None                        ; None                      ; 5.978 ns                ;
; N/A                                     ; 157.98 MHz ( period = 6.330 ns )                    ; mode1[1]  ; D[12]~reg0 ; clk        ; clk      ; None                        ; None                      ; 5.621 ns                ;
; N/A                                     ; 157.98 MHz ( period = 6.330 ns )                    ; mode1[1]  ; D[13]~reg0 ; clk        ; clk      ; None                        ; None                      ; 5.621 ns                ;
; N/A                                     ; 158.00 MHz ( period = 6.329 ns )                    ; mode1[1]  ; D[1]~reg0  ; clk        ; clk      ; None                        ; None                      ; 5.620 ns                ;
; N/A                                     ; 158.00 MHz ( period = 6.329 ns )                    ; mode1[1]  ; D[3]~reg0  ; clk        ; clk      ; None                        ; None                      ; 5.620 ns                ;
; N/A                                     ; 177.81 MHz ( period = 5.624 ns )                    ; prePul    ; D[10]~reg0 ; clk        ; clk      ; None                        ; None                      ; 4.915 ns                ;
; N/A                                     ; 177.81 MHz ( period = 5.624 ns )                    ; prePul    ; D[11]~reg0 ; clk        ; clk      ; None                        ; None                      ; 4.915 ns                ;
; N/A                                     ; 177.81 MHz ( period = 5.624 ns )                    ; prePul    ; D[14]~reg0 ; clk        ; clk      ; None                        ; None                      ; 4.915 ns                ;
; N/A                                     ; 177.81 MHz ( period = 5.624 ns )                    ; prePul    ; D[15]~reg0 ; clk        ; clk      ; None                        ; None                      ; 4.915 ns                ;
; N/A                                     ; 180.96 MHz ( period = 5.526 ns )                    ; mode1[0]  ; D[0]~reg0  ; clk        ; clk      ; None                        ; None                      ; 4.817 ns                ;
; N/A                                     ; 180.96 MHz ( period = 5.526 ns )                    ; mode1[0]  ; D[2]~reg0  ; clk        ; clk      ; None                        ; None                      ; 4.817 ns                ;
; N/A                                     ; 180.96 MHz ( period = 5.526 ns )                    ; mode1[0]  ; D[4]~reg0  ; clk        ; clk      ; None                        ; None                      ; 4.817 ns                ;
; N/A                                     ; 180.96 MHz ( period = 5.526 ns )                    ; mode1[0]  ; D[5]~reg0  ; clk        ; clk      ; None                        ; None                      ; 4.817 ns                ;
; N/A                                     ; 180.96 MHz ( period = 5.526 ns )                    ; mode1[0]  ; D[6]~reg0  ; clk        ; clk      ; None                        ; None                      ; 4.817 ns                ;
; N/A                                     ; 180.96 MHz ( period = 5.526 ns )                    ; mode1[0]  ; D[7]~reg0  ; clk        ; clk      ; None                        ; None                      ; 4.817 ns                ;
; N/A                                     ; 180.96 MHz ( period = 5.526 ns )                    ; mode1[0]  ; D[8]~reg0  ; clk        ; clk      ; None                        ; None                      ; 4.817 ns                ;
; N/A                                     ; 180.96 MHz ( period = 5.526 ns )                    ; mode1[0]  ; D[9]~reg0  ; clk        ; clk      ; None                        ; None                      ; 4.817 ns                ;
; N/A                                     ; 193.50 MHz ( period = 5.168 ns )                    ; mode1[1]  ; D[0]~reg0  ; clk        ; clk      ; None                        ; None                      ; 4.459 ns                ;
; N/A                                     ; 193.50 MHz ( period = 5.168 ns )                    ; mode1[1]  ; D[2]~reg0  ; clk        ; clk      ; None                        ; None                      ; 4.459 ns                ;
; N/A                                     ; 193.50 MHz ( period = 5.168 ns )                    ; mode1[1]  ; D[4]~reg0  ; clk        ; clk      ; None                        ; None                      ; 4.459 ns                ;
; N/A                                     ; 193.50 MHz ( period = 5.168 ns )                    ; mode1[1]  ; D[5]~reg0  ; clk        ; clk      ; None                        ; None                      ; 4.459 ns                ;
; N/A                                     ; 193.50 MHz ( period = 5.168 ns )                    ; mode1[1]  ; D[6]~reg0  ; clk        ; clk      ; None                        ; None                      ; 4.459 ns                ;
; N/A                                     ; 193.50 MHz ( period = 5.168 ns )                    ; mode1[1]  ; D[7]~reg0  ; clk        ; clk      ; None                        ; None                      ; 4.459 ns                ;
; N/A                                     ; 193.50 MHz ( period = 5.168 ns )                    ; mode1[1]  ; D[8]~reg0  ; clk        ; clk      ; None                        ; None                      ; 4.459 ns                ;
; N/A                                     ; 193.50 MHz ( period = 5.168 ns )                    ; mode1[1]  ; D[9]~reg0  ; clk        ; clk      ; None                        ; None                      ; 4.459 ns                ;
; N/A                                     ; 198.61 MHz ( period = 5.035 ns )                    ; prePul    ; count[8]   ; clk        ; clk      ; None                        ; None                      ; 4.326 ns                ;
; N/A                                     ; 198.61 MHz ( period = 5.035 ns )                    ; prePul    ; count[9]   ; clk        ; clk      ; None                        ; None                      ; 4.326 ns                ;
; N/A                                     ; 198.61 MHz ( period = 5.035 ns )                    ; prePul    ; count[10]  ; clk        ; clk      ; None                        ; None                      ; 4.326 ns                ;
; N/A                                     ; 198.61 MHz ( period = 5.035 ns )                    ; prePul    ; count[11]  ; clk        ; clk      ; None                        ; None                      ; 4.326 ns                ;
; N/A                                     ; 198.61 MHz ( period = 5.035 ns )                    ; prePul    ; count[12]  ; clk        ; clk      ; None                        ; None                      ; 4.326 ns                ;
; N/A                                     ; 198.61 MHz ( period = 5.035 ns )                    ; prePul    ; count[13]  ; clk        ; clk      ; None                        ; None                      ; 4.326 ns                ;
; N/A                                     ; 198.61 MHz ( period = 5.035 ns )                    ; prePul    ; count[14]  ; clk        ; clk      ; None                        ; None                      ; 4.326 ns                ;
; N/A                                     ; 198.61 MHz ( period = 5.035 ns )                    ; prePul    ; count[15]  ; clk        ; clk      ; None                        ; None                      ; 4.326 ns                ;
; N/A                                     ; 198.65 MHz ( period = 5.034 ns )                    ; prePul    ; count[0]   ; clk        ; clk      ; None                        ; None                      ; 4.325 ns                ;
; N/A                                     ; 198.65 MHz ( period = 5.034 ns )                    ; prePul    ; count[1]   ; clk        ; clk      ; None                        ; None                      ; 4.325 ns                ;
; N/A                                     ; 198.65 MHz ( period = 5.034 ns )                    ; prePul    ; count[2]   ; clk        ; clk      ; None                        ; None                      ; 4.325 ns                ;
; N/A                                     ; 198.65 MHz ( period = 5.034 ns )                    ; prePul    ; count[3]   ; clk        ; clk      ; None                        ; None                      ; 4.325 ns                ;
; N/A                                     ; 198.65 MHz ( period = 5.034 ns )                    ; prePul    ; count[4]   ; clk        ; clk      ; None                        ; None                      ; 4.325 ns                ;
; N/A                                     ; 198.65 MHz ( period = 5.034 ns )                    ; prePul    ; count[5]   ; clk        ; clk      ; None                        ; None                      ; 4.325 ns                ;
; N/A                                     ; 198.65 MHz ( period = 5.034 ns )                    ; prePul    ; count[6]   ; clk        ; clk      ; None                        ; None                      ; 4.325 ns                ;
; N/A                                     ; 198.65 MHz ( period = 5.034 ns )                    ; prePul    ; count[7]   ; clk        ; clk      ; None                        ; None                      ; 4.325 ns                ;
; N/A                                     ; 200.28 MHz ( period = 4.993 ns )                    ; count[3]  ; count[8]   ; clk        ; clk      ; None                        ; None                      ; 4.284 ns                ;
; N/A                                     ; 200.28 MHz ( period = 4.993 ns )                    ; count[3]  ; count[9]   ; clk        ; clk      ; None                        ; None                      ; 4.284 ns                ;
; N/A                                     ; 200.28 MHz ( period = 4.993 ns )                    ; count[3]  ; count[10]  ; clk        ; clk      ; None                        ; None                      ; 4.284 ns                ;
; N/A                                     ; 200.28 MHz ( period = 4.993 ns )                    ; count[3]  ; count[11]  ; clk        ; clk      ; None                        ; None                      ; 4.284 ns                ;
; N/A                                     ; 200.28 MHz ( period = 4.993 ns )                    ; count[3]  ; count[12]  ; clk        ; clk      ; None                        ; None                      ; 4.284 ns                ;
; N/A                                     ; 200.80 MHz ( period = 4.980 ns )                    ; count[3]  ; count[13]  ; clk        ; clk      ; None                        ; None                      ; 4.271 ns                ;
; N/A                                     ; 200.80 MHz ( period = 4.980 ns )                    ; count[3]  ; count[14]  ; clk        ; clk      ; None                        ; None                      ; 4.271 ns                ;
; N/A                                     ; 200.80 MHz ( period = 4.980 ns )                    ; count[3]  ; count[15]  ; clk        ; clk      ; None                        ; None                      ; 4.271 ns                ;
; N/A                                     ; 205.80 MHz ( period = 4.859 ns )                    ; count[4]  ; count[8]   ; clk        ; clk      ; None                        ; None                      ; 4.150 ns                ;
; N/A                                     ; 205.80 MHz ( period = 4.859 ns )                    ; count[4]  ; count[9]   ; clk        ; clk      ; None                        ; None                      ; 4.150 ns                ;
; N/A                                     ; 205.80 MHz ( period = 4.859 ns )                    ; count[4]  ; count[10]  ; clk        ; clk      ; None                        ; None                      ; 4.150 ns                ;
; N/A                                     ; 205.80 MHz ( period = 4.859 ns )                    ; count[4]  ; count[11]  ; clk        ; clk      ; None                        ; None                      ; 4.150 ns                ;
; N/A                                     ; 205.80 MHz ( period = 4.859 ns )                    ; count[4]  ; count[12]  ; clk        ; clk      ; None                        ; None                      ; 4.150 ns                ;
; N/A                                     ; 206.36 MHz ( period = 4.846 ns )                    ; count[4]  ; count[13]  ; clk        ; clk      ; None                        ; None                      ; 4.137 ns                ;
; N/A                                     ; 206.36 MHz ( period = 4.846 ns )                    ; count[4]  ; count[14]  ; clk        ; clk      ; None                        ; None                      ; 4.137 ns                ;
; N/A                                     ; 206.36 MHz ( period = 4.846 ns )                    ; count[4]  ; count[15]  ; clk        ; clk      ; None                        ; None                      ; 4.137 ns                ;
; N/A                                     ; 206.36 MHz ( period = 4.846 ns )                    ; prePul    ; mode1[0]   ; clk        ; clk      ; None                        ; None                      ; 4.137 ns                ;
; N/A                                     ; 206.36 MHz ( period = 4.846 ns )                    ; prePul    ; mode1[1]   ; clk        ; clk      ; None                        ; None                      ; 4.137 ns                ;
; N/A                                     ; 207.21 MHz ( period = 4.826 ns )                    ; count[1]  ; count[8]   ; clk        ; clk      ; None                        ; None                      ; 4.117 ns                ;
; N/A                                     ; 207.21 MHz ( period = 4.826 ns )                    ; count[1]  ; count[9]   ; clk        ; clk      ; None                        ; None                      ; 4.117 ns                ;
; N/A                                     ; 207.21 MHz ( period = 4.826 ns )                    ; count[1]  ; count[10]  ; clk        ; clk      ; None                        ; None                      ; 4.117 ns                ;
; N/A                                     ; 207.21 MHz ( period = 4.826 ns )                    ; count[1]  ; count[11]  ; clk        ; clk      ; None                        ; None                      ; 4.117 ns                ;
; N/A                                     ; 207.21 MHz ( period = 4.826 ns )                    ; count[1]  ; count[12]  ; clk        ; clk      ; None                        ; None                      ; 4.117 ns                ;
; N/A                                     ; 207.77 MHz ( period = 4.813 ns )                    ; count[1]  ; count[13]  ; clk        ; clk      ; None                        ; None                      ; 4.104 ns                ;
; N/A                                     ; 207.77 MHz ( period = 4.813 ns )                    ; count[1]  ; count[14]  ; clk        ; clk      ; None                        ; None                      ; 4.104 ns                ;
; N/A                                     ; 207.77 MHz ( period = 4.813 ns )                    ; count[1]  ; count[15]  ; clk        ; clk      ; None                        ; None                      ; 4.104 ns                ;
; N/A                                     ; 212.04 MHz ( period = 4.716 ns )                    ; count[0]  ; count[8]   ; clk        ; clk      ; None                        ; None                      ; 4.007 ns                ;
; N/A                                     ; 212.04 MHz ( period = 4.716 ns )                    ; count[0]  ; count[9]   ; clk        ; clk      ; None                        ; None                      ; 4.007 ns                ;
; N/A                                     ; 212.04 MHz ( period = 4.716 ns )                    ; count[0]  ; count[10]  ; clk        ; clk      ; None                        ; None                      ; 4.007 ns                ;
; N/A                                     ; 212.04 MHz ( period = 4.716 ns )                    ; count[0]  ; count[11]  ; clk        ; clk      ; None                        ; None                      ; 4.007 ns                ;
; N/A                                     ; 212.04 MHz ( period = 4.716 ns )                    ; count[0]  ; count[12]  ; clk        ; clk      ; None                        ; None                      ; 4.007 ns                ;
; N/A                                     ; 212.63 MHz ( period = 4.703 ns )                    ; count[0]  ; count[13]  ; clk        ; clk      ; None                        ; None                      ; 3.994 ns                ;
; N/A                                     ; 212.63 MHz ( period = 4.703 ns )                    ; count[0]  ; count[14]  ; clk        ; clk      ; None                        ; None                      ; 3.994 ns                ;
; N/A                                     ; 212.63 MHz ( period = 4.703 ns )                    ; count[0]  ; count[15]  ; clk        ; clk      ; None                        ; None                      ; 3.994 ns                ;
; N/A                                     ; 214.45 MHz ( period = 4.663 ns )                    ; count[2]  ; count[8]   ; clk        ; clk      ; None                        ; None                      ; 3.954 ns                ;
; N/A                                     ; 214.45 MHz ( period = 4.663 ns )                    ; count[2]  ; count[9]   ; clk        ; clk      ; None                        ; None                      ; 3.954 ns                ;
; N/A                                     ; 214.45 MHz ( period = 4.663 ns )                    ; count[2]  ; count[10]  ; clk        ; clk      ; None                        ; None                      ; 3.954 ns                ;
; N/A                                     ; 214.45 MHz ( period = 4.663 ns )                    ; count[2]  ; count[11]  ; clk        ; clk      ; None                        ; None                      ; 3.954 ns                ;
; N/A                                     ; 214.45 MHz ( period = 4.663 ns )                    ; count[2]  ; count[12]  ; clk        ; clk      ; None                        ; None                      ; 3.954 ns                ;
; N/A                                     ; 215.05 MHz ( period = 4.650 ns )                    ; count[2]  ; count[13]  ; clk        ; clk      ; None                        ; None                      ; 3.941 ns                ;
; N/A                                     ; 215.05 MHz ( period = 4.650 ns )                    ; count[2]  ; count[14]  ; clk        ; clk      ; None                        ; None                      ; 3.941 ns                ;
; N/A                                     ; 215.05 MHz ( period = 4.650 ns )                    ; count[2]  ; count[15]  ; clk        ; clk      ; None                        ; None                      ; 3.941 ns                ;
; N/A                                     ; 217.20 MHz ( period = 4.604 ns )                    ; count[6]  ; count[8]   ; clk        ; clk      ; None                        ; None                      ; 3.895 ns                ;
; N/A                                     ; 217.20 MHz ( period = 4.604 ns )                    ; count[6]  ; count[9]   ; clk        ; clk      ; None                        ; None                      ; 3.895 ns                ;
; N/A                                     ; 217.20 MHz ( period = 4.604 ns )                    ; count[6]  ; count[10]  ; clk        ; clk      ; None                        ; None                      ; 3.895 ns                ;
; N/A                                     ; 217.20 MHz ( period = 4.604 ns )                    ; count[6]  ; count[11]  ; clk        ; clk      ; None                        ; None                      ; 3.895 ns                ;
; N/A                                     ; 217.20 MHz ( period = 4.604 ns )                    ; count[6]  ; count[12]  ; clk        ; clk      ; None                        ; None                      ; 3.895 ns                ;
; N/A                                     ; 217.82 MHz ( period = 4.591 ns )                    ; count[6]  ; count[13]  ; clk        ; clk      ; None                        ; None                      ; 3.882 ns                ;
; N/A                                     ; 217.82 MHz ( period = 4.591 ns )                    ; count[6]  ; count[14]  ; clk        ; clk      ; None                        ; None                      ; 3.882 ns                ;
; N/A                                     ; 217.82 MHz ( period = 4.591 ns )                    ; count[6]  ; count[15]  ; clk        ; clk      ; None                        ; None                      ; 3.882 ns                ;
; N/A                                     ; 222.42 MHz ( period = 4.496 ns )                    ; count[5]  ; count[8]   ; clk        ; clk      ; None                        ; None                      ; 3.787 ns                ;
; N/A                                     ; 222.42 MHz ( period = 4.496 ns )                    ; count[5]  ; count[9]   ; clk        ; clk      ; None                        ; None                      ; 3.787 ns                ;
; N/A                                     ; 222.42 MHz ( period = 4.496 ns )                    ; count[5]  ; count[10]  ; clk        ; clk      ; None                        ; None                      ; 3.787 ns                ;
; N/A                                     ; 222.42 MHz ( period = 4.496 ns )                    ; count[5]  ; count[11]  ; clk        ; clk      ; None                        ; None                      ; 3.787 ns                ;
; N/A                                     ; 222.42 MHz ( period = 4.496 ns )                    ; count[5]  ; count[12]  ; clk        ; clk      ; None                        ; None                      ; 3.787 ns                ;
; N/A                                     ; 223.06 MHz ( period = 4.483 ns )                    ; count[5]  ; count[13]  ; clk        ; clk      ; None                        ; None                      ; 3.774 ns                ;
; N/A                                     ; 223.06 MHz ( period = 4.483 ns )                    ; count[5]  ; count[14]  ; clk        ; clk      ; None                        ; None                      ; 3.774 ns                ;
; N/A                                     ; 223.06 MHz ( period = 4.483 ns )                    ; count[5]  ; count[15]  ; clk        ; clk      ; None                        ; None                      ; 3.774 ns                ;
; N/A                                     ; 228.83 MHz ( period = 4.370 ns )                    ; prePul    ; D[12]~reg0 ; clk        ; clk      ; None                        ; None                      ; 3.661 ns                ;
; N/A                                     ; 228.83 MHz ( period = 4.370 ns )                    ; prePul    ; D[13]~reg0 ; clk        ; clk      ; None                        ; None                      ; 3.661 ns                ;
; N/A                                     ; 228.89 MHz ( period = 4.369 ns )                    ; prePul    ; D[1]~reg0  ; clk        ; clk      ; None                        ; None                      ; 3.660 ns                ;
; N/A                                     ; 228.89 MHz ( period = 4.369 ns )                    ; prePul    ; D[3]~reg0  ; clk        ; clk      ; None                        ; None                      ; 3.660 ns                ;
; N/A                                     ; 229.73 MHz ( period = 4.353 ns )                    ; count[8]  ; count[13]  ; clk        ; clk      ; None                        ; None                      ; 3.644 ns                ;
; N/A                                     ; 229.73 MHz ( period = 4.353 ns )                    ; count[8]  ; count[14]  ; clk        ; clk      ; None                        ; None                      ; 3.644 ns                ;
; N/A                                     ; 229.73 MHz ( period = 4.353 ns )                    ; count[8]  ; count[15]  ; clk        ; clk      ; None                        ; None                      ; 3.644 ns                ;
; N/A                                     ; 230.68 MHz ( period = 4.335 ns )                    ; count[7]  ; count[8]   ; clk        ; clk      ; None                        ; None                      ; 3.626 ns                ;
; N/A                                     ; 230.68 MHz ( period = 4.335 ns )                    ; count[7]  ; count[9]   ; clk        ; clk      ; None                        ; None                      ; 3.626 ns                ;
; N/A                                     ; 230.68 MHz ( period = 4.335 ns )                    ; count[7]  ; count[10]  ; clk        ; clk      ; None                        ; None                      ; 3.626 ns                ;
; N/A                                     ; 230.68 MHz ( period = 4.335 ns )                    ; count[7]  ; count[11]  ; clk        ; clk      ; None                        ; None                      ; 3.626 ns                ;
; N/A                                     ; 230.68 MHz ( period = 4.335 ns )                    ; count[7]  ; count[12]  ; clk        ; clk      ; None                        ; None                      ; 3.626 ns                ;
; N/A                                     ; 231.37 MHz ( period = 4.322 ns )                    ; count[7]  ; count[13]  ; clk        ; clk      ; None                        ; None                      ; 3.613 ns                ;
; N/A                                     ; 231.37 MHz ( period = 4.322 ns )                    ; count[7]  ; count[14]  ; clk        ; clk      ; None                        ; None                      ; 3.613 ns                ;
; N/A                                     ; 231.37 MHz ( period = 4.322 ns )                    ; count[7]  ; count[15]  ; clk        ; clk      ; None                        ; None                      ; 3.613 ns                ;
; N/A                                     ; 236.35 MHz ( period = 4.231 ns )                    ; count[9]  ; count[13]  ; clk        ; clk      ; None                        ; None                      ; 3.522 ns                ;
; N/A                                     ; 236.35 MHz ( period = 4.231 ns )                    ; count[9]  ; count[14]  ; clk        ; clk      ; None                        ; None                      ; 3.522 ns                ;
; N/A                                     ; 236.35 MHz ( period = 4.231 ns )                    ; count[9]  ; count[15]  ; clk        ; clk      ; None                        ; None                      ; 3.522 ns                ;
; N/A                                     ; 237.08 MHz ( period = 4.218 ns )                    ; count[1]  ; count[3]   ; clk        ; clk      ; None                        ; None                      ; 3.509 ns                ;
; N/A                                     ; 237.08 MHz ( period = 4.218 ns )                    ; count[1]  ; count[4]   ; clk        ; clk      ; None                        ; None                      ; 3.509 ns                ;
; N/A                                     ; 237.08 MHz ( period = 4.218 ns )                    ; count[1]  ; count[5]   ; clk        ; clk      ; None                        ; None                      ; 3.509 ns                ;
; N/A                                     ; 237.08 MHz ( period = 4.218 ns )                    ; count[1]  ; count[6]   ; clk        ; clk      ; None                        ; None                      ; 3.509 ns                ;
; N/A                                     ; 237.08 MHz ( period = 4.218 ns )                    ; count[1]  ; count[7]   ; clk        ; clk      ; None                        ; None                      ; 3.509 ns                ;
; N/A                                     ; 238.72 MHz ( period = 4.189 ns )                    ; count[11] ; count[13]  ; clk        ; clk      ; None                        ; None                      ; 3.480 ns                ;
; N/A                                     ; 238.72 MHz ( period = 4.189 ns )                    ; count[11] ; count[14]  ; clk        ; clk      ; None                        ; None                      ; 3.480 ns                ;
; N/A                                     ; 238.72 MHz ( period = 4.189 ns )                    ; count[11] ; count[15]  ; clk        ; clk      ; None                        ; None                      ; 3.480 ns                ;
; N/A                                     ; 242.19 MHz ( period = 4.129 ns )                    ; count[3]  ; count[7]   ; clk        ; clk      ; None                        ; None                      ; 3.420 ns                ;
; N/A                                     ; 243.43 MHz ( period = 4.108 ns )                    ; count[0]  ; count[3]   ; clk        ; clk      ; None                        ; None                      ; 3.399 ns                ;
; N/A                                     ; 243.43 MHz ( period = 4.108 ns )                    ; count[0]  ; count[4]   ; clk        ; clk      ; None                        ; None                      ; 3.399 ns                ;
; N/A                                     ; 243.43 MHz ( period = 4.108 ns )                    ; count[0]  ; count[5]   ; clk        ; clk      ; None                        ; None                      ; 3.399 ns                ;
; N/A                                     ; 243.43 MHz ( period = 4.108 ns )                    ; count[0]  ; count[6]   ; clk        ; clk      ; None                        ; None                      ; 3.399 ns                ;
; N/A                                     ; 243.43 MHz ( period = 4.108 ns )                    ; count[0]  ; count[7]   ; clk        ; clk      ; None                        ; None                      ; 3.399 ns                ;
; N/A                                     ; 243.43 MHz ( period = 4.108 ns )                    ; count[10] ; count[13]  ; clk        ; clk      ; None                        ; None                      ; 3.399 ns                ;
; N/A                                     ; 243.43 MHz ( period = 4.108 ns )                    ; count[10] ; count[14]  ; clk        ; clk      ; None                        ; None                      ; 3.399 ns                ;
; N/A                                     ; 243.43 MHz ( period = 4.108 ns )                    ; count[10] ; count[15]  ; clk        ; clk      ; None                        ; None                      ; 3.399 ns                ;
; N/A                                     ; 243.66 MHz ( period = 4.104 ns )                    ; count[2]  ; D[2]~reg0  ; clk        ; clk      ; None                        ; None                      ; 3.395 ns                ;
; N/A                                     ; 244.38 MHz ( period = 4.092 ns )                    ; count[6]  ; D[6]~reg0  ; clk        ; clk      ; None                        ; None                      ; 3.383 ns                ;
; N/A                                     ; 245.40 MHz ( period = 4.075 ns )                    ; count[12] ; count[13]  ; clk        ; clk      ; None                        ; None                      ; 3.366 ns                ;
; N/A                                     ; 245.40 MHz ( period = 4.075 ns )                    ; count[12] ; count[14]  ; clk        ; clk      ; None                        ; None                      ; 3.366 ns                ;
; N/A                                     ; 245.40 MHz ( period = 4.075 ns )                    ; count[12] ; count[15]  ; clk        ; clk      ; None                        ; None                      ; 3.366 ns                ;
; N/A                                     ; 246.61 MHz ( period = 4.055 ns )                    ; count[2]  ; count[3]   ; clk        ; clk      ; None                        ; None                      ; 3.346 ns                ;
; N/A                                     ; 246.61 MHz ( period = 4.055 ns )                    ; count[2]  ; count[4]   ; clk        ; clk      ; None                        ; None                      ; 3.346 ns                ;
; N/A                                     ; 246.61 MHz ( period = 4.055 ns )                    ; count[2]  ; count[5]   ; clk        ; clk      ; None                        ; None                      ; 3.346 ns                ;
; N/A                                     ; 246.61 MHz ( period = 4.055 ns )                    ; count[2]  ; count[6]   ; clk        ; clk      ; None                        ; None                      ; 3.346 ns                ;
; N/A                                     ; 246.61 MHz ( period = 4.055 ns )                    ; count[2]  ; count[7]   ; clk        ; clk      ; None                        ; None                      ; 3.346 ns                ;
; N/A                                     ; 249.63 MHz ( period = 4.006 ns )                    ; count[3]  ; count[6]   ; clk        ; clk      ; None                        ; None                      ; 3.297 ns                ;
; N/A                                     ; 250.31 MHz ( period = 3.995 ns )                    ; count[4]  ; count[7]   ; clk        ; clk      ; None                        ; None                      ; 3.286 ns                ;
; N/A                                     ; 256.94 MHz ( period = 3.892 ns )                    ; count[13] ; count[15]  ; clk        ; clk      ; None                        ; None                      ; 3.183 ns                ;
; N/A                                     ; 257.33 MHz ( period = 3.886 ns )                    ; count[8]  ; count[12]  ; clk        ; clk      ; None                        ; None                      ; 3.177 ns                ;
; N/A                                     ; 257.53 MHz ( period = 3.883 ns )                    ; count[3]  ; count[5]   ; clk        ; clk      ; None                        ; None                      ; 3.174 ns                ;
; N/A                                     ; 258.26 MHz ( period = 3.872 ns )                    ; count[4]  ; count[6]   ; clk        ; clk      ; None                        ; None                      ; 3.163 ns                ;
; N/A                                     ; 261.10 MHz ( period = 3.830 ns )                    ; count[10] ; D[10]~reg0 ; clk        ; clk      ; None                        ; None                      ; 3.121 ns                ;
; N/A                                     ; 265.32 MHz ( period = 3.769 ns )                    ; count[13] ; count[14]  ; clk        ; clk      ; None                        ; None                      ; 3.060 ns                ;
; N/A                                     ; 265.67 MHz ( period = 3.764 ns )                    ; count[9]  ; count[12]  ; clk        ; clk      ; None                        ; None                      ; 3.055 ns                ;
; N/A                                     ; 265.75 MHz ( period = 3.763 ns )                    ; count[8]  ; count[11]  ; clk        ; clk      ; None                        ; None                      ; 3.054 ns                ;
; N/A                                     ; 265.96 MHz ( period = 3.760 ns )                    ; count[3]  ; count[4]   ; clk        ; clk      ; None                        ; None                      ; 3.051 ns                ;
; N/A                                     ; 266.10 MHz ( period = 3.758 ns )                    ; count[14] ; count[15]  ; clk        ; clk      ; None                        ; None                      ; 3.049 ns                ;
; N/A                                     ; 266.60 MHz ( period = 3.751 ns )                    ; count[1]  ; count[2]   ; clk        ; clk      ; None                        ; None                      ; 3.042 ns                ;
; Timing analysis restricted to 200 rows. ; To change the limit use Settings (Assignments menu) ;           ;            ;            ;          ;                             ;                           ;                         ;
+-----------------------------------------+-----------------------------------------------------+-----------+------------+------------+----------+-----------------------------+---------------------------+-------------------------+


+---------------------------------------------------------------------+
; tsu                                                                 ;
+-------+--------------+------------+---------+------------+----------+
; Slack ; Required tsu ; Actual tsu ; From    ; To         ; To Clock ;
+-------+--------------+------------+---------+------------+----------+
; N/A   ; None         ; 6.565 ns   ; MODE[0] ; D[10]~reg0 ; clk      ;
; N/A   ; None         ; 6.565 ns   ; MODE[0] ; D[11]~reg0 ; clk      ;
; N/A   ; None         ; 6.565 ns   ; MODE[0] ; D[14]~reg0 ; clk      ;
; N/A   ; None         ; 6.565 ns   ; MODE[0] ; D[15]~reg0 ; clk      ;
; N/A   ; None         ; 6.291 ns   ; MODE[1] ; D[10]~reg0 ; clk      ;
; N/A   ; None         ; 6.291 ns   ; MODE[1] ; D[11]~reg0 ; clk      ;
; N/A   ; None         ; 6.291 ns   ; MODE[1] ; D[14]~reg0 ; clk      ;
; N/A   ; None         ; 6.291 ns   ; MODE[1] ; D[15]~reg0 ; clk      ;
; N/A   ; None         ; 5.976 ns   ; MODE[0] ; count[8]   ; clk      ;
; N/A   ; None         ; 5.976 ns   ; MODE[0] ; count[9]   ; clk      ;
; N/A   ; None         ; 5.976 ns   ; MODE[0] ; count[10]  ; clk      ;
; N/A   ; None         ; 5.976 ns   ; MODE[0] ; count[11]  ; clk      ;
; N/A   ; None         ; 5.976 ns   ; MODE[0] ; count[12]  ; clk      ;
; N/A   ; None         ; 5.976 ns   ; MODE[0] ; count[13]  ; clk      ;
; N/A   ; None         ; 5.976 ns   ; MODE[0] ; count[14]  ; clk      ;
; N/A   ; None         ; 5.976 ns   ; MODE[0] ; count[15]  ; clk      ;
; N/A   ; None         ; 5.975 ns   ; MODE[0] ; count[0]   ; clk      ;
; N/A   ; None         ; 5.975 ns   ; MODE[0] ; count[1]   ; clk      ;
; N/A   ; None         ; 5.975 ns   ; MODE[0] ; count[2]   ; clk      ;
; N/A   ; None         ; 5.975 ns   ; MODE[0] ; count[3]   ; clk      ;
; N/A   ; None         ; 5.975 ns   ; MODE[0] ; count[4]   ; clk      ;
; N/A   ; None         ; 5.975 ns   ; MODE[0] ; count[5]   ; clk      ;
; N/A   ; None         ; 5.975 ns   ; MODE[0] ; count[6]   ; clk      ;
; N/A   ; None         ; 5.975 ns   ; MODE[0] ; count[7]   ; clk      ;
; N/A   ; None         ; 5.934 ns   ; PULSEIN ; D[10]~reg0 ; clk      ;
; N/A   ; None         ; 5.934 ns   ; PULSEIN ; D[11]~reg0 ; clk      ;
; N/A   ; None         ; 5.934 ns   ; PULSEIN ; D[14]~reg0 ; clk      ;
; N/A   ; None         ; 5.934 ns   ; PULSEIN ; D[15]~reg0 ; clk      ;
; N/A   ; None         ; 5.702 ns   ; MODE[1] ; count[8]   ; clk      ;
; N/A   ; None         ; 5.702 ns   ; MODE[1] ; count[9]   ; clk      ;
; N/A   ; None         ; 5.702 ns   ; MODE[1] ; count[10]  ; clk      ;
; N/A   ; None         ; 5.702 ns   ; MODE[1] ; count[11]  ; clk      ;
; N/A   ; None         ; 5.702 ns   ; MODE[1] ; count[12]  ; clk      ;
; N/A   ; None         ; 5.702 ns   ; MODE[1] ; count[13]  ; clk      ;
; N/A   ; None         ; 5.702 ns   ; MODE[1] ; count[14]  ; clk      ;
; N/A   ; None         ; 5.702 ns   ; MODE[1] ; count[15]  ; clk      ;
; N/A   ; None         ; 5.701 ns   ; MODE[1] ; count[0]   ; clk      ;
; N/A   ; None         ; 5.701 ns   ; MODE[1] ; count[1]   ; clk      ;
; N/A   ; None         ; 5.701 ns   ; MODE[1] ; count[2]   ; clk      ;
; N/A   ; None         ; 5.701 ns   ; MODE[1] ; count[3]   ; clk      ;
; N/A   ; None         ; 5.701 ns   ; MODE[1] ; count[4]   ; clk      ;
; N/A   ; None         ; 5.701 ns   ; MODE[1] ; count[5]   ; clk      ;
; N/A   ; None         ; 5.701 ns   ; MODE[1] ; count[6]   ; clk      ;
; N/A   ; None         ; 5.701 ns   ; MODE[1] ; count[7]   ; clk      ;
; N/A   ; None         ; 5.345 ns   ; PULSEIN ; count[8]   ; clk      ;
; N/A   ; None         ; 5.345 ns   ; PULSEIN ; count[9]   ; clk      ;
; N/A   ; None         ; 5.345 ns   ; PULSEIN ; count[10]  ; clk      ;
; N/A   ; None         ; 5.345 ns   ; PULSEIN ; count[11]  ; clk      ;
; N/A   ; None         ; 5.345 ns   ; PULSEIN ; count[12]  ; clk      ;
; N/A   ; None         ; 5.345 ns   ; PULSEIN ; count[13]  ; clk      ;
; N/A   ; None         ; 5.345 ns   ; PULSEIN ; count[14]  ; clk      ;
; N/A   ; None         ; 5.345 ns   ; PULSEIN ; count[15]  ; clk      ;
; N/A   ; None         ; 5.344 ns   ; PULSEIN ; count[0]   ; clk      ;
; N/A   ; None         ; 5.344 ns   ; PULSEIN ; count[1]   ; clk      ;
; N/A   ; None         ; 5.344 ns   ; PULSEIN ; count[2]   ; clk      ;
; N/A   ; None         ; 5.344 ns   ; PULSEIN ; count[3]   ; clk      ;
; N/A   ; None         ; 5.344 ns   ; PULSEIN ; count[4]   ; clk      ;
; N/A   ; None         ; 5.344 ns   ; PULSEIN ; count[5]   ; clk      ;
; N/A   ; None         ; 5.344 ns   ; PULSEIN ; count[6]   ; clk      ;
; N/A   ; None         ; 5.344 ns   ; PULSEIN ; count[7]   ; clk      ;
; N/A   ; None         ; 5.311 ns   ; MODE[0] ; D[12]~reg0 ; clk      ;
; N/A   ; None         ; 5.311 ns   ; MODE[0] ; D[13]~reg0 ; clk      ;
; N/A   ; None         ; 5.310 ns   ; MODE[0] ; D[1]~reg0  ; clk      ;
; N/A   ; None         ; 5.310 ns   ; MODE[0] ; D[3]~reg0  ; clk      ;
; N/A   ; None         ; 5.037 ns   ; MODE[1] ; D[12]~reg0 ; clk      ;
; N/A   ; None         ; 5.037 ns   ; MODE[1] ; D[13]~reg0 ; clk      ;
; N/A   ; None         ; 5.036 ns   ; MODE[1] ; D[1]~reg0  ; clk      ;
; N/A   ; None         ; 5.036 ns   ; MODE[1] ; D[3]~reg0  ; clk      ;
; N/A   ; None         ; 4.680 ns   ; PULSEIN ; D[12]~reg0 ; clk      ;
; N/A   ; None         ; 4.680 ns   ; PULSEIN ; D[13]~reg0 ; clk      ;
; N/A   ; None         ; 4.679 ns   ; PULSEIN ; D[1]~reg0  ; clk      ;
; N/A   ; None         ; 4.679 ns   ; PULSEIN ; D[3]~reg0  ; clk      ;
; N/A   ; None         ; 4.149 ns   ; MODE[0] ; D[0]~reg0  ; clk      ;
; N/A   ; None         ; 4.149 ns   ; MODE[0] ; D[2]~reg0  ; clk      ;
; N/A   ; None         ; 4.149 ns   ; MODE[0] ; D[4]~reg0  ; clk      ;
; N/A   ; None         ; 4.149 ns   ; MODE[0] ; D[5]~reg0  ; clk      ;
; N/A   ; None         ; 4.149 ns   ; MODE[0] ; D[6]~reg0  ; clk      ;
; N/A   ; None         ; 4.149 ns   ; MODE[0] ; D[7]~reg0  ; clk      ;
; N/A   ; None         ; 4.149 ns   ; MODE[0] ; D[8]~reg0  ; clk      ;
; N/A   ; None         ; 4.149 ns   ; MODE[0] ; D[9]~reg0  ; clk      ;
; N/A   ; None         ; 3.875 ns   ; MODE[1] ; D[0]~reg0  ; clk      ;
; N/A   ; None         ; 3.875 ns   ; MODE[1] ; D[2]~reg0  ; clk      ;
; N/A   ; None         ; 3.875 ns   ; MODE[1] ; D[4]~reg0  ; clk      ;
; N/A   ; None         ; 3.875 ns   ; MODE[1] ; D[5]~reg0  ; clk      ;
; N/A   ; None         ; 3.875 ns   ; MODE[1] ; D[6]~reg0  ; clk      ;
; N/A   ; None         ; 3.875 ns   ; MODE[1] ; D[7]~reg0  ; clk      ;
; N/A   ; None         ; 3.875 ns   ; MODE[1] ; D[8]~reg0  ; clk      ;
; N/A   ; None         ; 3.875 ns   ; MODE[1] ; D[9]~reg0  ; clk      ;
; N/A   ; None         ; 3.518 ns   ; PULSEIN ; D[0]~reg0  ; clk      ;
; N/A   ; None         ; 3.518 ns   ; PULSEIN ; D[2]~reg0  ; clk      ;
; N/A   ; None         ; 3.518 ns   ; PULSEIN ; D[4]~reg0  ; clk      ;
; N/A   ; None         ; 3.518 ns   ; PULSEIN ; D[5]~reg0  ; clk      ;
; N/A   ; None         ; 3.518 ns   ; PULSEIN ; D[6]~reg0  ; clk      ;
; N/A   ; None         ; 3.518 ns   ; PULSEIN ; D[7]~reg0  ; clk      ;
; N/A   ; None         ; 3.518 ns   ; PULSEIN ; D[8]~reg0  ; clk      ;
; N/A   ; None         ; 3.518 ns   ; PULSEIN ; D[9]~reg0  ; clk      ;
; N/A   ; None         ; 2.811 ns   ; PULSEIN ; mode1[0]   ; clk      ;
; N/A   ; None         ; 2.811 ns   ; PULSEIN ; mode1[1]   ; clk      ;
; N/A   ; None         ; 2.523 ns   ; MODE[1] ; mode1[1]   ; clk      ;
; N/A   ; None         ; 2.416 ns   ; MODE[0] ; mode1[1]   ; clk      ;
; N/A   ; None         ; 2.413 ns   ; MODE[1] ; mode1[0]   ; clk      ;
; N/A   ; None         ; 1.864 ns   ; PULSEIN ; prePul     ; clk      ;
+-------+--------------+------------+---------+------------+----------+


+---------------------------------------------------------------------+
; tco                                                                 ;
+-------+--------------+------------+------------+-------+------------+
; Slack ; Required tco ; Actual tco ; From       ; To    ; From Clock ;
+-------+--------------+------------+------------+-------+------------+
; N/A   ; None         ; 10.178 ns  ; D[15]~reg0 ; D[15] ; clk        ;
; N/A   ; None         ; 10.144 ns  ; D[13]~reg0 ; D[13] ; clk        ;
; N/A   ; None         ; 9.777 ns   ; D[6]~reg0  ; D[6]  ; clk        ;
; N/A   ; None         ; 9.649 ns   ; D[7]~reg0  ; D[7]  ; clk        ;
; N/A   ; None         ; 9.640 ns   ; D[5]~reg0  ; D[5]  ; clk        ;
; N/A   ; None         ; 9.614 ns   ; D[0]~reg0  ; D[0]  ; clk        ;
; N/A   ; None         ; 9.596 ns   ; D[2]~reg0  ; D[2]  ; clk        ;
; N/A   ; None         ; 9.552 ns   ; D[1]~reg0  ; D[1]  ; clk        ;
; N/A   ; None         ; 9.150 ns   ; D[4]~reg0  ; D[4]  ; clk        ;
; N/A   ; None         ; 9.092 ns   ; D[8]~reg0  ; D[8]  ; clk        ;
; N/A   ; None         ; 8.942 ns   ; D[11]~reg0 ; D[11] ; clk        ;
; N/A   ; None         ; 8.927 ns   ; D[14]~reg0 ; D[14] ; clk        ;
; N/A   ; None         ; 8.404 ns   ; D[9]~reg0  ; D[9]  ; clk        ;
; N/A   ; None         ; 8.399 ns   ; D[12]~reg0 ; D[12] ; clk        ;
; N/A   ; None         ; 8.322 ns   ; D[3]~reg0  ; D[3]  ; clk        ;
; N/A   ; None         ; 8.321 ns   ; D[10]~reg0 ; D[10] ; clk        ;
+-------+--------------+------------+------------+-------+------------+


+---------------------------------------------------------------------------+
; th                                                                        ;
+---------------+-------------+-----------+---------+------------+----------+
; Minimum Slack ; Required th ; Actual th ; From    ; To         ; To Clock ;
+---------------+-------------+-----------+---------+------------+----------+
; N/A           ; None        ; -1.310 ns ; PULSEIN ; prePul     ; clk      ;
; N/A           ; None        ; -1.859 ns ; MODE[1] ; mode1[0]   ; clk      ;
; N/A           ; None        ; -1.862 ns ; MODE[0] ; mode1[1]   ; clk      ;
; N/A           ; None        ; -1.969 ns ; MODE[1] ; mode1[1]   ; clk      ;
; N/A           ; None        ; -2.257 ns ; PULSEIN ; mode1[0]   ; clk      ;
; N/A           ; None        ; -2.257 ns ; PULSEIN ; mode1[1]   ; clk      ;
; N/A           ; None        ; -2.964 ns ; PULSEIN ; D[0]~reg0  ; clk      ;
; N/A           ; None        ; -2.964 ns ; PULSEIN ; D[2]~reg0  ; clk      ;
; N/A           ; None        ; -2.964 ns ; PULSEIN ; D[4]~reg0  ; clk      ;
; N/A           ; None        ; -2.964 ns ; PULSEIN ; D[5]~reg0  ; clk      ;
; N/A           ; None        ; -2.964 ns ; PULSEIN ; D[6]~reg0  ; clk      ;
; N/A           ; None        ; -2.964 ns ; PULSEIN ; D[7]~reg0  ; clk      ;
; N/A           ; None        ; -2.964 ns ; PULSEIN ; D[8]~reg0  ; clk      ;
; N/A           ; None        ; -2.964 ns ; PULSEIN ; D[9]~reg0  ; clk      ;
; N/A           ; None        ; -3.321 ns ; MODE[1] ; D[0]~reg0  ; clk      ;
; N/A           ; None        ; -3.321 ns ; MODE[1] ; D[2]~reg0  ; clk      ;
; N/A           ; None        ; -3.321 ns ; MODE[1] ; D[4]~reg0  ; clk      ;
; N/A           ; None        ; -3.321 ns ; MODE[1] ; D[5]~reg0  ; clk      ;
; N/A           ; None        ; -3.321 ns ; MODE[1] ; D[6]~reg0  ; clk      ;
; N/A           ; None        ; -3.321 ns ; MODE[1] ; D[7]~reg0  ; clk      ;
; N/A           ; None        ; -3.321 ns ; MODE[1] ; D[8]~reg0  ; clk      ;
; N/A           ; None        ; -3.321 ns ; MODE[1] ; D[9]~reg0  ; clk      ;
; N/A           ; None        ; -3.595 ns ; MODE[0] ; D[0]~reg0  ; clk      ;
; N/A           ; None        ; -3.595 ns ; MODE[0] ; D[2]~reg0  ; clk      ;
; N/A           ; None        ; -3.595 ns ; MODE[0] ; D[4]~reg0  ; clk      ;
; N/A           ; None        ; -3.595 ns ; MODE[0] ; D[5]~reg0  ; clk      ;
; N/A           ; None        ; -3.595 ns ; MODE[0] ; D[6]~reg0  ; clk      ;
; N/A           ; None        ; -3.595 ns ; MODE[0] ; D[7]~reg0  ; clk      ;
; N/A           ; None        ; -3.595 ns ; MODE[0] ; D[8]~reg0  ; clk      ;
; N/A           ; None        ; -3.595 ns ; MODE[0] ; D[9]~reg0  ; clk      ;
; N/A           ; None        ; -4.125 ns ; PULSEIN ; D[1]~reg0  ; clk      ;
; N/A           ; None        ; -4.125 ns ; PULSEIN ; D[3]~reg0  ; clk      ;
; N/A           ; None        ; -4.126 ns ; PULSEIN ; D[12]~reg0 ; clk      ;
; N/A           ; None        ; -4.126 ns ; PULSEIN ; D[13]~reg0 ; clk      ;
; N/A           ; None        ; -4.482 ns ; MODE[1] ; D[1]~reg0  ; clk      ;
; N/A           ; None        ; -4.482 ns ; MODE[1] ; D[3]~reg0  ; clk      ;
; N/A           ; None        ; -4.483 ns ; MODE[1] ; D[12]~reg0 ; clk      ;
; N/A           ; None        ; -4.483 ns ; MODE[1] ; D[13]~reg0 ; clk      ;
; N/A           ; None        ; -4.756 ns ; MODE[0] ; D[1]~reg0  ; clk      ;
; N/A           ; None        ; -4.756 ns ; MODE[0] ; D[3]~reg0  ; clk      ;
; N/A           ; None        ; -4.757 ns ; MODE[0] ; D[12]~reg0 ; clk      ;
; N/A           ; None        ; -4.757 ns ; MODE[0] ; D[13]~reg0 ; clk      ;
; N/A           ; None        ; -4.790 ns ; PULSEIN ; count[0]   ; clk      ;
; N/A           ; None        ; -4.790 ns ; PULSEIN ; count[1]   ; clk      ;
; N/A           ; None        ; -4.790 ns ; PULSEIN ; count[2]   ; clk      ;
; N/A           ; None        ; -4.790 ns ; PULSEIN ; count[3]   ; clk      ;
; N/A           ; None        ; -4.790 ns ; PULSEIN ; count[4]   ; clk      ;
; N/A           ; None        ; -4.790 ns ; PULSEIN ; count[5]   ; clk      ;
; N/A           ; None        ; -4.790 ns ; PULSEIN ; count[6]   ; clk      ;
; N/A           ; None        ; -4.790 ns ; PULSEIN ; count[7]   ; clk      ;
; N/A           ; None        ; -4.791 ns ; PULSEIN ; count[8]   ; clk      ;
; N/A           ; None        ; -4.791 ns ; PULSEIN ; count[9]   ; clk      ;
; N/A           ; None        ; -4.791 ns ; PULSEIN ; count[10]  ; clk      ;
; N/A           ; None        ; -4.791 ns ; PULSEIN ; count[11]  ; clk      ;
; N/A           ; None        ; -4.791 ns ; PULSEIN ; count[12]  ; clk      ;
; N/A           ; None        ; -4.791 ns ; PULSEIN ; count[13]  ; clk      ;
; N/A           ; None        ; -4.791 ns ; PULSEIN ; count[14]  ; clk      ;
; N/A           ; None        ; -4.791 ns ; PULSEIN ; count[15]  ; clk      ;
; N/A           ; None        ; -5.147 ns ; MODE[1] ; count[0]   ; clk      ;
; N/A           ; None        ; -5.147 ns ; MODE[1] ; count[1]   ; clk      ;
; N/A           ; None        ; -5.147 ns ; MODE[1] ; count[2]   ; clk      ;
; N/A           ; None        ; -5.147 ns ; MODE[1] ; count[3]   ; clk      ;
; N/A           ; None        ; -5.147 ns ; MODE[1] ; count[4]   ; clk      ;
; N/A           ; None        ; -5.147 ns ; MODE[1] ; count[5]   ; clk      ;
; N/A           ; None        ; -5.147 ns ; MODE[1] ; count[6]   ; clk      ;
; N/A           ; None        ; -5.147 ns ; MODE[1] ; count[7]   ; clk      ;
; N/A           ; None        ; -5.148 ns ; MODE[1] ; count[8]   ; clk      ;
; N/A           ; None        ; -5.148 ns ; MODE[1] ; count[9]   ; clk      ;
; N/A           ; None        ; -5.148 ns ; MODE[1] ; count[10]  ; clk      ;
; N/A           ; None        ; -5.148 ns ; MODE[1] ; count[11]  ; clk      ;
; N/A           ; None        ; -5.148 ns ; MODE[1] ; count[12]  ; clk      ;
; N/A           ; None        ; -5.148 ns ; MODE[1] ; count[13]  ; clk      ;
; N/A           ; None        ; -5.148 ns ; MODE[1] ; count[14]  ; clk      ;
; N/A           ; None        ; -5.148 ns ; MODE[1] ; count[15]  ; clk      ;
; N/A           ; None        ; -5.380 ns ; PULSEIN ; D[10]~reg0 ; clk      ;
; N/A           ; None        ; -5.380 ns ; PULSEIN ; D[11]~reg0 ; clk      ;
; N/A           ; None        ; -5.380 ns ; PULSEIN ; D[14]~reg0 ; clk      ;
; N/A           ; None        ; -5.380 ns ; PULSEIN ; D[15]~reg0 ; clk      ;
; N/A           ; None        ; -5.421 ns ; MODE[0] ; count[0]   ; clk      ;
; N/A           ; None        ; -5.421 ns ; MODE[0] ; count[1]   ; clk      ;
; N/A           ; None        ; -5.421 ns ; MODE[0] ; count[2]   ; clk      ;
; N/A           ; None        ; -5.421 ns ; MODE[0] ; count[3]   ; clk      ;
; N/A           ; None        ; -5.421 ns ; MODE[0] ; count[4]   ; clk      ;
; N/A           ; None        ; -5.421 ns ; MODE[0] ; count[5]   ; clk      ;
; N/A           ; None        ; -5.421 ns ; MODE[0] ; count[6]   ; clk      ;
; N/A           ; None        ; -5.421 ns ; MODE[0] ; count[7]   ; clk      ;
; N/A           ; None        ; -5.422 ns ; MODE[0] ; count[8]   ; clk      ;
; N/A           ; None        ; -5.422 ns ; MODE[0] ; count[9]   ; clk      ;
; N/A           ; None        ; -5.422 ns ; MODE[0] ; count[10]  ; clk      ;
; N/A           ; None        ; -5.422 ns ; MODE[0] ; count[11]  ; clk      ;
; N/A           ; None        ; -5.422 ns ; MODE[0] ; count[12]  ; clk      ;
; N/A           ; None        ; -5.422 ns ; MODE[0] ; count[13]  ; clk      ;
; N/A           ; None        ; -5.422 ns ; MODE[0] ; count[14]  ; clk      ;
; N/A           ; None        ; -5.422 ns ; MODE[0] ; count[15]  ; clk      ;
; N/A           ; None        ; -5.737 ns ; MODE[1] ; D[10]~reg0 ; clk      ;
; N/A           ; None        ; -5.737 ns ; MODE[1] ; D[11]~reg0 ; clk      ;
; N/A           ; None        ; -5.737 ns ; MODE[1] ; D[14]~reg0 ; clk      ;
; N/A           ; None        ; -5.737 ns ; MODE[1] ; D[15]~reg0 ; clk      ;
; N/A           ; None        ; -6.011 ns ; MODE[0] ; D[10]~reg0 ; clk      ;
; N/A           ; None        ; -6.011 ns ; MODE[0] ; D[11]~reg0 ; clk      ;
; N/A           ; None        ; -6.011 ns ; MODE[0] ; D[14]~reg0 ; clk      ;
; N/A           ; None        ; -6.011 ns ; MODE[0] ; D[15]~reg0 ; clk      ;
+---------------+-------------+-----------+---------+------------+----------+


+--------------------------+
; Timing Analyzer Messages ;
+--------------------------+
Info: *******************************************************************
Info: Running Quartus II Classic Timing Analyzer
    Info: Version 9.1 Build 350 03/24/2010 Service Pack 2 SJ Web Edition
    Info: Processing started: Thu May 14 10:13:36 2020
Info: Command: quartus_tan --read_settings_files=off --write_settings_files=off HK1_1718 -c HK1_1718
Info: Started post-fitting delay annotation
Info: Delay annotation completed successfully
Warning: Found pins functioning as undefined clocks and/or memory enables
    Info: Assuming node "clk" is an undefined clock
Info: Clock "clk" has Internal fmax of 125.91 MHz between source register "mode1[0]" and destination register "D[10]~reg0" (period= 7.942 ns)
    Info: + Longest register to register delay is 7.233 ns
        Info: 1: + IC(0.000 ns) + CELL(0.000 ns) = 0.000 ns; Loc. = LC_X1_Y4_N4; Fanout = 3; REG Node = 'mode1[0]'
        Info: 2: + IC(1.897 ns) + CELL(0.511 ns) = 2.408 ns; Loc. = LC_X5_Y4_N7; Fanout = 1; COMB Node = 'LessThan0~0'
        Info: 3: + IC(0.305 ns) + CELL(0.200 ns) = 2.913 ns; Loc. = LC_X5_Y4_N8; Fanout = 32; COMB Node = 'D[0]~0'
        Info: 4: + IC(3.077 ns) + CELL(1.243 ns) = 7.233 ns; Loc. = LC_X10_Y5_N6; Fanout = 1; REG Node = 'D[10]~reg0'
        Info: Total cell delay = 1.954 ns ( 27.02 % )
        Info: Total interconnect delay = 5.279 ns ( 72.98 % )
    Info: - Smallest clock skew is 0.000 ns
        Info: + Shortest clock path from clock "clk" to destination register is 3.681 ns
            Info: 1: + IC(0.000 ns) + CELL(1.163 ns) = 1.163 ns; Loc. = PIN_18; Fanout = 35; CLK Node = 'clk'
            Info: 2: + IC(1.600 ns) + CELL(0.918 ns) = 3.681 ns; Loc. = LC_X10_Y5_N6; Fanout = 1; REG Node = 'D[10]~reg0'
            Info: Total cell delay = 2.081 ns ( 56.53 % )
            Info: Total interconnect delay = 1.600 ns ( 43.47 % )
        Info: - Longest clock path from clock "clk" to source register is 3.681 ns
            Info: 1: + IC(0.000 ns) + CELL(1.163 ns) = 1.163 ns; Loc. = PIN_18; Fanout = 35; CLK Node = 'clk'
            Info: 2: + IC(1.600 ns) + CELL(0.918 ns) = 3.681 ns; Loc. = LC_X1_Y4_N4; Fanout = 3; REG Node = 'mode1[0]'
            Info: Total cell delay = 2.081 ns ( 56.53 % )
            Info: Total interconnect delay = 1.600 ns ( 43.47 % )
    Info: + Micro clock to output delay of source is 0.376 ns
    Info: + Micro setup delay of destination is 0.333 ns
Info: tsu for register "D[10]~reg0" (data pin = "MODE[0]", clock pin = "clk") is 6.565 ns
    Info: + Longest pin to register delay is 9.913 ns
        Info: 1: + IC(0.000 ns) + CELL(1.132 ns) = 1.132 ns; Loc. = PIN_29; Fanout = 2; PIN Node = 'MODE[0]'
        Info: 2: + IC(3.042 ns) + CELL(0.914 ns) = 5.088 ns; Loc. = LC_X5_Y4_N7; Fanout = 1; COMB Node = 'LessThan0~0'
        Info: 3: + IC(0.305 ns) + CELL(0.200 ns) = 5.593 ns; Loc. = LC_X5_Y4_N8; Fanout = 32; COMB Node = 'D[0]~0'
        Info: 4: + IC(3.077 ns) + CELL(1.243 ns) = 9.913 ns; Loc. = LC_X10_Y5_N6; Fanout = 1; REG Node = 'D[10]~reg0'
        Info: Total cell delay = 3.489 ns ( 35.20 % )
        Info: Total interconnect delay = 6.424 ns ( 64.80 % )
    Info: + Micro setup delay of destination is 0.333 ns
    Info: - Shortest clock path from clock "clk" to destination register is 3.681 ns
        Info: 1: + IC(0.000 ns) + CELL(1.163 ns) = 1.163 ns; Loc. = PIN_18; Fanout = 35; CLK Node = 'clk'
        Info: 2: + IC(1.600 ns) + CELL(0.918 ns) = 3.681 ns; Loc. = LC_X10_Y5_N6; Fanout = 1; REG Node = 'D[10]~reg0'
        Info: Total cell delay = 2.081 ns ( 56.53 % )
        Info: Total interconnect delay = 1.600 ns ( 43.47 % )
Info: tco from clock "clk" to destination pin "D[15]" through register "D[15]~reg0" is 10.178 ns
    Info: + Longest clock path from clock "clk" to source register is 3.681 ns
        Info: 1: + IC(0.000 ns) + CELL(1.163 ns) = 1.163 ns; Loc. = PIN_18; Fanout = 35; CLK Node = 'clk'
        Info: 2: + IC(1.600 ns) + CELL(0.918 ns) = 3.681 ns; Loc. = LC_X10_Y5_N5; Fanout = 1; REG Node = 'D[15]~reg0'
        Info: Total cell delay = 2.081 ns ( 56.53 % )
        Info: Total interconnect delay = 1.600 ns ( 43.47 % )
    Info: + Micro clock to output delay of source is 0.376 ns
    Info: + Longest register to pin delay is 6.121 ns
        Info: 1: + IC(0.000 ns) + CELL(0.000 ns) = 0.000 ns; Loc. = LC_X10_Y5_N5; Fanout = 1; REG Node = 'D[15]~reg0'
        Info: 2: + IC(3.799 ns) + CELL(2.322 ns) = 6.121 ns; Loc. = PIN_8; Fanout = 0; PIN Node = 'D[15]'
        Info: Total cell delay = 2.322 ns ( 37.93 % )
        Info: Total interconnect delay = 3.799 ns ( 62.07 % )
Info: th for register "prePul" (data pin = "PULSEIN", clock pin = "clk") is -1.310 ns
    Info: + Longest clock path from clock "clk" to destination register is 3.681 ns
        Info: 1: + IC(0.000 ns) + CELL(1.163 ns) = 1.163 ns; Loc. = PIN_18; Fanout = 35; CLK Node = 'clk'
        Info: 2: + IC(1.600 ns) + CELL(0.918 ns) = 3.681 ns; Loc. = LC_X5_Y4_N8; Fanout = 2; REG Node = 'prePul'
        Info: Total cell delay = 2.081 ns ( 56.53 % )
        Info: Total interconnect delay = 1.600 ns ( 43.47 % )
    Info: + Micro hold delay of destination is 0.221 ns
    Info: - Shortest pin to register delay is 5.212 ns
        Info: 1: + IC(0.000 ns) + CELL(1.163 ns) = 1.163 ns; Loc. = PIN_20; Fanout = 3; PIN Node = 'PULSEIN'
        Info: 2: + IC(3.769 ns) + CELL(0.280 ns) = 5.212 ns; Loc. = LC_X5_Y4_N8; Fanout = 2; REG Node = 'prePul'
        Info: Total cell delay = 1.443 ns ( 27.69 % )
        Info: Total interconnect delay = 3.769 ns ( 72.31 % )
Info: Quartus II Classic Timing Analyzer was successful. 0 errors, 1 warning
    Info: Peak virtual memory: 191 megabytes
    Info: Processing ended: Thu May 14 10:13:37 2020
    Info: Elapsed time: 00:00:01
    Info: Total CPU time (on all processors): 00:00:01


