Classic Timing Analyzer report for HK2_1718
Thu May 14 23:34:01 2020
Quartus II Version 9.1 Build 350 03/24/2010 Service Pack 2 SJ Web Edition


---------------------
; Table of Contents ;
---------------------
  1. Legal Notice
  2. Timing Analyzer Summary
  3. Timing Analyzer Settings
  4. Clock Settings Summary
  5. Parallel Compilation
  6. Clock Setup: 'clk'
  7. tsu
  8. tco
  9. th
 10. Timing Analyzer Messages



----------------
; Legal Notice ;
----------------
Copyright (C) 1991-2010 Altera Corporation
Your use of Altera Corporation's design tools, logic functions 
and other software and tools, and its AMPP partner logic 
functions, and any output files from any of the foregoing 
(including device programming or simulation files), and any 
associated documentation or information are expressly subject 
to the terms and conditions of the Altera Program License 
Subscription Agreement, Altera MegaCore Function License 
Agreement, or other applicable license agreement, including, 
without limitation, that your use is for the sole purpose of 
programming logic devices manufactured by Altera and sold by 
Altera or its authorized distributors.  Please refer to the 
applicable agreement for further details.



+----------------------------------------------------------------------------------------------------------------------------------------------------------+
; Timing Analyzer Summary                                                                                                                                  ;
+------------------------------+-------+---------------+----------------------------------+-----------+-------------+------------+----------+--------------+
; Type                         ; Slack ; Required Time ; Actual Time                      ; From      ; To          ; From Clock ; To Clock ; Failed Paths ;
+------------------------------+-------+---------------+----------------------------------+-----------+-------------+------------+----------+--------------+
; Worst-case tsu               ; N/A   ; None          ; 6.306 ns                         ; PulseIn   ; demxung[12] ; --         ; clk      ; 0            ;
; Worst-case tco               ; N/A   ; None          ; 10.273 ns                        ; D[2]~reg0 ; D[2]        ; clk        ; --       ; 0            ;
; Worst-case th                ; N/A   ; None          ; -1.405 ns                        ; PulseIn   ; prePul      ; --         ; clk      ; 0            ;
; Clock Setup: 'clk'           ; N/A   ; None          ; 85.59 MHz ( period = 11.683 ns ) ; count[4]  ; D[15]~reg0  ; clk        ; clk      ; 0            ;
; Total number of failed paths ;       ;               ;                                  ;           ;             ;            ;          ; 0            ;
+------------------------------+-------+---------------+----------------------------------+-----------+-------------+------------+----------+--------------+


+-----------------------------------------------------------------------------------------------------------------------------------------------------+
; Timing Analyzer Settings                                                                                                                            ;
+------------------------------------------------------------------------------------------------------+--------------------+------+----+-------------+
; Option                                                                                               ; Setting            ; From ; To ; Entity Name ;
+------------------------------------------------------------------------------------------------------+--------------------+------+----+-------------+
; Device Name                                                                                          ; EPM570T144A5       ;      ;    ;             ;
; Timing Models                                                                                        ; Final              ;      ;    ;             ;
; Default hold multicycle                                                                              ; Same as Multicycle ;      ;    ;             ;
; Cut paths between unrelated clock domains                                                            ; On                 ;      ;    ;             ;
; Cut off read during write signal paths                                                               ; On                 ;      ;    ;             ;
; Cut off feedback from I/O pins                                                                       ; On                 ;      ;    ;             ;
; Report Combined Fast/Slow Timing                                                                     ; Off                ;      ;    ;             ;
; Ignore Clock Settings                                                                                ; Off                ;      ;    ;             ;
; Analyze latches as synchronous elements                                                              ; On                 ;      ;    ;             ;
; Enable Recovery/Removal analysis                                                                     ; Off                ;      ;    ;             ;
; Enable Clock Latency                                                                                 ; Off                ;      ;    ;             ;
; Use TimeQuest Timing Analyzer                                                                        ; Off                ;      ;    ;             ;
; Minimum Core Junction Temperature                                                                    ; -40                ;      ;    ;             ;
; Maximum Core Junction Temperature                                                                    ; 125                ;      ;    ;             ;
; Number of source nodes to report per destination node                                                ; 10                 ;      ;    ;             ;
; Number of destination nodes to report                                                                ; 10                 ;      ;    ;             ;
; Number of paths to report                                                                            ; 200                ;      ;    ;             ;
; Report Minimum Timing Checks                                                                         ; Off                ;      ;    ;             ;
; Use Fast Timing Models                                                                               ; Off                ;      ;    ;             ;
; Report IO Paths Separately                                                                           ; Off                ;      ;    ;             ;
; Perform Multicorner Analysis                                                                         ; Off                ;      ;    ;             ;
; Reports the worst-case path for each clock domain and analysis                                       ; Off                ;      ;    ;             ;
; Reports worst-case timing paths for each clock domain and analysis                                   ; On                 ;      ;    ;             ;
; Specifies the maximum number of worst-case timing paths to report for each clock domain and analysis ; 100                ;      ;    ;             ;
; Removes common clock path pessimism (CCPP) during slack computation                                  ; Off                ;      ;    ;             ;
; Output I/O Timing Endpoint                                                                           ; Near End           ;      ;    ;             ;
+------------------------------------------------------------------------------------------------------+--------------------+------+----+-------------+


+------------------------------------------------------------------------------------------------------------------------------------------------------------------------------------+
; Clock Settings Summary                                                                                                                                                             ;
+-----------------+--------------------+----------+------------------+---------------+--------------+----------+-----------------------+---------------------+--------+--------------+
; Clock Node Name ; Clock Setting Name ; Type     ; Fmax Requirement ; Early Latency ; Late Latency ; Based on ; Multiply Base Fmax by ; Divide Base Fmax by ; Offset ; Phase offset ;
+-----------------+--------------------+----------+------------------+---------------+--------------+----------+-----------------------+---------------------+--------+--------------+
; clk             ;                    ; User Pin ; None             ; 0.000 ns      ; 0.000 ns     ; --       ; N/A                   ; N/A                 ; N/A    ;              ;
+-----------------+--------------------+----------+------------------+---------------+--------------+----------+-----------------------+---------------------+--------+--------------+


Parallel compilation was disabled, but you have multiple processors available. Enable parallel compilation to reduce compilation time.
+-------------------------------------+
; Parallel Compilation                ;
+----------------------------+--------+
; Processors                 ; Number ;
+----------------------------+--------+
; Number detected on machine ; 4      ;
; Maximum allowed            ; 1      ;
+----------------------------+--------+


+------------------------------------------------------------------------------------------------------------------------------------------------------------------------------------------------------------------------------------+
; Clock Setup: 'clk'                                                                                                                                                                                                                 ;
+-----------------------------------------+-----------------------------------------------------+----------+-------------+------------+----------+-----------------------------+---------------------------+-------------------------+
; Slack                                   ; Actual fmax (period)                                ; From     ; To          ; From Clock ; To Clock ; Required Setup Relationship ; Required Longest P2P Time ; Actual Longest P2P Time ;
+-----------------------------------------+-----------------------------------------------------+----------+-------------+------------+----------+-----------------------------+---------------------------+-------------------------+
; N/A                                     ; 85.59 MHz ( period = 11.683 ns )                    ; count[4] ; D[10]~reg0  ; clk        ; clk      ; None                        ; None                      ; 10.974 ns               ;
; N/A                                     ; 85.59 MHz ( period = 11.683 ns )                    ; count[4] ; D[11]~reg0  ; clk        ; clk      ; None                        ; None                      ; 10.974 ns               ;
; N/A                                     ; 85.59 MHz ( period = 11.683 ns )                    ; count[4] ; D[13]~reg0  ; clk        ; clk      ; None                        ; None                      ; 10.974 ns               ;
; N/A                                     ; 85.59 MHz ( period = 11.683 ns )                    ; count[4] ; D[14]~reg0  ; clk        ; clk      ; None                        ; None                      ; 10.974 ns               ;
; N/A                                     ; 85.59 MHz ( period = 11.683 ns )                    ; count[4] ; D[15]~reg0  ; clk        ; clk      ; None                        ; None                      ; 10.974 ns               ;
; N/A                                     ; 86.07 MHz ( period = 11.618 ns )                    ; count[4] ; demxung[8]  ; clk        ; clk      ; None                        ; None                      ; 10.909 ns               ;
; N/A                                     ; 86.07 MHz ( period = 11.618 ns )                    ; count[4] ; demxung[9]  ; clk        ; clk      ; None                        ; None                      ; 10.909 ns               ;
; N/A                                     ; 86.07 MHz ( period = 11.618 ns )                    ; count[4] ; demxung[10] ; clk        ; clk      ; None                        ; None                      ; 10.909 ns               ;
; N/A                                     ; 86.07 MHz ( period = 11.618 ns )                    ; count[4] ; demxung[11] ; clk        ; clk      ; None                        ; None                      ; 10.909 ns               ;
; N/A                                     ; 86.07 MHz ( period = 11.618 ns )                    ; count[4] ; demxung[12] ; clk        ; clk      ; None                        ; None                      ; 10.909 ns               ;
; N/A                                     ; 86.07 MHz ( period = 11.618 ns )                    ; count[4] ; demxung[13] ; clk        ; clk      ; None                        ; None                      ; 10.909 ns               ;
; N/A                                     ; 86.07 MHz ( period = 11.618 ns )                    ; count[4] ; demxung[14] ; clk        ; clk      ; None                        ; None                      ; 10.909 ns               ;
; N/A                                     ; 86.07 MHz ( period = 11.618 ns )                    ; count[4] ; demxung[15] ; clk        ; clk      ; None                        ; None                      ; 10.909 ns               ;
; N/A                                     ; 86.13 MHz ( period = 11.611 ns )                    ; count[4] ; demxung[0]  ; clk        ; clk      ; None                        ; None                      ; 10.902 ns               ;
; N/A                                     ; 86.13 MHz ( period = 11.611 ns )                    ; count[4] ; demxung[1]  ; clk        ; clk      ; None                        ; None                      ; 10.902 ns               ;
; N/A                                     ; 86.13 MHz ( period = 11.611 ns )                    ; count[4] ; demxung[2]  ; clk        ; clk      ; None                        ; None                      ; 10.902 ns               ;
; N/A                                     ; 86.13 MHz ( period = 11.611 ns )                    ; count[4] ; demxung[3]  ; clk        ; clk      ; None                        ; None                      ; 10.902 ns               ;
; N/A                                     ; 86.13 MHz ( period = 11.611 ns )                    ; count[4] ; demxung[4]  ; clk        ; clk      ; None                        ; None                      ; 10.902 ns               ;
; N/A                                     ; 86.13 MHz ( period = 11.611 ns )                    ; count[4] ; demxung[5]  ; clk        ; clk      ; None                        ; None                      ; 10.902 ns               ;
; N/A                                     ; 86.13 MHz ( period = 11.611 ns )                    ; count[4] ; demxung[6]  ; clk        ; clk      ; None                        ; None                      ; 10.902 ns               ;
; N/A                                     ; 86.13 MHz ( period = 11.611 ns )                    ; count[4] ; demxung[7]  ; clk        ; clk      ; None                        ; None                      ; 10.902 ns               ;
; N/A                                     ; 86.85 MHz ( period = 11.514 ns )                    ; count[7] ; D[10]~reg0  ; clk        ; clk      ; None                        ; None                      ; 10.805 ns               ;
; N/A                                     ; 86.85 MHz ( period = 11.514 ns )                    ; count[7] ; D[11]~reg0  ; clk        ; clk      ; None                        ; None                      ; 10.805 ns               ;
; N/A                                     ; 86.85 MHz ( period = 11.514 ns )                    ; count[7] ; D[13]~reg0  ; clk        ; clk      ; None                        ; None                      ; 10.805 ns               ;
; N/A                                     ; 86.85 MHz ( period = 11.514 ns )                    ; count[7] ; D[14]~reg0  ; clk        ; clk      ; None                        ; None                      ; 10.805 ns               ;
; N/A                                     ; 86.85 MHz ( period = 11.514 ns )                    ; count[7] ; D[15]~reg0  ; clk        ; clk      ; None                        ; None                      ; 10.805 ns               ;
; N/A                                     ; 87.34 MHz ( period = 11.449 ns )                    ; count[7] ; demxung[8]  ; clk        ; clk      ; None                        ; None                      ; 10.740 ns               ;
; N/A                                     ; 87.34 MHz ( period = 11.449 ns )                    ; count[7] ; demxung[9]  ; clk        ; clk      ; None                        ; None                      ; 10.740 ns               ;
; N/A                                     ; 87.34 MHz ( period = 11.449 ns )                    ; count[7] ; demxung[10] ; clk        ; clk      ; None                        ; None                      ; 10.740 ns               ;
; N/A                                     ; 87.34 MHz ( period = 11.449 ns )                    ; count[7] ; demxung[11] ; clk        ; clk      ; None                        ; None                      ; 10.740 ns               ;
; N/A                                     ; 87.34 MHz ( period = 11.449 ns )                    ; count[7] ; demxung[12] ; clk        ; clk      ; None                        ; None                      ; 10.740 ns               ;
; N/A                                     ; 87.34 MHz ( period = 11.449 ns )                    ; count[7] ; demxung[13] ; clk        ; clk      ; None                        ; None                      ; 10.740 ns               ;
; N/A                                     ; 87.34 MHz ( period = 11.449 ns )                    ; count[7] ; demxung[14] ; clk        ; clk      ; None                        ; None                      ; 10.740 ns               ;
; N/A                                     ; 87.34 MHz ( period = 11.449 ns )                    ; count[7] ; demxung[15] ; clk        ; clk      ; None                        ; None                      ; 10.740 ns               ;
; N/A                                     ; 87.40 MHz ( period = 11.442 ns )                    ; count[7] ; demxung[0]  ; clk        ; clk      ; None                        ; None                      ; 10.733 ns               ;
; N/A                                     ; 87.40 MHz ( period = 11.442 ns )                    ; count[7] ; demxung[1]  ; clk        ; clk      ; None                        ; None                      ; 10.733 ns               ;
; N/A                                     ; 87.40 MHz ( period = 11.442 ns )                    ; count[7] ; demxung[2]  ; clk        ; clk      ; None                        ; None                      ; 10.733 ns               ;
; N/A                                     ; 87.40 MHz ( period = 11.442 ns )                    ; count[7] ; demxung[3]  ; clk        ; clk      ; None                        ; None                      ; 10.733 ns               ;
; N/A                                     ; 87.40 MHz ( period = 11.442 ns )                    ; count[7] ; demxung[4]  ; clk        ; clk      ; None                        ; None                      ; 10.733 ns               ;
; N/A                                     ; 87.40 MHz ( period = 11.442 ns )                    ; count[7] ; demxung[5]  ; clk        ; clk      ; None                        ; None                      ; 10.733 ns               ;
; N/A                                     ; 87.40 MHz ( period = 11.442 ns )                    ; count[7] ; demxung[6]  ; clk        ; clk      ; None                        ; None                      ; 10.733 ns               ;
; N/A                                     ; 87.40 MHz ( period = 11.442 ns )                    ; count[7] ; demxung[7]  ; clk        ; clk      ; None                        ; None                      ; 10.733 ns               ;
; N/A                                     ; 88.30 MHz ( period = 11.325 ns )                    ; count[5] ; D[10]~reg0  ; clk        ; clk      ; None                        ; None                      ; 10.616 ns               ;
; N/A                                     ; 88.30 MHz ( period = 11.325 ns )                    ; count[5] ; D[11]~reg0  ; clk        ; clk      ; None                        ; None                      ; 10.616 ns               ;
; N/A                                     ; 88.30 MHz ( period = 11.325 ns )                    ; count[5] ; D[13]~reg0  ; clk        ; clk      ; None                        ; None                      ; 10.616 ns               ;
; N/A                                     ; 88.30 MHz ( period = 11.325 ns )                    ; count[5] ; D[14]~reg0  ; clk        ; clk      ; None                        ; None                      ; 10.616 ns               ;
; N/A                                     ; 88.30 MHz ( period = 11.325 ns )                    ; count[5] ; D[15]~reg0  ; clk        ; clk      ; None                        ; None                      ; 10.616 ns               ;
; N/A                                     ; 88.44 MHz ( period = 11.307 ns )                    ; count[2] ; D[10]~reg0  ; clk        ; clk      ; None                        ; None                      ; 10.598 ns               ;
; N/A                                     ; 88.44 MHz ( period = 11.307 ns )                    ; count[2] ; D[11]~reg0  ; clk        ; clk      ; None                        ; None                      ; 10.598 ns               ;
; N/A                                     ; 88.44 MHz ( period = 11.307 ns )                    ; count[2] ; D[13]~reg0  ; clk        ; clk      ; None                        ; None                      ; 10.598 ns               ;
; N/A                                     ; 88.44 MHz ( period = 11.307 ns )                    ; count[2] ; D[14]~reg0  ; clk        ; clk      ; None                        ; None                      ; 10.598 ns               ;
; N/A                                     ; 88.44 MHz ( period = 11.307 ns )                    ; count[2] ; D[15]~reg0  ; clk        ; clk      ; None                        ; None                      ; 10.598 ns               ;
; N/A                                     ; 88.67 MHz ( period = 11.278 ns )                    ; count[4] ; count2[7]   ; clk        ; clk      ; None                        ; None                      ; 10.569 ns               ;
; N/A                                     ; 88.67 MHz ( period = 11.278 ns )                    ; count[4] ; count2[0]   ; clk        ; clk      ; None                        ; None                      ; 10.569 ns               ;
; N/A                                     ; 88.67 MHz ( period = 11.278 ns )                    ; count[4] ; count2[1]   ; clk        ; clk      ; None                        ; None                      ; 10.569 ns               ;
; N/A                                     ; 88.67 MHz ( period = 11.278 ns )                    ; count[4] ; count2[5]   ; clk        ; clk      ; None                        ; None                      ; 10.569 ns               ;
; N/A                                     ; 88.67 MHz ( period = 11.278 ns )                    ; count[4] ; count2[6]   ; clk        ; clk      ; None                        ; None                      ; 10.569 ns               ;
; N/A                                     ; 88.67 MHz ( period = 11.278 ns )                    ; count[4] ; count2[4]   ; clk        ; clk      ; None                        ; None                      ; 10.569 ns               ;
; N/A                                     ; 88.67 MHz ( period = 11.278 ns )                    ; count[4] ; count2[2]   ; clk        ; clk      ; None                        ; None                      ; 10.569 ns               ;
; N/A                                     ; 88.67 MHz ( period = 11.278 ns )                    ; count[4] ; count2[3]   ; clk        ; clk      ; None                        ; None                      ; 10.569 ns               ;
; N/A                                     ; 88.73 MHz ( period = 11.270 ns )                    ; count[4] ; count[14]   ; clk        ; clk      ; None                        ; None                      ; 10.561 ns               ;
; N/A                                     ; 88.73 MHz ( period = 11.270 ns )                    ; count[4] ; count[13]   ; clk        ; clk      ; None                        ; None                      ; 10.561 ns               ;
; N/A                                     ; 88.73 MHz ( period = 11.270 ns )                    ; count[4] ; count[15]   ; clk        ; clk      ; None                        ; None                      ; 10.561 ns               ;
; N/A                                     ; 88.73 MHz ( period = 11.270 ns )                    ; count[4] ; count[12]   ; clk        ; clk      ; None                        ; None                      ; 10.561 ns               ;
; N/A                                     ; 88.73 MHz ( period = 11.270 ns )                    ; count[4] ; count[11]   ; clk        ; clk      ; None                        ; None                      ; 10.561 ns               ;
; N/A                                     ; 88.73 MHz ( period = 11.270 ns )                    ; count[4] ; count[10]   ; clk        ; clk      ; None                        ; None                      ; 10.561 ns               ;
; N/A                                     ; 88.73 MHz ( period = 11.270 ns )                    ; count[4] ; count[9]    ; clk        ; clk      ; None                        ; None                      ; 10.561 ns               ;
; N/A                                     ; 88.73 MHz ( period = 11.270 ns )                    ; count[4] ; count[8]    ; clk        ; clk      ; None                        ; None                      ; 10.561 ns               ;
; N/A                                     ; 88.79 MHz ( period = 11.262 ns )                    ; count[4] ; count[7]    ; clk        ; clk      ; None                        ; None                      ; 10.553 ns               ;
; N/A                                     ; 88.79 MHz ( period = 11.262 ns )                    ; count[4] ; count[0]    ; clk        ; clk      ; None                        ; None                      ; 10.553 ns               ;
; N/A                                     ; 88.79 MHz ( period = 11.262 ns )                    ; count[4] ; count[1]    ; clk        ; clk      ; None                        ; None                      ; 10.553 ns               ;
; N/A                                     ; 88.79 MHz ( period = 11.262 ns )                    ; count[4] ; count[2]    ; clk        ; clk      ; None                        ; None                      ; 10.553 ns               ;
; N/A                                     ; 88.79 MHz ( period = 11.262 ns )                    ; count[4] ; count[3]    ; clk        ; clk      ; None                        ; None                      ; 10.553 ns               ;
; N/A                                     ; 88.79 MHz ( period = 11.262 ns )                    ; count[4] ; count[4]    ; clk        ; clk      ; None                        ; None                      ; 10.553 ns               ;
; N/A                                     ; 88.79 MHz ( period = 11.262 ns )                    ; count[4] ; count[5]    ; clk        ; clk      ; None                        ; None                      ; 10.553 ns               ;
; N/A                                     ; 88.79 MHz ( period = 11.262 ns )                    ; count[4] ; count[6]    ; clk        ; clk      ; None                        ; None                      ; 10.553 ns               ;
; N/A                                     ; 88.81 MHz ( period = 11.260 ns )                    ; count[5] ; demxung[8]  ; clk        ; clk      ; None                        ; None                      ; 10.551 ns               ;
; N/A                                     ; 88.81 MHz ( period = 11.260 ns )                    ; count[5] ; demxung[9]  ; clk        ; clk      ; None                        ; None                      ; 10.551 ns               ;
; N/A                                     ; 88.81 MHz ( period = 11.260 ns )                    ; count[5] ; demxung[10] ; clk        ; clk      ; None                        ; None                      ; 10.551 ns               ;
; N/A                                     ; 88.81 MHz ( period = 11.260 ns )                    ; count[5] ; demxung[11] ; clk        ; clk      ; None                        ; None                      ; 10.551 ns               ;
; N/A                                     ; 88.81 MHz ( period = 11.260 ns )                    ; count[5] ; demxung[12] ; clk        ; clk      ; None                        ; None                      ; 10.551 ns               ;
; N/A                                     ; 88.81 MHz ( period = 11.260 ns )                    ; count[5] ; demxung[13] ; clk        ; clk      ; None                        ; None                      ; 10.551 ns               ;
; N/A                                     ; 88.81 MHz ( period = 11.260 ns )                    ; count[5] ; demxung[14] ; clk        ; clk      ; None                        ; None                      ; 10.551 ns               ;
; N/A                                     ; 88.81 MHz ( period = 11.260 ns )                    ; count[5] ; demxung[15] ; clk        ; clk      ; None                        ; None                      ; 10.551 ns               ;
; N/A                                     ; 88.87 MHz ( period = 11.253 ns )                    ; count[5] ; demxung[0]  ; clk        ; clk      ; None                        ; None                      ; 10.544 ns               ;
; N/A                                     ; 88.87 MHz ( period = 11.253 ns )                    ; count[5] ; demxung[1]  ; clk        ; clk      ; None                        ; None                      ; 10.544 ns               ;
; N/A                                     ; 88.87 MHz ( period = 11.253 ns )                    ; count[5] ; demxung[2]  ; clk        ; clk      ; None                        ; None                      ; 10.544 ns               ;
; N/A                                     ; 88.87 MHz ( period = 11.253 ns )                    ; count[5] ; demxung[3]  ; clk        ; clk      ; None                        ; None                      ; 10.544 ns               ;
; N/A                                     ; 88.87 MHz ( period = 11.253 ns )                    ; count[5] ; demxung[4]  ; clk        ; clk      ; None                        ; None                      ; 10.544 ns               ;
; N/A                                     ; 88.87 MHz ( period = 11.253 ns )                    ; count[5] ; demxung[5]  ; clk        ; clk      ; None                        ; None                      ; 10.544 ns               ;
; N/A                                     ; 88.87 MHz ( period = 11.253 ns )                    ; count[5] ; demxung[6]  ; clk        ; clk      ; None                        ; None                      ; 10.544 ns               ;
; N/A                                     ; 88.87 MHz ( period = 11.253 ns )                    ; count[5] ; demxung[7]  ; clk        ; clk      ; None                        ; None                      ; 10.544 ns               ;
; N/A                                     ; 88.95 MHz ( period = 11.242 ns )                    ; count[2] ; demxung[8]  ; clk        ; clk      ; None                        ; None                      ; 10.533 ns               ;
; N/A                                     ; 88.95 MHz ( period = 11.242 ns )                    ; count[2] ; demxung[9]  ; clk        ; clk      ; None                        ; None                      ; 10.533 ns               ;
; N/A                                     ; 88.95 MHz ( period = 11.242 ns )                    ; count[2] ; demxung[10] ; clk        ; clk      ; None                        ; None                      ; 10.533 ns               ;
; N/A                                     ; 88.95 MHz ( period = 11.242 ns )                    ; count[2] ; demxung[11] ; clk        ; clk      ; None                        ; None                      ; 10.533 ns               ;
; N/A                                     ; 88.95 MHz ( period = 11.242 ns )                    ; count[2] ; demxung[12] ; clk        ; clk      ; None                        ; None                      ; 10.533 ns               ;
; N/A                                     ; 88.95 MHz ( period = 11.242 ns )                    ; count[2] ; demxung[13] ; clk        ; clk      ; None                        ; None                      ; 10.533 ns               ;
; N/A                                     ; 88.95 MHz ( period = 11.242 ns )                    ; count[2] ; demxung[14] ; clk        ; clk      ; None                        ; None                      ; 10.533 ns               ;
; N/A                                     ; 88.95 MHz ( period = 11.242 ns )                    ; count[2] ; demxung[15] ; clk        ; clk      ; None                        ; None                      ; 10.533 ns               ;
; N/A                                     ; 89.01 MHz ( period = 11.235 ns )                    ; count[2] ; demxung[0]  ; clk        ; clk      ; None                        ; None                      ; 10.526 ns               ;
; N/A                                     ; 89.01 MHz ( period = 11.235 ns )                    ; count[2] ; demxung[1]  ; clk        ; clk      ; None                        ; None                      ; 10.526 ns               ;
; N/A                                     ; 89.01 MHz ( period = 11.235 ns )                    ; count[2] ; demxung[2]  ; clk        ; clk      ; None                        ; None                      ; 10.526 ns               ;
; N/A                                     ; 89.01 MHz ( period = 11.235 ns )                    ; count[2] ; demxung[3]  ; clk        ; clk      ; None                        ; None                      ; 10.526 ns               ;
; N/A                                     ; 89.01 MHz ( period = 11.235 ns )                    ; count[2] ; demxung[4]  ; clk        ; clk      ; None                        ; None                      ; 10.526 ns               ;
; N/A                                     ; 89.01 MHz ( period = 11.235 ns )                    ; count[2] ; demxung[5]  ; clk        ; clk      ; None                        ; None                      ; 10.526 ns               ;
; N/A                                     ; 89.01 MHz ( period = 11.235 ns )                    ; count[2] ; demxung[6]  ; clk        ; clk      ; None                        ; None                      ; 10.526 ns               ;
; N/A                                     ; 89.01 MHz ( period = 11.235 ns )                    ; count[2] ; demxung[7]  ; clk        ; clk      ; None                        ; None                      ; 10.526 ns               ;
; N/A                                     ; 89.77 MHz ( period = 11.139 ns )                    ; count[0] ; D[10]~reg0  ; clk        ; clk      ; None                        ; None                      ; 10.430 ns               ;
; N/A                                     ; 89.77 MHz ( period = 11.139 ns )                    ; count[0] ; D[11]~reg0  ; clk        ; clk      ; None                        ; None                      ; 10.430 ns               ;
; N/A                                     ; 89.77 MHz ( period = 11.139 ns )                    ; count[0] ; D[13]~reg0  ; clk        ; clk      ; None                        ; None                      ; 10.430 ns               ;
; N/A                                     ; 89.77 MHz ( period = 11.139 ns )                    ; count[0] ; D[14]~reg0  ; clk        ; clk      ; None                        ; None                      ; 10.430 ns               ;
; N/A                                     ; 89.77 MHz ( period = 11.139 ns )                    ; count[0] ; D[15]~reg0  ; clk        ; clk      ; None                        ; None                      ; 10.430 ns               ;
; N/A                                     ; 90.02 MHz ( period = 11.109 ns )                    ; count[7] ; count2[7]   ; clk        ; clk      ; None                        ; None                      ; 10.400 ns               ;
; N/A                                     ; 90.02 MHz ( period = 11.109 ns )                    ; count[7] ; count2[0]   ; clk        ; clk      ; None                        ; None                      ; 10.400 ns               ;
; N/A                                     ; 90.02 MHz ( period = 11.109 ns )                    ; count[7] ; count2[1]   ; clk        ; clk      ; None                        ; None                      ; 10.400 ns               ;
; N/A                                     ; 90.02 MHz ( period = 11.109 ns )                    ; count[7] ; count2[5]   ; clk        ; clk      ; None                        ; None                      ; 10.400 ns               ;
; N/A                                     ; 90.02 MHz ( period = 11.109 ns )                    ; count[7] ; count2[6]   ; clk        ; clk      ; None                        ; None                      ; 10.400 ns               ;
; N/A                                     ; 90.02 MHz ( period = 11.109 ns )                    ; count[7] ; count2[4]   ; clk        ; clk      ; None                        ; None                      ; 10.400 ns               ;
; N/A                                     ; 90.02 MHz ( period = 11.109 ns )                    ; count[7] ; count2[2]   ; clk        ; clk      ; None                        ; None                      ; 10.400 ns               ;
; N/A                                     ; 90.02 MHz ( period = 11.109 ns )                    ; count[7] ; count2[3]   ; clk        ; clk      ; None                        ; None                      ; 10.400 ns               ;
; N/A                                     ; 90.08 MHz ( period = 11.101 ns )                    ; count[4] ; D[8]~reg0   ; clk        ; clk      ; None                        ; None                      ; 10.392 ns               ;
; N/A                                     ; 90.08 MHz ( period = 11.101 ns )                    ; count[4] ; D[12]~reg0  ; clk        ; clk      ; None                        ; None                      ; 10.392 ns               ;
; N/A                                     ; 90.08 MHz ( period = 11.101 ns )                    ; count[7] ; count[14]   ; clk        ; clk      ; None                        ; None                      ; 10.392 ns               ;
; N/A                                     ; 90.08 MHz ( period = 11.101 ns )                    ; count[7] ; count[13]   ; clk        ; clk      ; None                        ; None                      ; 10.392 ns               ;
; N/A                                     ; 90.08 MHz ( period = 11.101 ns )                    ; count[7] ; count[15]   ; clk        ; clk      ; None                        ; None                      ; 10.392 ns               ;
; N/A                                     ; 90.08 MHz ( period = 11.101 ns )                    ; count[7] ; count[12]   ; clk        ; clk      ; None                        ; None                      ; 10.392 ns               ;
; N/A                                     ; 90.08 MHz ( period = 11.101 ns )                    ; count[7] ; count[11]   ; clk        ; clk      ; None                        ; None                      ; 10.392 ns               ;
; N/A                                     ; 90.08 MHz ( period = 11.101 ns )                    ; count[7] ; count[10]   ; clk        ; clk      ; None                        ; None                      ; 10.392 ns               ;
; N/A                                     ; 90.08 MHz ( period = 11.101 ns )                    ; count[7] ; count[9]    ; clk        ; clk      ; None                        ; None                      ; 10.392 ns               ;
; N/A                                     ; 90.08 MHz ( period = 11.101 ns )                    ; count[7] ; count[8]    ; clk        ; clk      ; None                        ; None                      ; 10.392 ns               ;
; N/A                                     ; 90.14 MHz ( period = 11.094 ns )                    ; count[4] ; D[1]~reg0   ; clk        ; clk      ; None                        ; None                      ; 10.385 ns               ;
; N/A                                     ; 90.14 MHz ( period = 11.094 ns )                    ; count[4] ; D[7]~reg0   ; clk        ; clk      ; None                        ; None                      ; 10.385 ns               ;
; N/A                                     ; 90.15 MHz ( period = 11.093 ns )                    ; count[7] ; count[7]    ; clk        ; clk      ; None                        ; None                      ; 10.384 ns               ;
; N/A                                     ; 90.15 MHz ( period = 11.093 ns )                    ; count[7] ; count[0]    ; clk        ; clk      ; None                        ; None                      ; 10.384 ns               ;
; N/A                                     ; 90.15 MHz ( period = 11.093 ns )                    ; count[7] ; count[1]    ; clk        ; clk      ; None                        ; None                      ; 10.384 ns               ;
; N/A                                     ; 90.15 MHz ( period = 11.093 ns )                    ; count[7] ; count[2]    ; clk        ; clk      ; None                        ; None                      ; 10.384 ns               ;
; N/A                                     ; 90.15 MHz ( period = 11.093 ns )                    ; count[7] ; count[3]    ; clk        ; clk      ; None                        ; None                      ; 10.384 ns               ;
; N/A                                     ; 90.15 MHz ( period = 11.093 ns )                    ; count[7] ; count[4]    ; clk        ; clk      ; None                        ; None                      ; 10.384 ns               ;
; N/A                                     ; 90.15 MHz ( period = 11.093 ns )                    ; count[7] ; count[5]    ; clk        ; clk      ; None                        ; None                      ; 10.384 ns               ;
; N/A                                     ; 90.15 MHz ( period = 11.093 ns )                    ; count[7] ; count[6]    ; clk        ; clk      ; None                        ; None                      ; 10.384 ns               ;
; N/A                                     ; 90.30 MHz ( period = 11.074 ns )                    ; count[0] ; demxung[8]  ; clk        ; clk      ; None                        ; None                      ; 10.365 ns               ;
; N/A                                     ; 90.30 MHz ( period = 11.074 ns )                    ; count[0] ; demxung[9]  ; clk        ; clk      ; None                        ; None                      ; 10.365 ns               ;
; N/A                                     ; 90.30 MHz ( period = 11.074 ns )                    ; count[0] ; demxung[10] ; clk        ; clk      ; None                        ; None                      ; 10.365 ns               ;
; N/A                                     ; 90.30 MHz ( period = 11.074 ns )                    ; count[0] ; demxung[11] ; clk        ; clk      ; None                        ; None                      ; 10.365 ns               ;
; N/A                                     ; 90.30 MHz ( period = 11.074 ns )                    ; count[0] ; demxung[12] ; clk        ; clk      ; None                        ; None                      ; 10.365 ns               ;
; N/A                                     ; 90.30 MHz ( period = 11.074 ns )                    ; count[0] ; demxung[13] ; clk        ; clk      ; None                        ; None                      ; 10.365 ns               ;
; N/A                                     ; 90.30 MHz ( period = 11.074 ns )                    ; count[0] ; demxung[14] ; clk        ; clk      ; None                        ; None                      ; 10.365 ns               ;
; N/A                                     ; 90.30 MHz ( period = 11.074 ns )                    ; count[0] ; demxung[15] ; clk        ; clk      ; None                        ; None                      ; 10.365 ns               ;
; N/A                                     ; 90.36 MHz ( period = 11.067 ns )                    ; count[0] ; demxung[0]  ; clk        ; clk      ; None                        ; None                      ; 10.358 ns               ;
; N/A                                     ; 90.36 MHz ( period = 11.067 ns )                    ; count[0] ; demxung[1]  ; clk        ; clk      ; None                        ; None                      ; 10.358 ns               ;
; N/A                                     ; 90.36 MHz ( period = 11.067 ns )                    ; count[0] ; demxung[2]  ; clk        ; clk      ; None                        ; None                      ; 10.358 ns               ;
; N/A                                     ; 90.36 MHz ( period = 11.067 ns )                    ; count[0] ; demxung[3]  ; clk        ; clk      ; None                        ; None                      ; 10.358 ns               ;
; N/A                                     ; 90.36 MHz ( period = 11.067 ns )                    ; count[0] ; demxung[4]  ; clk        ; clk      ; None                        ; None                      ; 10.358 ns               ;
; N/A                                     ; 90.36 MHz ( period = 11.067 ns )                    ; count[0] ; demxung[5]  ; clk        ; clk      ; None                        ; None                      ; 10.358 ns               ;
; N/A                                     ; 90.36 MHz ( period = 11.067 ns )                    ; count[0] ; demxung[6]  ; clk        ; clk      ; None                        ; None                      ; 10.358 ns               ;
; N/A                                     ; 90.36 MHz ( period = 11.067 ns )                    ; count[0] ; demxung[7]  ; clk        ; clk      ; None                        ; None                      ; 10.358 ns               ;
; N/A                                     ; 91.10 MHz ( period = 10.977 ns )                    ; count[6] ; D[10]~reg0  ; clk        ; clk      ; None                        ; None                      ; 10.268 ns               ;
; N/A                                     ; 91.10 MHz ( period = 10.977 ns )                    ; count[6] ; D[11]~reg0  ; clk        ; clk      ; None                        ; None                      ; 10.268 ns               ;
; N/A                                     ; 91.10 MHz ( period = 10.977 ns )                    ; count[6] ; D[13]~reg0  ; clk        ; clk      ; None                        ; None                      ; 10.268 ns               ;
; N/A                                     ; 91.10 MHz ( period = 10.977 ns )                    ; count[6] ; D[14]~reg0  ; clk        ; clk      ; None                        ; None                      ; 10.268 ns               ;
; N/A                                     ; 91.10 MHz ( period = 10.977 ns )                    ; count[6] ; D[15]~reg0  ; clk        ; clk      ; None                        ; None                      ; 10.268 ns               ;
; N/A                                     ; 91.11 MHz ( period = 10.976 ns )                    ; count[3] ; D[10]~reg0  ; clk        ; clk      ; None                        ; None                      ; 10.267 ns               ;
; N/A                                     ; 91.11 MHz ( period = 10.976 ns )                    ; count[3] ; D[11]~reg0  ; clk        ; clk      ; None                        ; None                      ; 10.267 ns               ;
; N/A                                     ; 91.11 MHz ( period = 10.976 ns )                    ; count[3] ; D[13]~reg0  ; clk        ; clk      ; None                        ; None                      ; 10.267 ns               ;
; N/A                                     ; 91.11 MHz ( period = 10.976 ns )                    ; count[3] ; D[14]~reg0  ; clk        ; clk      ; None                        ; None                      ; 10.267 ns               ;
; N/A                                     ; 91.11 MHz ( period = 10.976 ns )                    ; count[3] ; D[15]~reg0  ; clk        ; clk      ; None                        ; None                      ; 10.267 ns               ;
; N/A                                     ; 91.41 MHz ( period = 10.940 ns )                    ; count[8] ; D[10]~reg0  ; clk        ; clk      ; None                        ; None                      ; 10.231 ns               ;
; N/A                                     ; 91.41 MHz ( period = 10.940 ns )                    ; count[8] ; D[11]~reg0  ; clk        ; clk      ; None                        ; None                      ; 10.231 ns               ;
; N/A                                     ; 91.41 MHz ( period = 10.940 ns )                    ; count[8] ; D[13]~reg0  ; clk        ; clk      ; None                        ; None                      ; 10.231 ns               ;
; N/A                                     ; 91.41 MHz ( period = 10.940 ns )                    ; count[8] ; D[14]~reg0  ; clk        ; clk      ; None                        ; None                      ; 10.231 ns               ;
; N/A                                     ; 91.41 MHz ( period = 10.940 ns )                    ; count[8] ; D[15]~reg0  ; clk        ; clk      ; None                        ; None                      ; 10.231 ns               ;
; N/A                                     ; 91.47 MHz ( period = 10.932 ns )                    ; count[7] ; D[8]~reg0   ; clk        ; clk      ; None                        ; None                      ; 10.223 ns               ;
; N/A                                     ; 91.47 MHz ( period = 10.932 ns )                    ; count[7] ; D[12]~reg0  ; clk        ; clk      ; None                        ; None                      ; 10.223 ns               ;
; N/A                                     ; 91.53 MHz ( period = 10.925 ns )                    ; count[7] ; D[1]~reg0   ; clk        ; clk      ; None                        ; None                      ; 10.216 ns               ;
; N/A                                     ; 91.53 MHz ( period = 10.925 ns )                    ; count[7] ; D[7]~reg0   ; clk        ; clk      ; None                        ; None                      ; 10.216 ns               ;
; N/A                                     ; 91.58 MHz ( period = 10.920 ns )                    ; count[5] ; count2[7]   ; clk        ; clk      ; None                        ; None                      ; 10.211 ns               ;
; N/A                                     ; 91.58 MHz ( period = 10.920 ns )                    ; count[5] ; count2[0]   ; clk        ; clk      ; None                        ; None                      ; 10.211 ns               ;
; N/A                                     ; 91.58 MHz ( period = 10.920 ns )                    ; count[5] ; count2[1]   ; clk        ; clk      ; None                        ; None                      ; 10.211 ns               ;
; N/A                                     ; 91.58 MHz ( period = 10.920 ns )                    ; count[5] ; count2[5]   ; clk        ; clk      ; None                        ; None                      ; 10.211 ns               ;
; N/A                                     ; 91.58 MHz ( period = 10.920 ns )                    ; count[5] ; count2[6]   ; clk        ; clk      ; None                        ; None                      ; 10.211 ns               ;
; N/A                                     ; 91.58 MHz ( period = 10.920 ns )                    ; count[5] ; count2[4]   ; clk        ; clk      ; None                        ; None                      ; 10.211 ns               ;
; N/A                                     ; 91.58 MHz ( period = 10.920 ns )                    ; count[5] ; count2[2]   ; clk        ; clk      ; None                        ; None                      ; 10.211 ns               ;
; N/A                                     ; 91.58 MHz ( period = 10.920 ns )                    ; count[5] ; count2[3]   ; clk        ; clk      ; None                        ; None                      ; 10.211 ns               ;
; N/A                                     ; 91.64 MHz ( period = 10.912 ns )                    ; count[6] ; demxung[8]  ; clk        ; clk      ; None                        ; None                      ; 10.203 ns               ;
; N/A                                     ; 91.64 MHz ( period = 10.912 ns )                    ; count[6] ; demxung[9]  ; clk        ; clk      ; None                        ; None                      ; 10.203 ns               ;
; N/A                                     ; 91.64 MHz ( period = 10.912 ns )                    ; count[6] ; demxung[10] ; clk        ; clk      ; None                        ; None                      ; 10.203 ns               ;
; N/A                                     ; 91.64 MHz ( period = 10.912 ns )                    ; count[6] ; demxung[11] ; clk        ; clk      ; None                        ; None                      ; 10.203 ns               ;
; N/A                                     ; 91.64 MHz ( period = 10.912 ns )                    ; count[6] ; demxung[12] ; clk        ; clk      ; None                        ; None                      ; 10.203 ns               ;
; N/A                                     ; 91.64 MHz ( period = 10.912 ns )                    ; count[6] ; demxung[13] ; clk        ; clk      ; None                        ; None                      ; 10.203 ns               ;
; N/A                                     ; 91.64 MHz ( period = 10.912 ns )                    ; count[6] ; demxung[14] ; clk        ; clk      ; None                        ; None                      ; 10.203 ns               ;
; N/A                                     ; 91.64 MHz ( period = 10.912 ns )                    ; count[6] ; demxung[15] ; clk        ; clk      ; None                        ; None                      ; 10.203 ns               ;
; N/A                                     ; 91.64 MHz ( period = 10.912 ns )                    ; count[5] ; count[14]   ; clk        ; clk      ; None                        ; None                      ; 10.203 ns               ;
; N/A                                     ; 91.64 MHz ( period = 10.912 ns )                    ; count[5] ; count[13]   ; clk        ; clk      ; None                        ; None                      ; 10.203 ns               ;
; N/A                                     ; 91.64 MHz ( period = 10.912 ns )                    ; count[5] ; count[15]   ; clk        ; clk      ; None                        ; None                      ; 10.203 ns               ;
; N/A                                     ; 91.64 MHz ( period = 10.912 ns )                    ; count[5] ; count[12]   ; clk        ; clk      ; None                        ; None                      ; 10.203 ns               ;
; N/A                                     ; 91.64 MHz ( period = 10.912 ns )                    ; count[5] ; count[11]   ; clk        ; clk      ; None                        ; None                      ; 10.203 ns               ;
; N/A                                     ; 91.64 MHz ( period = 10.912 ns )                    ; count[5] ; count[10]   ; clk        ; clk      ; None                        ; None                      ; 10.203 ns               ;
; N/A                                     ; 91.64 MHz ( period = 10.912 ns )                    ; count[5] ; count[9]    ; clk        ; clk      ; None                        ; None                      ; 10.203 ns               ;
; N/A                                     ; 91.64 MHz ( period = 10.912 ns )                    ; count[5] ; count[8]    ; clk        ; clk      ; None                        ; None                      ; 10.203 ns               ;
; Timing analysis restricted to 200 rows. ; To change the limit use Settings (Assignments menu) ;          ;             ;            ;          ;                             ;                           ;                         ;
+-----------------------------------------+-----------------------------------------------------+----------+-------------+------------+----------+-----------------------------+---------------------------+-------------------------+


+----------------------------------------------------------------------+
; tsu                                                                  ;
+-------+--------------+------------+---------+-------------+----------+
; Slack ; Required tsu ; Actual tsu ; From    ; To          ; To Clock ;
+-------+--------------+------------+---------+-------------+----------+
; N/A   ; None         ; 6.306 ns   ; PulseIn ; demxung[8]  ; clk      ;
; N/A   ; None         ; 6.306 ns   ; PulseIn ; demxung[9]  ; clk      ;
; N/A   ; None         ; 6.306 ns   ; PulseIn ; demxung[10] ; clk      ;
; N/A   ; None         ; 6.306 ns   ; PulseIn ; demxung[11] ; clk      ;
; N/A   ; None         ; 6.306 ns   ; PulseIn ; demxung[12] ; clk      ;
; N/A   ; None         ; 6.293 ns   ; PulseIn ; demxung[13] ; clk      ;
; N/A   ; None         ; 6.293 ns   ; PulseIn ; demxung[14] ; clk      ;
; N/A   ; None         ; 6.293 ns   ; PulseIn ; demxung[15] ; clk      ;
; N/A   ; None         ; 5.698 ns   ; PulseIn ; demxung[3]  ; clk      ;
; N/A   ; None         ; 5.698 ns   ; PulseIn ; demxung[4]  ; clk      ;
; N/A   ; None         ; 5.698 ns   ; PulseIn ; demxung[5]  ; clk      ;
; N/A   ; None         ; 5.698 ns   ; PulseIn ; demxung[6]  ; clk      ;
; N/A   ; None         ; 5.698 ns   ; PulseIn ; demxung[7]  ; clk      ;
; N/A   ; None         ; 5.231 ns   ; PulseIn ; demxung[2]  ; clk      ;
; N/A   ; None         ; 5.108 ns   ; PulseIn ; demxung[1]  ; clk      ;
; N/A   ; None         ; 4.747 ns   ; MODE    ; D[10]~reg0  ; clk      ;
; N/A   ; None         ; 4.747 ns   ; MODE    ; D[11]~reg0  ; clk      ;
; N/A   ; None         ; 4.747 ns   ; MODE    ; D[13]~reg0  ; clk      ;
; N/A   ; None         ; 4.747 ns   ; MODE    ; D[14]~reg0  ; clk      ;
; N/A   ; None         ; 4.747 ns   ; MODE    ; D[15]~reg0  ; clk      ;
; N/A   ; None         ; 4.682 ns   ; MODE    ; demxung[8]  ; clk      ;
; N/A   ; None         ; 4.682 ns   ; MODE    ; demxung[9]  ; clk      ;
; N/A   ; None         ; 4.682 ns   ; MODE    ; demxung[10] ; clk      ;
; N/A   ; None         ; 4.682 ns   ; MODE    ; demxung[11] ; clk      ;
; N/A   ; None         ; 4.682 ns   ; MODE    ; demxung[12] ; clk      ;
; N/A   ; None         ; 4.682 ns   ; MODE    ; demxung[13] ; clk      ;
; N/A   ; None         ; 4.682 ns   ; MODE    ; demxung[14] ; clk      ;
; N/A   ; None         ; 4.682 ns   ; MODE    ; demxung[15] ; clk      ;
; N/A   ; None         ; 4.675 ns   ; MODE    ; demxung[0]  ; clk      ;
; N/A   ; None         ; 4.675 ns   ; MODE    ; demxung[1]  ; clk      ;
; N/A   ; None         ; 4.675 ns   ; MODE    ; demxung[2]  ; clk      ;
; N/A   ; None         ; 4.675 ns   ; MODE    ; demxung[3]  ; clk      ;
; N/A   ; None         ; 4.675 ns   ; MODE    ; demxung[4]  ; clk      ;
; N/A   ; None         ; 4.675 ns   ; MODE    ; demxung[5]  ; clk      ;
; N/A   ; None         ; 4.675 ns   ; MODE    ; demxung[6]  ; clk      ;
; N/A   ; None         ; 4.675 ns   ; MODE    ; demxung[7]  ; clk      ;
; N/A   ; None         ; 4.474 ns   ; MODE    ; count2[7]   ; clk      ;
; N/A   ; None         ; 4.474 ns   ; MODE    ; count2[0]   ; clk      ;
; N/A   ; None         ; 4.474 ns   ; MODE    ; count2[1]   ; clk      ;
; N/A   ; None         ; 4.474 ns   ; MODE    ; count2[5]   ; clk      ;
; N/A   ; None         ; 4.474 ns   ; MODE    ; count2[6]   ; clk      ;
; N/A   ; None         ; 4.474 ns   ; MODE    ; count2[4]   ; clk      ;
; N/A   ; None         ; 4.474 ns   ; MODE    ; count2[2]   ; clk      ;
; N/A   ; None         ; 4.474 ns   ; MODE    ; count2[3]   ; clk      ;
; N/A   ; None         ; 4.261 ns   ; PulseIn ; demxung[0]  ; clk      ;
; N/A   ; None         ; 4.165 ns   ; MODE    ; D[8]~reg0   ; clk      ;
; N/A   ; None         ; 4.165 ns   ; MODE    ; D[12]~reg0  ; clk      ;
; N/A   ; None         ; 4.158 ns   ; MODE    ; D[1]~reg0   ; clk      ;
; N/A   ; None         ; 4.158 ns   ; MODE    ; D[7]~reg0   ; clk      ;
; N/A   ; None         ; 3.027 ns   ; MODE    ; D[0]~reg0   ; clk      ;
; N/A   ; None         ; 3.027 ns   ; MODE    ; D[2]~reg0   ; clk      ;
; N/A   ; None         ; 3.027 ns   ; MODE    ; D[3]~reg0   ; clk      ;
; N/A   ; None         ; 3.027 ns   ; MODE    ; D[4]~reg0   ; clk      ;
; N/A   ; None         ; 3.027 ns   ; MODE    ; D[5]~reg0   ; clk      ;
; N/A   ; None         ; 3.027 ns   ; MODE    ; D[6]~reg0   ; clk      ;
; N/A   ; None         ; 3.027 ns   ; MODE    ; D[9]~reg0   ; clk      ;
; N/A   ; None         ; 1.959 ns   ; PulseIn ; prePul      ; clk      ;
+-------+--------------+------------+---------+-------------+----------+


+---------------------------------------------------------------------+
; tco                                                                 ;
+-------+--------------+------------+------------+-------+------------+
; Slack ; Required tco ; Actual tco ; From       ; To    ; From Clock ;
+-------+--------------+------------+------------+-------+------------+
; N/A   ; None         ; 10.273 ns  ; D[2]~reg0  ; D[2]  ; clk        ;
; N/A   ; None         ; 9.695 ns   ; D[14]~reg0 ; D[14] ; clk        ;
; N/A   ; None         ; 9.577 ns   ; D[1]~reg0  ; D[1]  ; clk        ;
; N/A   ; None         ; 9.506 ns   ; D[12]~reg0 ; D[12] ; clk        ;
; N/A   ; None         ; 8.967 ns   ; D[13]~reg0 ; D[13] ; clk        ;
; N/A   ; None         ; 8.948 ns   ; D[10]~reg0 ; D[10] ; clk        ;
; N/A   ; None         ; 8.920 ns   ; D[0]~reg0  ; D[0]  ; clk        ;
; N/A   ; None         ; 8.918 ns   ; D[15]~reg0 ; D[15] ; clk        ;
; N/A   ; None         ; 8.824 ns   ; D[8]~reg0  ; D[8]  ; clk        ;
; N/A   ; None         ; 8.782 ns   ; D[9]~reg0  ; D[9]  ; clk        ;
; N/A   ; None         ; 8.431 ns   ; D[7]~reg0  ; D[7]  ; clk        ;
; N/A   ; None         ; 8.403 ns   ; D[6]~reg0  ; D[6]  ; clk        ;
; N/A   ; None         ; 8.367 ns   ; D[11]~reg0 ; D[11] ; clk        ;
; N/A   ; None         ; 8.272 ns   ; D[4]~reg0  ; D[4]  ; clk        ;
; N/A   ; None         ; 8.254 ns   ; D[5]~reg0  ; D[5]  ; clk        ;
; N/A   ; None         ; 8.254 ns   ; D[3]~reg0  ; D[3]  ; clk        ;
+-------+--------------+------------+------------+-------+------------+


+----------------------------------------------------------------------------+
; th                                                                         ;
+---------------+-------------+-----------+---------+-------------+----------+
; Minimum Slack ; Required th ; Actual th ; From    ; To          ; To Clock ;
+---------------+-------------+-----------+---------+-------------+----------+
; N/A           ; None        ; -1.405 ns ; PulseIn ; prePul      ; clk      ;
; N/A           ; None        ; -2.473 ns ; MODE    ; D[0]~reg0   ; clk      ;
; N/A           ; None        ; -2.473 ns ; MODE    ; D[2]~reg0   ; clk      ;
; N/A           ; None        ; -2.473 ns ; MODE    ; D[3]~reg0   ; clk      ;
; N/A           ; None        ; -2.473 ns ; MODE    ; D[4]~reg0   ; clk      ;
; N/A           ; None        ; -2.473 ns ; MODE    ; D[5]~reg0   ; clk      ;
; N/A           ; None        ; -2.473 ns ; MODE    ; D[6]~reg0   ; clk      ;
; N/A           ; None        ; -2.473 ns ; MODE    ; D[9]~reg0   ; clk      ;
; N/A           ; None        ; -3.604 ns ; MODE    ; D[1]~reg0   ; clk      ;
; N/A           ; None        ; -3.604 ns ; MODE    ; D[7]~reg0   ; clk      ;
; N/A           ; None        ; -3.611 ns ; MODE    ; D[8]~reg0   ; clk      ;
; N/A           ; None        ; -3.611 ns ; MODE    ; D[12]~reg0  ; clk      ;
; N/A           ; None        ; -3.707 ns ; PulseIn ; demxung[0]  ; clk      ;
; N/A           ; None        ; -3.920 ns ; MODE    ; count2[7]   ; clk      ;
; N/A           ; None        ; -3.920 ns ; MODE    ; count2[0]   ; clk      ;
; N/A           ; None        ; -3.920 ns ; MODE    ; count2[1]   ; clk      ;
; N/A           ; None        ; -3.920 ns ; MODE    ; count2[5]   ; clk      ;
; N/A           ; None        ; -3.920 ns ; MODE    ; count2[6]   ; clk      ;
; N/A           ; None        ; -3.920 ns ; MODE    ; count2[4]   ; clk      ;
; N/A           ; None        ; -3.920 ns ; MODE    ; count2[2]   ; clk      ;
; N/A           ; None        ; -3.920 ns ; MODE    ; count2[3]   ; clk      ;
; N/A           ; None        ; -4.121 ns ; MODE    ; demxung[0]  ; clk      ;
; N/A           ; None        ; -4.121 ns ; MODE    ; demxung[1]  ; clk      ;
; N/A           ; None        ; -4.121 ns ; MODE    ; demxung[2]  ; clk      ;
; N/A           ; None        ; -4.121 ns ; MODE    ; demxung[3]  ; clk      ;
; N/A           ; None        ; -4.121 ns ; MODE    ; demxung[4]  ; clk      ;
; N/A           ; None        ; -4.121 ns ; MODE    ; demxung[5]  ; clk      ;
; N/A           ; None        ; -4.121 ns ; MODE    ; demxung[6]  ; clk      ;
; N/A           ; None        ; -4.121 ns ; MODE    ; demxung[7]  ; clk      ;
; N/A           ; None        ; -4.128 ns ; MODE    ; demxung[8]  ; clk      ;
; N/A           ; None        ; -4.128 ns ; MODE    ; demxung[9]  ; clk      ;
; N/A           ; None        ; -4.128 ns ; MODE    ; demxung[10] ; clk      ;
; N/A           ; None        ; -4.128 ns ; MODE    ; demxung[11] ; clk      ;
; N/A           ; None        ; -4.128 ns ; MODE    ; demxung[12] ; clk      ;
; N/A           ; None        ; -4.128 ns ; MODE    ; demxung[13] ; clk      ;
; N/A           ; None        ; -4.128 ns ; MODE    ; demxung[14] ; clk      ;
; N/A           ; None        ; -4.128 ns ; MODE    ; demxung[15] ; clk      ;
; N/A           ; None        ; -4.193 ns ; MODE    ; D[10]~reg0  ; clk      ;
; N/A           ; None        ; -4.193 ns ; MODE    ; D[11]~reg0  ; clk      ;
; N/A           ; None        ; -4.193 ns ; MODE    ; D[13]~reg0  ; clk      ;
; N/A           ; None        ; -4.193 ns ; MODE    ; D[14]~reg0  ; clk      ;
; N/A           ; None        ; -4.193 ns ; MODE    ; D[15]~reg0  ; clk      ;
; N/A           ; None        ; -4.539 ns ; PulseIn ; demxung[1]  ; clk      ;
; N/A           ; None        ; -4.650 ns ; PulseIn ; demxung[2]  ; clk      ;
; N/A           ; None        ; -5.119 ns ; PulseIn ; demxung[3]  ; clk      ;
; N/A           ; None        ; -5.119 ns ; PulseIn ; demxung[4]  ; clk      ;
; N/A           ; None        ; -5.119 ns ; PulseIn ; demxung[5]  ; clk      ;
; N/A           ; None        ; -5.119 ns ; PulseIn ; demxung[6]  ; clk      ;
; N/A           ; None        ; -5.119 ns ; PulseIn ; demxung[7]  ; clk      ;
; N/A           ; None        ; -5.714 ns ; PulseIn ; demxung[13] ; clk      ;
; N/A           ; None        ; -5.714 ns ; PulseIn ; demxung[14] ; clk      ;
; N/A           ; None        ; -5.714 ns ; PulseIn ; demxung[15] ; clk      ;
; N/A           ; None        ; -5.727 ns ; PulseIn ; demxung[8]  ; clk      ;
; N/A           ; None        ; -5.727 ns ; PulseIn ; demxung[9]  ; clk      ;
; N/A           ; None        ; -5.727 ns ; PulseIn ; demxung[10] ; clk      ;
; N/A           ; None        ; -5.727 ns ; PulseIn ; demxung[11] ; clk      ;
; N/A           ; None        ; -5.727 ns ; PulseIn ; demxung[12] ; clk      ;
+---------------+-------------+-----------+---------+-------------+----------+


+--------------------------+
; Timing Analyzer Messages ;
+--------------------------+
Info: *******************************************************************
Info: Running Quartus II Classic Timing Analyzer
    Info: Version 9.1 Build 350 03/24/2010 Service Pack 2 SJ Web Edition
    Info: Processing started: Thu May 14 23:34:00 2020
Info: Command: quartus_tan --read_settings_files=off --write_settings_files=off HK2_1718 -c HK2_1718
Info: Started post-fitting delay annotation
Info: Delay annotation completed successfully
Warning: Found pins functioning as undefined clocks and/or memory enables
    Info: Assuming node "clk" is an undefined clock
Info: Clock "clk" has Internal fmax of 85.59 MHz between source register "count[4]" and destination register "D[10]~reg0" (period= 11.683 ns)
    Info: + Longest register to register delay is 10.974 ns
        Info: 1: + IC(0.000 ns) + CELL(0.000 ns) = 0.000 ns; Loc. = LC_X3_Y7_N6; Fanout = 4; REG Node = 'count[4]'
        Info: 2: + IC(0.901 ns) + CELL(0.914 ns) = 1.815 ns; Loc. = LC_X3_Y7_N1; Fanout = 1; COMB Node = 'LessThan0~1'
        Info: 3: + IC(1.201 ns) + CELL(0.511 ns) = 3.527 ns; Loc. = LC_X4_Y7_N8; Fanout = 1; COMB Node = 'LessThan0~2'
        Info: 4: + IC(0.305 ns) + CELL(0.200 ns) = 4.032 ns; Loc. = LC_X4_Y7_N9; Fanout = 1; COMB Node = 'LessThan0~3'
        Info: 5: + IC(2.382 ns) + CELL(0.200 ns) = 6.614 ns; Loc. = LC_X2_Y6_N4; Fanout = 25; COMB Node = 'LessThan0~4'
        Info: 6: + IC(0.534 ns) + CELL(0.200 ns) = 7.348 ns; Loc. = LC_X2_Y6_N5; Fanout = 32; COMB Node = 'D[3]~2'
        Info: 7: + IC(2.383 ns) + CELL(1.243 ns) = 10.974 ns; Loc. = LC_X8_Y5_N8; Fanout = 1; REG Node = 'D[10]~reg0'
        Info: Total cell delay = 3.268 ns ( 29.78 % )
        Info: Total interconnect delay = 7.706 ns ( 70.22 % )
    Info: - Smallest clock skew is 0.000 ns
        Info: + Shortest clock path from clock "clk" to destination register is 3.681 ns
            Info: 1: + IC(0.000 ns) + CELL(1.163 ns) = 1.163 ns; Loc. = PIN_18; Fanout = 57; CLK Node = 'clk'
            Info: 2: + IC(1.600 ns) + CELL(0.918 ns) = 3.681 ns; Loc. = LC_X8_Y5_N8; Fanout = 1; REG Node = 'D[10]~reg0'
            Info: Total cell delay = 2.081 ns ( 56.53 % )
            Info: Total interconnect delay = 1.600 ns ( 43.47 % )
        Info: - Longest clock path from clock "clk" to source register is 3.681 ns
            Info: 1: + IC(0.000 ns) + CELL(1.163 ns) = 1.163 ns; Loc. = PIN_18; Fanout = 57; CLK Node = 'clk'
            Info: 2: + IC(1.600 ns) + CELL(0.918 ns) = 3.681 ns; Loc. = LC_X3_Y7_N6; Fanout = 4; REG Node = 'count[4]'
            Info: Total cell delay = 2.081 ns ( 56.53 % )
            Info: Total interconnect delay = 1.600 ns ( 43.47 % )
    Info: + Micro clock to output delay of source is 0.376 ns
    Info: + Micro setup delay of destination is 0.333 ns
Info: tsu for register "demxung[8]" (data pin = "PulseIn", clock pin = "clk") is 6.306 ns
    Info: + Longest pin to register delay is 9.654 ns
        Info: 1: + IC(0.000 ns) + CELL(1.132 ns) = 1.132 ns; Loc. = PIN_142; Fanout = 2; PIN Node = 'PulseIn'
        Info: 2: + IC(2.699 ns) + CELL(0.914 ns) = 4.745 ns; Loc. = LC_X5_Y7_N2; Fanout = 3; COMB Node = 'Equal0~0'
        Info: 3: + IC(1.803 ns) + CELL(0.747 ns) = 7.295 ns; Loc. = LC_X5_Y6_N2; Fanout = 2; COMB Node = 'demxung[0]~1'
        Info: 4: + IC(0.000 ns) + CELL(0.123 ns) = 7.418 ns; Loc. = LC_X5_Y6_N3; Fanout = 2; COMB Node = 'demxung[1]~3'
        Info: 5: + IC(0.000 ns) + CELL(0.261 ns) = 7.679 ns; Loc. = LC_X5_Y6_N4; Fanout = 6; COMB Node = 'demxung[2]~5'
        Info: 6: + IC(0.000 ns) + CELL(0.349 ns) = 8.028 ns; Loc. = LC_X5_Y6_N9; Fanout = 6; COMB Node = 'demxung[7]~15'
        Info: 7: + IC(0.000 ns) + CELL(1.626 ns) = 9.654 ns; Loc. = LC_X6_Y6_N0; Fanout = 4; REG Node = 'demxung[8]'
        Info: Total cell delay = 5.152 ns ( 53.37 % )
        Info: Total interconnect delay = 4.502 ns ( 46.63 % )
    Info: + Micro setup delay of destination is 0.333 ns
    Info: - Shortest clock path from clock "clk" to destination register is 3.681 ns
        Info: 1: + IC(0.000 ns) + CELL(1.163 ns) = 1.163 ns; Loc. = PIN_18; Fanout = 57; CLK Node = 'clk'
        Info: 2: + IC(1.600 ns) + CELL(0.918 ns) = 3.681 ns; Loc. = LC_X6_Y6_N0; Fanout = 4; REG Node = 'demxung[8]'
        Info: Total cell delay = 2.081 ns ( 56.53 % )
        Info: Total interconnect delay = 1.600 ns ( 43.47 % )
Info: tco from clock "clk" to destination pin "D[2]" through register "D[2]~reg0" is 10.273 ns
    Info: + Longest clock path from clock "clk" to source register is 3.681 ns
        Info: 1: + IC(0.000 ns) + CELL(1.163 ns) = 1.163 ns; Loc. = PIN_18; Fanout = 57; CLK Node = 'clk'
        Info: 2: + IC(1.600 ns) + CELL(0.918 ns) = 3.681 ns; Loc. = LC_X2_Y6_N8; Fanout = 1; REG Node = 'D[2]~reg0'
        Info: Total cell delay = 2.081 ns ( 56.53 % )
        Info: Total interconnect delay = 1.600 ns ( 43.47 % )
    Info: + Micro clock to output delay of source is 0.376 ns
    Info: + Longest register to pin delay is 6.216 ns
        Info: 1: + IC(0.000 ns) + CELL(0.000 ns) = 0.000 ns; Loc. = LC_X2_Y6_N8; Fanout = 1; REG Node = 'D[2]~reg0'
        Info: 2: + IC(3.894 ns) + CELL(2.322 ns) = 6.216 ns; Loc. = PIN_87; Fanout = 0; PIN Node = 'D[2]'
        Info: Total cell delay = 2.322 ns ( 37.36 % )
        Info: Total interconnect delay = 3.894 ns ( 62.64 % )
Info: th for register "prePul" (data pin = "PulseIn", clock pin = "clk") is -1.405 ns
    Info: + Longest clock path from clock "clk" to destination register is 3.681 ns
        Info: 1: + IC(0.000 ns) + CELL(1.163 ns) = 1.163 ns; Loc. = PIN_18; Fanout = 57; CLK Node = 'clk'
        Info: 2: + IC(1.600 ns) + CELL(0.918 ns) = 3.681 ns; Loc. = LC_X5_Y7_N2; Fanout = 1; REG Node = 'prePul'
        Info: Total cell delay = 2.081 ns ( 56.53 % )
        Info: Total interconnect delay = 1.600 ns ( 43.47 % )
    Info: + Micro hold delay of destination is 0.221 ns
    Info: - Shortest pin to register delay is 5.307 ns
        Info: 1: + IC(0.000 ns) + CELL(1.132 ns) = 1.132 ns; Loc. = PIN_142; Fanout = 2; PIN Node = 'PulseIn'
        Info: 2: + IC(3.895 ns) + CELL(0.280 ns) = 5.307 ns; Loc. = LC_X5_Y7_N2; Fanout = 1; REG Node = 'prePul'
        Info: Total cell delay = 1.412 ns ( 26.61 % )
        Info: Total interconnect delay = 3.895 ns ( 73.39 % )
Info: Quartus II Classic Timing Analyzer was successful. 0 errors, 1 warning
    Info: Peak virtual memory: 191 megabytes
    Info: Processing ended: Thu May 14 23:34:01 2020
    Info: Elapsed time: 00:00:01
    Info: Total CPU time (on all processors): 00:00:01


