Classic Timing Analyzer report for HK2_1516
Thu Jul 23 17:05:20 2020
Quartus II Version 9.1 Build 350 03/24/2010 Service Pack 2 SJ Web Edition


---------------------
; Table of Contents ;
---------------------
  1. Legal Notice
  2. Timing Analyzer Summary
  3. Timing Analyzer Settings
  4. Clock Settings Summary
  5. Parallel Compilation
  6. Clock Setup: 'clk'
  7. tsu
  8. tco
  9. th
 10. Timing Analyzer Messages



----------------
; Legal Notice ;
----------------
Copyright (C) 1991-2010 Altera Corporation
Your use of Altera Corporation's design tools, logic functions 
and other software and tools, and its AMPP partner logic 
functions, and any output files from any of the foregoing 
(including device programming or simulation files), and any 
associated documentation or information are expressly subject 
to the terms and conditions of the Altera Program License 
Subscription Agreement, Altera MegaCore Function License 
Agreement, or other applicable license agreement, including, 
without limitation, that your use is for the sole purpose of 
programming logic devices manufactured by Altera and sold by 
Altera or its authorized distributors.  Please refer to the 
applicable agreement for further details.



+--------------------------------------------------------------------------------------------------------------------------------------------------------+
; Timing Analyzer Summary                                                                                                                                ;
+------------------------------+-------+---------------+----------------------------------+------------+----------+------------+----------+--------------+
; Type                         ; Slack ; Required Time ; Actual Time                      ; From       ; To       ; From Clock ; To Clock ; Failed Paths ;
+------------------------------+-------+---------------+----------------------------------+------------+----------+------------+----------+--------------+
; Worst-case tsu               ; N/A   ; None          ; 16.274 ns                        ; Tyellow[2] ; count[0] ; --         ; clk      ; 0            ;
; Worst-case tco               ; N/A   ; None          ; 9.354 ns                         ; R2~reg0    ; R2       ; clk        ; --       ; 0            ;
; Worst-case th                ; N/A   ; None          ; -4.075 ns                        ; Tred[4]    ; Y2~reg0  ; --         ; clk      ; 0            ;
; Clock Setup: 'clk'           ; N/A   ; None          ; 82.98 MHz ( period = 12.051 ns ) ; count[2]   ; Y2~reg0  ; clk        ; clk      ; 0            ;
; Total number of failed paths ;       ;               ;                                  ;            ;          ;            ;          ; 0            ;
+------------------------------+-------+---------------+----------------------------------+------------+----------+------------+----------+--------------+


+-----------------------------------------------------------------------------------------------------------------------------------------------------+
; Timing Analyzer Settings                                                                                                                            ;
+------------------------------------------------------------------------------------------------------+--------------------+------+----+-------------+
; Option                                                                                               ; Setting            ; From ; To ; Entity Name ;
+------------------------------------------------------------------------------------------------------+--------------------+------+----+-------------+
; Device Name                                                                                          ; EPM570T144A5       ;      ;    ;             ;
; Timing Models                                                                                        ; Final              ;      ;    ;             ;
; Default hold multicycle                                                                              ; Same as Multicycle ;      ;    ;             ;
; Cut paths between unrelated clock domains                                                            ; On                 ;      ;    ;             ;
; Cut off read during write signal paths                                                               ; On                 ;      ;    ;             ;
; Cut off feedback from I/O pins                                                                       ; On                 ;      ;    ;             ;
; Report Combined Fast/Slow Timing                                                                     ; Off                ;      ;    ;             ;
; Ignore Clock Settings                                                                                ; Off                ;      ;    ;             ;
; Analyze latches as synchronous elements                                                              ; On                 ;      ;    ;             ;
; Enable Recovery/Removal analysis                                                                     ; Off                ;      ;    ;             ;
; Enable Clock Latency                                                                                 ; Off                ;      ;    ;             ;
; Use TimeQuest Timing Analyzer                                                                        ; Off                ;      ;    ;             ;
; Minimum Core Junction Temperature                                                                    ; -40                ;      ;    ;             ;
; Maximum Core Junction Temperature                                                                    ; 125                ;      ;    ;             ;
; Number of source nodes to report per destination node                                                ; 10                 ;      ;    ;             ;
; Number of destination nodes to report                                                                ; 10                 ;      ;    ;             ;
; Number of paths to report                                                                            ; 200                ;      ;    ;             ;
; Report Minimum Timing Checks                                                                         ; Off                ;      ;    ;             ;
; Use Fast Timing Models                                                                               ; Off                ;      ;    ;             ;
; Report IO Paths Separately                                                                           ; Off                ;      ;    ;             ;
; Perform Multicorner Analysis                                                                         ; Off                ;      ;    ;             ;
; Reports the worst-case path for each clock domain and analysis                                       ; Off                ;      ;    ;             ;
; Reports worst-case timing paths for each clock domain and analysis                                   ; On                 ;      ;    ;             ;
; Specifies the maximum number of worst-case timing paths to report for each clock domain and analysis ; 100                ;      ;    ;             ;
; Removes common clock path pessimism (CCPP) during slack computation                                  ; Off                ;      ;    ;             ;
; Output I/O Timing Endpoint                                                                           ; Near End           ;      ;    ;             ;
+------------------------------------------------------------------------------------------------------+--------------------+------+----+-------------+


+------------------------------------------------------------------------------------------------------------------------------------------------------------------------------------+
; Clock Settings Summary                                                                                                                                                             ;
+-----------------+--------------------+----------+------------------+---------------+--------------+----------+-----------------------+---------------------+--------+--------------+
; Clock Node Name ; Clock Setting Name ; Type     ; Fmax Requirement ; Early Latency ; Late Latency ; Based on ; Multiply Base Fmax by ; Divide Base Fmax by ; Offset ; Phase offset ;
+-----------------+--------------------+----------+------------------+---------------+--------------+----------+-----------------------+---------------------+--------+--------------+
; clk             ;                    ; User Pin ; None             ; 0.000 ns      ; 0.000 ns     ; --       ; N/A                   ; N/A                 ; N/A    ;              ;
+-----------------+--------------------+----------+------------------+---------------+--------------+----------+-----------------------+---------------------+--------+--------------+


Parallel compilation was disabled, but you have multiple processors available. Enable parallel compilation to reduce compilation time.
+-------------------------------------+
; Parallel Compilation                ;
+----------------------------+--------+
; Processors                 ; Number ;
+----------------------------+--------+
; Number detected on machine ; 4      ;
; Maximum allowed            ; 1      ;
+----------------------------+--------+


+----------------------------------------------------------------------------------------------------------------------------------------------------------------------------+
; Clock Setup: 'clk'                                                                                                                                                         ;
+-------+----------------------------------+----------+----------+------------+----------+-----------------------------+---------------------------+-------------------------+
; Slack ; Actual fmax (period)             ; From     ; To       ; From Clock ; To Clock ; Required Setup Relationship ; Required Longest P2P Time ; Actual Longest P2P Time ;
+-------+----------------------------------+----------+----------+------------+----------+-----------------------------+---------------------------+-------------------------+
; N/A   ; 82.98 MHz ( period = 12.051 ns ) ; count[2] ; G1~reg0  ; clk        ; clk      ; None                        ; None                      ; 11.342 ns               ;
; N/A   ; 82.98 MHz ( period = 12.051 ns ) ; count[2] ; Y2~reg0  ; clk        ; clk      ; None                        ; None                      ; 11.342 ns               ;
; N/A   ; 84.10 MHz ( period = 11.891 ns ) ; count[1] ; G1~reg0  ; clk        ; clk      ; None                        ; None                      ; 11.182 ns               ;
; N/A   ; 84.10 MHz ( period = 11.891 ns ) ; count[1] ; Y2~reg0  ; clk        ; clk      ; None                        ; None                      ; 11.182 ns               ;
; N/A   ; 86.30 MHz ( period = 11.588 ns ) ; count[0] ; G1~reg0  ; clk        ; clk      ; None                        ; None                      ; 10.879 ns               ;
; N/A   ; 86.30 MHz ( period = 11.588 ns ) ; count[0] ; Y2~reg0  ; clk        ; clk      ; None                        ; None                      ; 10.879 ns               ;
; N/A   ; 87.22 MHz ( period = 11.465 ns ) ; count[3] ; G1~reg0  ; clk        ; clk      ; None                        ; None                      ; 10.756 ns               ;
; N/A   ; 87.22 MHz ( period = 11.465 ns ) ; count[3] ; Y2~reg0  ; clk        ; clk      ; None                        ; None                      ; 10.756 ns               ;
; N/A   ; 87.43 MHz ( period = 11.438 ns ) ; count[4] ; G1~reg0  ; clk        ; clk      ; None                        ; None                      ; 10.729 ns               ;
; N/A   ; 87.43 MHz ( period = 11.438 ns ) ; count[4] ; Y2~reg0  ; clk        ; clk      ; None                        ; None                      ; 10.729 ns               ;
; N/A   ; 88.81 MHz ( period = 11.260 ns ) ; count[0] ; count[7] ; clk        ; clk      ; None                        ; None                      ; 10.551 ns               ;
; N/A   ; 88.81 MHz ( period = 11.260 ns ) ; count[0] ; count[6] ; clk        ; clk      ; None                        ; None                      ; 10.551 ns               ;
; N/A   ; 88.81 MHz ( period = 11.260 ns ) ; count[0] ; count[4] ; clk        ; clk      ; None                        ; None                      ; 10.551 ns               ;
; N/A   ; 88.81 MHz ( period = 11.260 ns ) ; count[0] ; count[5] ; clk        ; clk      ; None                        ; None                      ; 10.551 ns               ;
; N/A   ; 88.81 MHz ( period = 11.260 ns ) ; count[0] ; count[3] ; clk        ; clk      ; None                        ; None                      ; 10.551 ns               ;
; N/A   ; 88.81 MHz ( period = 11.260 ns ) ; count[0] ; count[2] ; clk        ; clk      ; None                        ; None                      ; 10.551 ns               ;
; N/A   ; 88.81 MHz ( period = 11.260 ns ) ; count[0] ; count[1] ; clk        ; clk      ; None                        ; None                      ; 10.551 ns               ;
; N/A   ; 88.81 MHz ( period = 11.260 ns ) ; count[0] ; count[0] ; clk        ; clk      ; None                        ; None                      ; 10.551 ns               ;
; N/A   ; 90.07 MHz ( period = 11.102 ns ) ; count[1] ; count[7] ; clk        ; clk      ; None                        ; None                      ; 10.393 ns               ;
; N/A   ; 90.07 MHz ( period = 11.102 ns ) ; count[1] ; count[6] ; clk        ; clk      ; None                        ; None                      ; 10.393 ns               ;
; N/A   ; 90.07 MHz ( period = 11.102 ns ) ; count[1] ; count[4] ; clk        ; clk      ; None                        ; None                      ; 10.393 ns               ;
; N/A   ; 90.07 MHz ( period = 11.102 ns ) ; count[1] ; count[5] ; clk        ; clk      ; None                        ; None                      ; 10.393 ns               ;
; N/A   ; 90.07 MHz ( period = 11.102 ns ) ; count[1] ; count[3] ; clk        ; clk      ; None                        ; None                      ; 10.393 ns               ;
; N/A   ; 90.07 MHz ( period = 11.102 ns ) ; count[1] ; count[2] ; clk        ; clk      ; None                        ; None                      ; 10.393 ns               ;
; N/A   ; 90.07 MHz ( period = 11.102 ns ) ; count[1] ; count[1] ; clk        ; clk      ; None                        ; None                      ; 10.393 ns               ;
; N/A   ; 90.07 MHz ( period = 11.102 ns ) ; count[1] ; count[0] ; clk        ; clk      ; None                        ; None                      ; 10.393 ns               ;
; N/A   ; 92.21 MHz ( period = 10.845 ns ) ; count[2] ; R1~reg0  ; clk        ; clk      ; None                        ; None                      ; 10.136 ns               ;
; N/A   ; 92.21 MHz ( period = 10.845 ns ) ; count[2] ; R2~reg0  ; clk        ; clk      ; None                        ; None                      ; 10.136 ns               ;
; N/A   ; 93.59 MHz ( period = 10.685 ns ) ; count[1] ; R1~reg0  ; clk        ; clk      ; None                        ; None                      ; 9.976 ns                ;
; N/A   ; 93.59 MHz ( period = 10.685 ns ) ; count[1] ; R2~reg0  ; clk        ; clk      ; None                        ; None                      ; 9.976 ns                ;
; N/A   ; 96.04 MHz ( period = 10.412 ns ) ; count[2] ; G2~reg0  ; clk        ; clk      ; None                        ; None                      ; 9.703 ns                ;
; N/A   ; 96.32 MHz ( period = 10.382 ns ) ; count[0] ; R1~reg0  ; clk        ; clk      ; None                        ; None                      ; 9.673 ns                ;
; N/A   ; 96.32 MHz ( period = 10.382 ns ) ; count[0] ; R2~reg0  ; clk        ; clk      ; None                        ; None                      ; 9.673 ns                ;
; N/A   ; 96.39 MHz ( period = 10.374 ns ) ; count[3] ; count[7] ; clk        ; clk      ; None                        ; None                      ; 9.665 ns                ;
; N/A   ; 96.39 MHz ( period = 10.374 ns ) ; count[3] ; count[6] ; clk        ; clk      ; None                        ; None                      ; 9.665 ns                ;
; N/A   ; 96.39 MHz ( period = 10.374 ns ) ; count[3] ; count[4] ; clk        ; clk      ; None                        ; None                      ; 9.665 ns                ;
; N/A   ; 96.39 MHz ( period = 10.374 ns ) ; count[3] ; count[5] ; clk        ; clk      ; None                        ; None                      ; 9.665 ns                ;
; N/A   ; 96.39 MHz ( period = 10.374 ns ) ; count[3] ; count[3] ; clk        ; clk      ; None                        ; None                      ; 9.665 ns                ;
; N/A   ; 96.39 MHz ( period = 10.374 ns ) ; count[3] ; count[2] ; clk        ; clk      ; None                        ; None                      ; 9.665 ns                ;
; N/A   ; 96.39 MHz ( period = 10.374 ns ) ; count[3] ; count[1] ; clk        ; clk      ; None                        ; None                      ; 9.665 ns                ;
; N/A   ; 96.39 MHz ( period = 10.374 ns ) ; count[3] ; count[0] ; clk        ; clk      ; None                        ; None                      ; 9.665 ns                ;
; N/A   ; 96.85 MHz ( period = 10.325 ns ) ; count[2] ; count[7] ; clk        ; clk      ; None                        ; None                      ; 9.616 ns                ;
; N/A   ; 96.85 MHz ( period = 10.325 ns ) ; count[2] ; count[6] ; clk        ; clk      ; None                        ; None                      ; 9.616 ns                ;
; N/A   ; 96.85 MHz ( period = 10.325 ns ) ; count[2] ; count[4] ; clk        ; clk      ; None                        ; None                      ; 9.616 ns                ;
; N/A   ; 96.85 MHz ( period = 10.325 ns ) ; count[2] ; count[5] ; clk        ; clk      ; None                        ; None                      ; 9.616 ns                ;
; N/A   ; 96.85 MHz ( period = 10.325 ns ) ; count[2] ; count[3] ; clk        ; clk      ; None                        ; None                      ; 9.616 ns                ;
; N/A   ; 96.85 MHz ( period = 10.325 ns ) ; count[2] ; count[2] ; clk        ; clk      ; None                        ; None                      ; 9.616 ns                ;
; N/A   ; 96.85 MHz ( period = 10.325 ns ) ; count[2] ; count[1] ; clk        ; clk      ; None                        ; None                      ; 9.616 ns                ;
; N/A   ; 96.85 MHz ( period = 10.325 ns ) ; count[2] ; count[0] ; clk        ; clk      ; None                        ; None                      ; 9.616 ns                ;
; N/A   ; 97.39 MHz ( period = 10.268 ns ) ; count[4] ; count[7] ; clk        ; clk      ; None                        ; None                      ; 9.559 ns                ;
; N/A   ; 97.39 MHz ( period = 10.268 ns ) ; count[4] ; count[6] ; clk        ; clk      ; None                        ; None                      ; 9.559 ns                ;
; N/A   ; 97.39 MHz ( period = 10.268 ns ) ; count[4] ; count[4] ; clk        ; clk      ; None                        ; None                      ; 9.559 ns                ;
; N/A   ; 97.39 MHz ( period = 10.268 ns ) ; count[4] ; count[5] ; clk        ; clk      ; None                        ; None                      ; 9.559 ns                ;
; N/A   ; 97.39 MHz ( period = 10.268 ns ) ; count[4] ; count[3] ; clk        ; clk      ; None                        ; None                      ; 9.559 ns                ;
; N/A   ; 97.39 MHz ( period = 10.268 ns ) ; count[4] ; count[2] ; clk        ; clk      ; None                        ; None                      ; 9.559 ns                ;
; N/A   ; 97.39 MHz ( period = 10.268 ns ) ; count[4] ; count[1] ; clk        ; clk      ; None                        ; None                      ; 9.559 ns                ;
; N/A   ; 97.39 MHz ( period = 10.268 ns ) ; count[4] ; count[0] ; clk        ; clk      ; None                        ; None                      ; 9.559 ns                ;
; N/A   ; 97.48 MHz ( period = 10.259 ns ) ; count[3] ; R1~reg0  ; clk        ; clk      ; None                        ; None                      ; 9.550 ns                ;
; N/A   ; 97.48 MHz ( period = 10.259 ns ) ; count[3] ; R2~reg0  ; clk        ; clk      ; None                        ; None                      ; 9.550 ns                ;
; N/A   ; 97.54 MHz ( period = 10.252 ns ) ; count[1] ; G2~reg0  ; clk        ; clk      ; None                        ; None                      ; 9.543 ns                ;
; N/A   ; 97.73 MHz ( period = 10.232 ns ) ; count[4] ; R1~reg0  ; clk        ; clk      ; None                        ; None                      ; 9.523 ns                ;
; N/A   ; 97.73 MHz ( period = 10.232 ns ) ; count[4] ; R2~reg0  ; clk        ; clk      ; None                        ; None                      ; 9.523 ns                ;
; N/A   ; 98.57 MHz ( period = 10.145 ns ) ; count[5] ; G1~reg0  ; clk        ; clk      ; None                        ; None                      ; 9.436 ns                ;
; N/A   ; 98.57 MHz ( period = 10.145 ns ) ; count[5] ; Y2~reg0  ; clk        ; clk      ; None                        ; None                      ; 9.436 ns                ;
; N/A   ; 99.98 MHz ( period = 10.002 ns ) ; count[2] ; Y1~reg0  ; clk        ; clk      ; None                        ; None                      ; 9.293 ns                ;
; N/A   ; 100.51 MHz ( period = 9.949 ns ) ; count[0] ; G2~reg0  ; clk        ; clk      ; None                        ; None                      ; 9.240 ns                ;
; N/A   ; 101.61 MHz ( period = 9.842 ns ) ; count[1] ; Y1~reg0  ; clk        ; clk      ; None                        ; None                      ; 9.133 ns                ;
; N/A   ; 101.77 MHz ( period = 9.826 ns ) ; count[3] ; G2~reg0  ; clk        ; clk      ; None                        ; None                      ; 9.117 ns                ;
; N/A   ; 102.05 MHz ( period = 9.799 ns ) ; count[4] ; G2~reg0  ; clk        ; clk      ; None                        ; None                      ; 9.090 ns                ;
; N/A   ; 102.61 MHz ( period = 9.746 ns ) ; count[5] ; count[7] ; clk        ; clk      ; None                        ; None                      ; 9.037 ns                ;
; N/A   ; 102.61 MHz ( period = 9.746 ns ) ; count[5] ; count[6] ; clk        ; clk      ; None                        ; None                      ; 9.037 ns                ;
; N/A   ; 102.61 MHz ( period = 9.746 ns ) ; count[5] ; count[4] ; clk        ; clk      ; None                        ; None                      ; 9.037 ns                ;
; N/A   ; 102.61 MHz ( period = 9.746 ns ) ; count[5] ; count[5] ; clk        ; clk      ; None                        ; None                      ; 9.037 ns                ;
; N/A   ; 102.61 MHz ( period = 9.746 ns ) ; count[5] ; count[3] ; clk        ; clk      ; None                        ; None                      ; 9.037 ns                ;
; N/A   ; 102.61 MHz ( period = 9.746 ns ) ; count[5] ; count[2] ; clk        ; clk      ; None                        ; None                      ; 9.037 ns                ;
; N/A   ; 102.61 MHz ( period = 9.746 ns ) ; count[5] ; count[1] ; clk        ; clk      ; None                        ; None                      ; 9.037 ns                ;
; N/A   ; 102.61 MHz ( period = 9.746 ns ) ; count[5] ; count[0] ; clk        ; clk      ; None                        ; None                      ; 9.037 ns                ;
; N/A   ; 104.83 MHz ( period = 9.539 ns ) ; count[0] ; Y1~reg0  ; clk        ; clk      ; None                        ; None                      ; 8.830 ns                ;
; N/A   ; 106.20 MHz ( period = 9.416 ns ) ; count[3] ; Y1~reg0  ; clk        ; clk      ; None                        ; None                      ; 8.707 ns                ;
; N/A   ; 106.51 MHz ( period = 9.389 ns ) ; count[4] ; Y1~reg0  ; clk        ; clk      ; None                        ; None                      ; 8.680 ns                ;
; N/A   ; 107.07 MHz ( period = 9.340 ns ) ; count[6] ; count[7] ; clk        ; clk      ; None                        ; None                      ; 8.631 ns                ;
; N/A   ; 107.07 MHz ( period = 9.340 ns ) ; count[6] ; count[6] ; clk        ; clk      ; None                        ; None                      ; 8.631 ns                ;
; N/A   ; 107.07 MHz ( period = 9.340 ns ) ; count[6] ; count[4] ; clk        ; clk      ; None                        ; None                      ; 8.631 ns                ;
; N/A   ; 107.07 MHz ( period = 9.340 ns ) ; count[6] ; count[5] ; clk        ; clk      ; None                        ; None                      ; 8.631 ns                ;
; N/A   ; 107.07 MHz ( period = 9.340 ns ) ; count[6] ; count[3] ; clk        ; clk      ; None                        ; None                      ; 8.631 ns                ;
; N/A   ; 107.07 MHz ( period = 9.340 ns ) ; count[6] ; count[2] ; clk        ; clk      ; None                        ; None                      ; 8.631 ns                ;
; N/A   ; 107.07 MHz ( period = 9.340 ns ) ; count[6] ; count[1] ; clk        ; clk      ; None                        ; None                      ; 8.631 ns                ;
; N/A   ; 107.07 MHz ( period = 9.340 ns ) ; count[6] ; count[0] ; clk        ; clk      ; None                        ; None                      ; 8.631 ns                ;
; N/A   ; 111.87 MHz ( period = 8.939 ns ) ; count[5] ; R1~reg0  ; clk        ; clk      ; None                        ; None                      ; 8.230 ns                ;
; N/A   ; 111.87 MHz ( period = 8.939 ns ) ; count[5] ; R2~reg0  ; clk        ; clk      ; None                        ; None                      ; 8.230 ns                ;
; N/A   ; 117.56 MHz ( period = 8.506 ns ) ; count[5] ; G2~reg0  ; clk        ; clk      ; None                        ; None                      ; 7.797 ns                ;
; N/A   ; 117.79 MHz ( period = 8.490 ns ) ; count[7] ; count[7] ; clk        ; clk      ; None                        ; None                      ; 7.781 ns                ;
; N/A   ; 117.79 MHz ( period = 8.490 ns ) ; count[7] ; count[6] ; clk        ; clk      ; None                        ; None                      ; 7.781 ns                ;
; N/A   ; 117.79 MHz ( period = 8.490 ns ) ; count[7] ; count[4] ; clk        ; clk      ; None                        ; None                      ; 7.781 ns                ;
; N/A   ; 117.79 MHz ( period = 8.490 ns ) ; count[7] ; count[5] ; clk        ; clk      ; None                        ; None                      ; 7.781 ns                ;
; N/A   ; 117.79 MHz ( period = 8.490 ns ) ; count[7] ; count[3] ; clk        ; clk      ; None                        ; None                      ; 7.781 ns                ;
; N/A   ; 117.79 MHz ( period = 8.490 ns ) ; count[7] ; count[2] ; clk        ; clk      ; None                        ; None                      ; 7.781 ns                ;
; N/A   ; 117.79 MHz ( period = 8.490 ns ) ; count[7] ; count[1] ; clk        ; clk      ; None                        ; None                      ; 7.781 ns                ;
; N/A   ; 117.79 MHz ( period = 8.490 ns ) ; count[7] ; count[0] ; clk        ; clk      ; None                        ; None                      ; 7.781 ns                ;
; N/A   ; 119.49 MHz ( period = 8.369 ns ) ; count[6] ; R2~reg0  ; clk        ; clk      ; None                        ; None                      ; 7.660 ns                ;
; N/A   ; 123.52 MHz ( period = 8.096 ns ) ; count[5] ; Y1~reg0  ; clk        ; clk      ; None                        ; None                      ; 7.387 ns                ;
; N/A   ; 123.93 MHz ( period = 8.069 ns ) ; count[6] ; G1~reg0  ; clk        ; clk      ; None                        ; None                      ; 7.360 ns                ;
; N/A   ; 123.95 MHz ( period = 8.068 ns ) ; count[6] ; Y2~reg0  ; clk        ; clk      ; None                        ; None                      ; 7.359 ns                ;
; N/A   ; 129.89 MHz ( period = 7.699 ns ) ; count[7] ; G1~reg0  ; clk        ; clk      ; None                        ; None                      ; 6.990 ns                ;
; N/A   ; 129.89 MHz ( period = 7.699 ns ) ; count[7] ; Y2~reg0  ; clk        ; clk      ; None                        ; None                      ; 6.990 ns                ;
; N/A   ; 131.86 MHz ( period = 7.584 ns ) ; count[6] ; R1~reg0  ; clk        ; clk      ; None                        ; None                      ; 6.875 ns                ;
; N/A   ; 142.67 MHz ( period = 7.009 ns ) ; count[6] ; G2~reg0  ; clk        ; clk      ; None                        ; None                      ; 6.300 ns                ;
; N/A   ; 154.01 MHz ( period = 6.493 ns ) ; count[7] ; R1~reg0  ; clk        ; clk      ; None                        ; None                      ; 5.784 ns                ;
; N/A   ; 154.01 MHz ( period = 6.493 ns ) ; count[7] ; R2~reg0  ; clk        ; clk      ; None                        ; None                      ; 5.784 ns                ;
; N/A   ; 154.39 MHz ( period = 6.477 ns ) ; count[6] ; Y1~reg0  ; clk        ; clk      ; None                        ; None                      ; 5.768 ns                ;
; N/A   ; 155.16 MHz ( period = 6.445 ns ) ; count[7] ; Y1~reg0  ; clk        ; clk      ; None                        ; None                      ; 5.736 ns                ;
; N/A   ; 165.02 MHz ( period = 6.060 ns ) ; count[7] ; G2~reg0  ; clk        ; clk      ; None                        ; None                      ; 5.351 ns                ;
; N/A   ; 294.72 MHz ( period = 3.393 ns ) ; Y1~reg0  ; Y1~reg0  ; clk        ; clk      ; None                        ; None                      ; 2.684 ns                ;
+-------+----------------------------------+----------+----------+------------+----------+-----------------------------+---------------------------+-------------------------+


+-----------------------------------------------------------------------------------------------------------------------------------------------+
; tsu                                                                                                                                           ;
+-----------------------------------------+-----------------------------------------------------+------------+------------+----------+----------+
; Slack                                   ; Required tsu                                        ; Actual tsu ; From       ; To       ; To Clock ;
+-----------------------------------------+-----------------------------------------------------+------------+------------+----------+----------+
; N/A                                     ; None                                                ; 16.274 ns  ; Tyellow[2] ; count[7] ; clk      ;
; N/A                                     ; None                                                ; 16.274 ns  ; Tyellow[2] ; count[6] ; clk      ;
; N/A                                     ; None                                                ; 16.274 ns  ; Tyellow[2] ; count[4] ; clk      ;
; N/A                                     ; None                                                ; 16.274 ns  ; Tyellow[2] ; count[5] ; clk      ;
; N/A                                     ; None                                                ; 16.274 ns  ; Tyellow[2] ; count[3] ; clk      ;
; N/A                                     ; None                                                ; 16.274 ns  ; Tyellow[2] ; count[2] ; clk      ;
; N/A                                     ; None                                                ; 16.274 ns  ; Tyellow[2] ; count[1] ; clk      ;
; N/A                                     ; None                                                ; 16.274 ns  ; Tyellow[2] ; count[0] ; clk      ;
; N/A                                     ; None                                                ; 15.862 ns  ; Tgreen[1]  ; count[7] ; clk      ;
; N/A                                     ; None                                                ; 15.862 ns  ; Tgreen[1]  ; count[6] ; clk      ;
; N/A                                     ; None                                                ; 15.862 ns  ; Tgreen[1]  ; count[4] ; clk      ;
; N/A                                     ; None                                                ; 15.862 ns  ; Tgreen[1]  ; count[5] ; clk      ;
; N/A                                     ; None                                                ; 15.862 ns  ; Tgreen[1]  ; count[3] ; clk      ;
; N/A                                     ; None                                                ; 15.862 ns  ; Tgreen[1]  ; count[2] ; clk      ;
; N/A                                     ; None                                                ; 15.862 ns  ; Tgreen[1]  ; count[1] ; clk      ;
; N/A                                     ; None                                                ; 15.862 ns  ; Tgreen[1]  ; count[0] ; clk      ;
; N/A                                     ; None                                                ; 15.813 ns  ; Tyellow[1] ; count[7] ; clk      ;
; N/A                                     ; None                                                ; 15.813 ns  ; Tyellow[1] ; count[6] ; clk      ;
; N/A                                     ; None                                                ; 15.813 ns  ; Tyellow[1] ; count[4] ; clk      ;
; N/A                                     ; None                                                ; 15.813 ns  ; Tyellow[1] ; count[5] ; clk      ;
; N/A                                     ; None                                                ; 15.813 ns  ; Tyellow[1] ; count[3] ; clk      ;
; N/A                                     ; None                                                ; 15.813 ns  ; Tyellow[1] ; count[2] ; clk      ;
; N/A                                     ; None                                                ; 15.813 ns  ; Tyellow[1] ; count[1] ; clk      ;
; N/A                                     ; None                                                ; 15.813 ns  ; Tyellow[1] ; count[0] ; clk      ;
; N/A                                     ; None                                                ; 15.512 ns  ; Tyellow[0] ; count[7] ; clk      ;
; N/A                                     ; None                                                ; 15.512 ns  ; Tyellow[0] ; count[6] ; clk      ;
; N/A                                     ; None                                                ; 15.512 ns  ; Tyellow[0] ; count[4] ; clk      ;
; N/A                                     ; None                                                ; 15.512 ns  ; Tyellow[0] ; count[5] ; clk      ;
; N/A                                     ; None                                                ; 15.512 ns  ; Tyellow[0] ; count[3] ; clk      ;
; N/A                                     ; None                                                ; 15.512 ns  ; Tyellow[0] ; count[2] ; clk      ;
; N/A                                     ; None                                                ; 15.512 ns  ; Tyellow[0] ; count[1] ; clk      ;
; N/A                                     ; None                                                ; 15.512 ns  ; Tyellow[0] ; count[0] ; clk      ;
; N/A                                     ; None                                                ; 15.463 ns  ; Tgreen[0]  ; count[7] ; clk      ;
; N/A                                     ; None                                                ; 15.463 ns  ; Tgreen[0]  ; count[6] ; clk      ;
; N/A                                     ; None                                                ; 15.463 ns  ; Tgreen[0]  ; count[4] ; clk      ;
; N/A                                     ; None                                                ; 15.463 ns  ; Tgreen[0]  ; count[5] ; clk      ;
; N/A                                     ; None                                                ; 15.463 ns  ; Tgreen[0]  ; count[3] ; clk      ;
; N/A                                     ; None                                                ; 15.463 ns  ; Tgreen[0]  ; count[2] ; clk      ;
; N/A                                     ; None                                                ; 15.463 ns  ; Tgreen[0]  ; count[1] ; clk      ;
; N/A                                     ; None                                                ; 15.463 ns  ; Tgreen[0]  ; count[0] ; clk      ;
; N/A                                     ; None                                                ; 15.436 ns  ; Tgreen[2]  ; count[7] ; clk      ;
; N/A                                     ; None                                                ; 15.436 ns  ; Tgreen[2]  ; count[6] ; clk      ;
; N/A                                     ; None                                                ; 15.436 ns  ; Tgreen[2]  ; count[4] ; clk      ;
; N/A                                     ; None                                                ; 15.436 ns  ; Tgreen[2]  ; count[5] ; clk      ;
; N/A                                     ; None                                                ; 15.436 ns  ; Tgreen[2]  ; count[3] ; clk      ;
; N/A                                     ; None                                                ; 15.436 ns  ; Tgreen[2]  ; count[2] ; clk      ;
; N/A                                     ; None                                                ; 15.436 ns  ; Tgreen[2]  ; count[1] ; clk      ;
; N/A                                     ; None                                                ; 15.436 ns  ; Tgreen[2]  ; count[0] ; clk      ;
; N/A                                     ; None                                                ; 15.189 ns  ; Tgreen[3]  ; count[7] ; clk      ;
; N/A                                     ; None                                                ; 15.189 ns  ; Tgreen[3]  ; count[6] ; clk      ;
; N/A                                     ; None                                                ; 15.189 ns  ; Tgreen[3]  ; count[4] ; clk      ;
; N/A                                     ; None                                                ; 15.189 ns  ; Tgreen[3]  ; count[5] ; clk      ;
; N/A                                     ; None                                                ; 15.189 ns  ; Tgreen[3]  ; count[3] ; clk      ;
; N/A                                     ; None                                                ; 15.189 ns  ; Tgreen[3]  ; count[2] ; clk      ;
; N/A                                     ; None                                                ; 15.189 ns  ; Tgreen[3]  ; count[1] ; clk      ;
; N/A                                     ; None                                                ; 15.189 ns  ; Tgreen[3]  ; count[0] ; clk      ;
; N/A                                     ; None                                                ; 15.108 ns  ; Tyellow[3] ; count[7] ; clk      ;
; N/A                                     ; None                                                ; 15.108 ns  ; Tyellow[3] ; count[6] ; clk      ;
; N/A                                     ; None                                                ; 15.108 ns  ; Tyellow[3] ; count[4] ; clk      ;
; N/A                                     ; None                                                ; 15.108 ns  ; Tyellow[3] ; count[5] ; clk      ;
; N/A                                     ; None                                                ; 15.108 ns  ; Tyellow[3] ; count[3] ; clk      ;
; N/A                                     ; None                                                ; 15.108 ns  ; Tyellow[3] ; count[2] ; clk      ;
; N/A                                     ; None                                                ; 15.108 ns  ; Tyellow[3] ; count[1] ; clk      ;
; N/A                                     ; None                                                ; 15.108 ns  ; Tyellow[3] ; count[0] ; clk      ;
; N/A                                     ; None                                                ; 14.379 ns  ; Tyellow[4] ; count[7] ; clk      ;
; N/A                                     ; None                                                ; 14.379 ns  ; Tyellow[4] ; count[6] ; clk      ;
; N/A                                     ; None                                                ; 14.379 ns  ; Tyellow[4] ; count[4] ; clk      ;
; N/A                                     ; None                                                ; 14.379 ns  ; Tyellow[4] ; count[5] ; clk      ;
; N/A                                     ; None                                                ; 14.379 ns  ; Tyellow[4] ; count[3] ; clk      ;
; N/A                                     ; None                                                ; 14.379 ns  ; Tyellow[4] ; count[2] ; clk      ;
; N/A                                     ; None                                                ; 14.379 ns  ; Tyellow[4] ; count[1] ; clk      ;
; N/A                                     ; None                                                ; 14.379 ns  ; Tyellow[4] ; count[0] ; clk      ;
; N/A                                     ; None                                                ; 14.240 ns  ; Tyellow[2] ; R1~reg0  ; clk      ;
; N/A                                     ; None                                                ; 14.231 ns  ; Tgreen[1]  ; R2~reg0  ; clk      ;
; N/A                                     ; None                                                ; 14.199 ns  ; Tyellow[2] ; R2~reg0  ; clk      ;
; N/A                                     ; None                                                ; 14.182 ns  ; Tyellow[1] ; R2~reg0  ; clk      ;
; N/A                                     ; None                                                ; 14.027 ns  ; Tgreen[4]  ; count[7] ; clk      ;
; N/A                                     ; None                                                ; 14.027 ns  ; Tgreen[4]  ; count[6] ; clk      ;
; N/A                                     ; None                                                ; 14.027 ns  ; Tgreen[4]  ; count[4] ; clk      ;
; N/A                                     ; None                                                ; 14.027 ns  ; Tgreen[4]  ; count[5] ; clk      ;
; N/A                                     ; None                                                ; 14.027 ns  ; Tgreen[4]  ; count[3] ; clk      ;
; N/A                                     ; None                                                ; 14.027 ns  ; Tgreen[4]  ; count[2] ; clk      ;
; N/A                                     ; None                                                ; 14.027 ns  ; Tgreen[4]  ; count[1] ; clk      ;
; N/A                                     ; None                                                ; 14.027 ns  ; Tgreen[4]  ; count[0] ; clk      ;
; N/A                                     ; None                                                ; 13.931 ns  ; Tgreen[1]  ; G1~reg0  ; clk      ;
; N/A                                     ; None                                                ; 13.930 ns  ; Tgreen[1]  ; Y2~reg0  ; clk      ;
; N/A                                     ; None                                                ; 13.899 ns  ; Tyellow[2] ; G1~reg0  ; clk      ;
; N/A                                     ; None                                                ; 13.898 ns  ; Tyellow[2] ; Y2~reg0  ; clk      ;
; N/A                                     ; None                                                ; 13.882 ns  ; Tyellow[1] ; G1~reg0  ; clk      ;
; N/A                                     ; None                                                ; 13.881 ns  ; Tyellow[0] ; R2~reg0  ; clk      ;
; N/A                                     ; None                                                ; 13.881 ns  ; Tyellow[1] ; Y2~reg0  ; clk      ;
; N/A                                     ; None                                                ; 13.878 ns  ; Tgreen[3]  ; R2~reg0  ; clk      ;
; N/A                                     ; None                                                ; 13.832 ns  ; Tgreen[0]  ; R2~reg0  ; clk      ;
; N/A                                     ; None                                                ; 13.828 ns  ; Tgreen[1]  ; R1~reg0  ; clk      ;
; N/A                                     ; None                                                ; 13.779 ns  ; Tyellow[1] ; R1~reg0  ; clk      ;
; N/A                                     ; None                                                ; 13.750 ns  ; Tyellow[3] ; R2~reg0  ; clk      ;
; N/A                                     ; None                                                ; 13.581 ns  ; Tyellow[0] ; G1~reg0  ; clk      ;
; N/A                                     ; None                                                ; 13.580 ns  ; Tyellow[0] ; Y2~reg0  ; clk      ;
; N/A                                     ; None                                                ; 13.578 ns  ; Tgreen[3]  ; G1~reg0  ; clk      ;
; N/A                                     ; None                                                ; 13.577 ns  ; Tgreen[3]  ; Y2~reg0  ; clk      ;
; N/A                                     ; None                                                ; 13.532 ns  ; Tgreen[0]  ; G1~reg0  ; clk      ;
; N/A                                     ; None                                                ; 13.531 ns  ; Tgreen[0]  ; Y2~reg0  ; clk      ;
; N/A                                     ; None                                                ; 13.478 ns  ; Tyellow[0] ; R1~reg0  ; clk      ;
; N/A                                     ; None                                                ; 13.450 ns  ; Tyellow[3] ; G1~reg0  ; clk      ;
; N/A                                     ; None                                                ; 13.449 ns  ; Tyellow[3] ; Y2~reg0  ; clk      ;
; N/A                                     ; None                                                ; 13.429 ns  ; Tgreen[0]  ; R1~reg0  ; clk      ;
; N/A                                     ; None                                                ; 13.419 ns  ; Tgreen[5]  ; count[7] ; clk      ;
; N/A                                     ; None                                                ; 13.419 ns  ; Tgreen[5]  ; count[6] ; clk      ;
; N/A                                     ; None                                                ; 13.419 ns  ; Tgreen[5]  ; count[4] ; clk      ;
; N/A                                     ; None                                                ; 13.419 ns  ; Tgreen[5]  ; count[5] ; clk      ;
; N/A                                     ; None                                                ; 13.419 ns  ; Tgreen[5]  ; count[3] ; clk      ;
; N/A                                     ; None                                                ; 13.419 ns  ; Tgreen[5]  ; count[2] ; clk      ;
; N/A                                     ; None                                                ; 13.419 ns  ; Tgreen[5]  ; count[1] ; clk      ;
; N/A                                     ; None                                                ; 13.419 ns  ; Tgreen[5]  ; count[0] ; clk      ;
; N/A                                     ; None                                                ; 13.402 ns  ; Tgreen[2]  ; R1~reg0  ; clk      ;
; N/A                                     ; None                                                ; 13.361 ns  ; Tgreen[2]  ; R2~reg0  ; clk      ;
; N/A                                     ; None                                                ; 13.358 ns  ; Tyellow[5] ; count[7] ; clk      ;
; N/A                                     ; None                                                ; 13.358 ns  ; Tyellow[5] ; count[6] ; clk      ;
; N/A                                     ; None                                                ; 13.358 ns  ; Tyellow[5] ; count[4] ; clk      ;
; N/A                                     ; None                                                ; 13.358 ns  ; Tyellow[5] ; count[5] ; clk      ;
; N/A                                     ; None                                                ; 13.358 ns  ; Tyellow[5] ; count[3] ; clk      ;
; N/A                                     ; None                                                ; 13.358 ns  ; Tyellow[5] ; count[2] ; clk      ;
; N/A                                     ; None                                                ; 13.358 ns  ; Tyellow[5] ; count[1] ; clk      ;
; N/A                                     ; None                                                ; 13.358 ns  ; Tyellow[5] ; count[0] ; clk      ;
; N/A                                     ; None                                                ; 13.155 ns  ; Tgreen[3]  ; R1~reg0  ; clk      ;
; N/A                                     ; None                                                ; 13.074 ns  ; Tyellow[3] ; R1~reg0  ; clk      ;
; N/A                                     ; None                                                ; 13.061 ns  ; Tgreen[2]  ; G1~reg0  ; clk      ;
; N/A                                     ; None                                                ; 13.060 ns  ; Tgreen[2]  ; Y2~reg0  ; clk      ;
; N/A                                     ; None                                                ; 12.871 ns  ; Tgreen[1]  ; G2~reg0  ; clk      ;
; N/A                                     ; None                                                ; 12.839 ns  ; Tyellow[2] ; G2~reg0  ; clk      ;
; N/A                                     ; None                                                ; 12.822 ns  ; Tyellow[1] ; G2~reg0  ; clk      ;
; N/A                                     ; None                                                ; 12.658 ns  ; Tyellow[4] ; R2~reg0  ; clk      ;
; N/A                                     ; None                                                ; 12.521 ns  ; Tyellow[0] ; G2~reg0  ; clk      ;
; N/A                                     ; None                                                ; 12.518 ns  ; Tgreen[3]  ; G2~reg0  ; clk      ;
; N/A                                     ; None                                                ; 12.472 ns  ; Tgreen[0]  ; G2~reg0  ; clk      ;
; N/A                                     ; None                                                ; 12.390 ns  ; Tyellow[3] ; G2~reg0  ; clk      ;
; N/A                                     ; None                                                ; 12.358 ns  ; Tyellow[4] ; G1~reg0  ; clk      ;
; N/A                                     ; None                                                ; 12.357 ns  ; Tyellow[4] ; Y2~reg0  ; clk      ;
; N/A                                     ; None                                                ; 12.345 ns  ; Tyellow[4] ; R1~reg0  ; clk      ;
; N/A                                     ; None                                                ; 12.306 ns  ; Tgreen[4]  ; R2~reg0  ; clk      ;
; N/A                                     ; None                                                ; 12.174 ns  ; Tred[0]    ; count[7] ; clk      ;
; N/A                                     ; None                                                ; 12.174 ns  ; Tred[0]    ; count[6] ; clk      ;
; N/A                                     ; None                                                ; 12.174 ns  ; Tred[0]    ; count[4] ; clk      ;
; N/A                                     ; None                                                ; 12.174 ns  ; Tred[0]    ; count[5] ; clk      ;
; N/A                                     ; None                                                ; 12.174 ns  ; Tred[0]    ; count[3] ; clk      ;
; N/A                                     ; None                                                ; 12.174 ns  ; Tred[0]    ; count[2] ; clk      ;
; N/A                                     ; None                                                ; 12.174 ns  ; Tred[0]    ; count[1] ; clk      ;
; N/A                                     ; None                                                ; 12.174 ns  ; Tred[0]    ; count[0] ; clk      ;
; N/A                                     ; None                                                ; 12.006 ns  ; Tgreen[4]  ; G1~reg0  ; clk      ;
; N/A                                     ; None                                                ; 12.005 ns  ; Tgreen[4]  ; Y2~reg0  ; clk      ;
; N/A                                     ; None                                                ; 12.001 ns  ; Tred[1]    ; count[7] ; clk      ;
; N/A                                     ; None                                                ; 12.001 ns  ; Tred[1]    ; count[6] ; clk      ;
; N/A                                     ; None                                                ; 12.001 ns  ; Tred[1]    ; count[4] ; clk      ;
; N/A                                     ; None                                                ; 12.001 ns  ; Tred[1]    ; count[5] ; clk      ;
; N/A                                     ; None                                                ; 12.001 ns  ; Tred[1]    ; count[3] ; clk      ;
; N/A                                     ; None                                                ; 12.001 ns  ; Tred[1]    ; count[2] ; clk      ;
; N/A                                     ; None                                                ; 12.001 ns  ; Tred[1]    ; count[1] ; clk      ;
; N/A                                     ; None                                                ; 12.001 ns  ; Tred[1]    ; count[0] ; clk      ;
; N/A                                     ; None                                                ; 12.001 ns  ; Tgreen[2]  ; G2~reg0  ; clk      ;
; N/A                                     ; None                                                ; 11.993 ns  ; Tgreen[4]  ; R1~reg0  ; clk      ;
; N/A                                     ; None                                                ; 11.979 ns  ; Tred[2]    ; count[7] ; clk      ;
; N/A                                     ; None                                                ; 11.979 ns  ; Tred[2]    ; count[6] ; clk      ;
; N/A                                     ; None                                                ; 11.979 ns  ; Tred[2]    ; count[4] ; clk      ;
; N/A                                     ; None                                                ; 11.979 ns  ; Tred[2]    ; count[5] ; clk      ;
; N/A                                     ; None                                                ; 11.979 ns  ; Tred[2]    ; count[3] ; clk      ;
; N/A                                     ; None                                                ; 11.979 ns  ; Tred[2]    ; count[2] ; clk      ;
; N/A                                     ; None                                                ; 11.979 ns  ; Tred[2]    ; count[1] ; clk      ;
; N/A                                     ; None                                                ; 11.979 ns  ; Tred[2]    ; count[0] ; clk      ;
; N/A                                     ; None                                                ; 11.893 ns  ; Tred[3]    ; count[7] ; clk      ;
; N/A                                     ; None                                                ; 11.893 ns  ; Tred[3]    ; count[6] ; clk      ;
; N/A                                     ; None                                                ; 11.893 ns  ; Tred[3]    ; count[4] ; clk      ;
; N/A                                     ; None                                                ; 11.893 ns  ; Tred[3]    ; count[5] ; clk      ;
; N/A                                     ; None                                                ; 11.893 ns  ; Tred[3]    ; count[3] ; clk      ;
; N/A                                     ; None                                                ; 11.893 ns  ; Tred[3]    ; count[2] ; clk      ;
; N/A                                     ; None                                                ; 11.893 ns  ; Tred[3]    ; count[1] ; clk      ;
; N/A                                     ; None                                                ; 11.893 ns  ; Tred[3]    ; count[0] ; clk      ;
; N/A                                     ; None                                                ; 11.727 ns  ; Tgreen[5]  ; R2~reg0  ; clk      ;
; N/A                                     ; None                                                ; 11.689 ns  ; Tyellow[5] ; R2~reg0  ; clk      ;
; N/A                                     ; None                                                ; 11.427 ns  ; Tgreen[5]  ; G1~reg0  ; clk      ;
; N/A                                     ; None                                                ; 11.426 ns  ; Tgreen[5]  ; Y2~reg0  ; clk      ;
; N/A                                     ; None                                                ; 11.389 ns  ; Tyellow[5] ; G1~reg0  ; clk      ;
; N/A                                     ; None                                                ; 11.388 ns  ; Tyellow[5] ; Y2~reg0  ; clk      ;
; N/A                                     ; None                                                ; 11.385 ns  ; Tgreen[5]  ; R1~reg0  ; clk      ;
; N/A                                     ; None                                                ; 11.324 ns  ; Tyellow[5] ; R1~reg0  ; clk      ;
; N/A                                     ; None                                                ; 11.298 ns  ; Tyellow[4] ; G2~reg0  ; clk      ;
; N/A                                     ; None                                                ; 10.946 ns  ; Tgreen[4]  ; G2~reg0  ; clk      ;
; N/A                                     ; None                                                ; 10.556 ns  ; Tred[5]    ; count[7] ; clk      ;
; N/A                                     ; None                                                ; 10.556 ns  ; Tred[5]    ; count[6] ; clk      ;
; N/A                                     ; None                                                ; 10.556 ns  ; Tred[5]    ; count[4] ; clk      ;
; N/A                                     ; None                                                ; 10.556 ns  ; Tred[5]    ; count[5] ; clk      ;
; N/A                                     ; None                                                ; 10.556 ns  ; Tred[5]    ; count[3] ; clk      ;
; N/A                                     ; None                                                ; 10.556 ns  ; Tred[5]    ; count[2] ; clk      ;
; N/A                                     ; None                                                ; 10.556 ns  ; Tred[5]    ; count[1] ; clk      ;
; N/A                                     ; None                                                ; 10.556 ns  ; Tred[5]    ; count[0] ; clk      ;
; N/A                                     ; None                                                ; 10.367 ns  ; Tgreen[5]  ; G2~reg0  ; clk      ;
; N/A                                     ; None                                                ; 10.344 ns  ; Tred[4]    ; count[7] ; clk      ;
; N/A                                     ; None                                                ; 10.344 ns  ; Tred[4]    ; count[6] ; clk      ;
; N/A                                     ; None                                                ; 10.344 ns  ; Tred[4]    ; count[4] ; clk      ;
; N/A                                     ; None                                                ; 10.344 ns  ; Tred[4]    ; count[5] ; clk      ;
; N/A                                     ; None                                                ; 10.344 ns  ; Tred[4]    ; count[3] ; clk      ;
; Timing analysis restricted to 200 rows. ; To change the limit use Settings (Assignments menu) ;            ;            ;          ;          ;
+-----------------------------------------+-----------------------------------------------------+------------+------------+----------+----------+


+---------------------------------------------------------------+
; tco                                                           ;
+-------+--------------+------------+---------+----+------------+
; Slack ; Required tco ; Actual tco ; From    ; To ; From Clock ;
+-------+--------------+------------+---------+----+------------+
; N/A   ; None         ; 9.354 ns   ; R2~reg0 ; R2 ; clk        ;
; N/A   ; None         ; 8.531 ns   ; R1~reg0 ; R1 ; clk        ;
; N/A   ; None         ; 8.504 ns   ; G1~reg0 ; G1 ; clk        ;
; N/A   ; None         ; 8.464 ns   ; G2~reg0 ; G2 ; clk        ;
; N/A   ; None         ; 8.364 ns   ; Y2~reg0 ; Y2 ; clk        ;
; N/A   ; None         ; 8.321 ns   ; Y1~reg0 ; Y1 ; clk        ;
+-------+--------------+------------+---------+----+------------+


+----------------------------------------------------------------------------------------------------------------------------------------------+
; th                                                                                                                                           ;
+-----------------------------------------+-----------------------------------------------------+-----------+------------+----------+----------+
; Minimum Slack                           ; Required th                                         ; Actual th ; From       ; To       ; To Clock ;
+-----------------------------------------+-----------------------------------------------------+-----------+------------+----------+----------+
; N/A                                     ; None                                                ; -4.075 ns ; Tred[4]    ; Y2~reg0  ; clk      ;
; N/A                                     ; None                                                ; -4.383 ns ; Tred[5]    ; Y2~reg0  ; clk      ;
; N/A                                     ; None                                                ; -4.700 ns ; Tgreen[4]  ; Y1~reg0  ; clk      ;
; N/A                                     ; None                                                ; -4.744 ns ; Tyellow[5] ; Y1~reg0  ; clk      ;
; N/A                                     ; None                                                ; -4.851 ns ; Tgreen[4]  ; G2~reg0  ; clk      ;
; N/A                                     ; None                                                ; -4.935 ns ; Tred[3]    ; Y2~reg0  ; clk      ;
; N/A                                     ; None                                                ; -4.949 ns ; Tred[4]    ; G1~reg0  ; clk      ;
; N/A                                     ; None                                                ; -5.009 ns ; Tred[2]    ; Y2~reg0  ; clk      ;
; N/A                                     ; None                                                ; -5.020 ns ; Tred[1]    ; Y2~reg0  ; clk      ;
; N/A                                     ; None                                                ; -5.091 ns ; Tyellow[0] ; R1~reg0  ; clk      ;
; N/A                                     ; None                                                ; -5.154 ns ; Tyellow[5] ; G2~reg0  ; clk      ;
; N/A                                     ; None                                                ; -5.181 ns ; Tred[0]    ; Y2~reg0  ; clk      ;
; N/A                                     ; None                                                ; -5.257 ns ; Tred[5]    ; G1~reg0  ; clk      ;
; N/A                                     ; None                                                ; -5.300 ns ; Tgreen[0]  ; R1~reg0  ; clk      ;
; N/A                                     ; None                                                ; -5.395 ns ; Tgreen[0]  ; Y1~reg0  ; clk      ;
; N/A                                     ; None                                                ; -5.397 ns ; Tgreen[4]  ; R1~reg0  ; clk      ;
; N/A                                     ; None                                                ; -5.436 ns ; Tgreen[3]  ; Y1~reg0  ; clk      ;
; N/A                                     ; None                                                ; -5.546 ns ; Tgreen[0]  ; G2~reg0  ; clk      ;
; N/A                                     ; None                                                ; -5.570 ns ; Tyellow[0] ; G2~reg0  ; clk      ;
; N/A                                     ; None                                                ; -5.587 ns ; Tgreen[3]  ; G2~reg0  ; clk      ;
; N/A                                     ; None                                                ; -5.587 ns ; Tyellow[5] ; R1~reg0  ; clk      ;
; N/A                                     ; None                                                ; -5.587 ns ; Tyellow[5] ; R2~reg0  ; clk      ;
; N/A                                     ; None                                                ; -5.638 ns ; Tgreen[5]  ; Y1~reg0  ; clk      ;
; N/A                                     ; None                                                ; -5.660 ns ; Tgreen[5]  ; G2~reg0  ; clk      ;
; N/A                                     ; None                                                ; -5.809 ns ; Tred[3]    ; G1~reg0  ; clk      ;
; N/A                                     ; None                                                ; -5.814 ns ; Tyellow[3] ; Y1~reg0  ; clk      ;
; N/A                                     ; None                                                ; -5.883 ns ; Tred[2]    ; G1~reg0  ; clk      ;
; N/A                                     ; None                                                ; -5.894 ns ; Tred[1]    ; G1~reg0  ; clk      ;
; N/A                                     ; None                                                ; -5.909 ns ; Tyellow[4] ; G2~reg0  ; clk      ;
; N/A                                     ; None                                                ; -5.909 ns ; Tred[4]    ; R2~reg0  ; clk      ;
; N/A                                     ; None                                                ; -5.950 ns ; Tgreen[5]  ; R1~reg0  ; clk      ;
; N/A                                     ; None                                                ; -6.009 ns ; Tgreen[2]  ; G2~reg0  ; clk      ;
; N/A                                     ; None                                                ; -6.010 ns ; Tyellow[1] ; Y1~reg0  ; clk      ;
; N/A                                     ; None                                                ; -6.055 ns ; Tred[0]    ; G1~reg0  ; clk      ;
; N/A                                     ; None                                                ; -6.087 ns ; Tyellow[4] ; Y1~reg0  ; clk      ;
; N/A                                     ; None                                                ; -6.133 ns ; Tgreen[3]  ; R1~reg0  ; clk      ;
; N/A                                     ; None                                                ; -6.137 ns ; Tgreen[4]  ; R2~reg0  ; clk      ;
; N/A                                     ; None                                                ; -6.217 ns ; Tred[5]    ; R2~reg0  ; clk      ;
; N/A                                     ; None                                                ; -6.218 ns ; Tred[4]    ; R1~reg0  ; clk      ;
; N/A                                     ; None                                                ; -6.224 ns ; Tyellow[3] ; G2~reg0  ; clk      ;
; N/A                                     ; None                                                ; -6.280 ns ; Tgreen[4]  ; G1~reg0  ; clk      ;
; N/A                                     ; None                                                ; -6.374 ns ; Tyellow[1] ; G2~reg0  ; clk      ;
; N/A                                     ; None                                                ; -6.422 ns ; Tgreen[1]  ; G2~reg0  ; clk      ;
; N/A                                     ; None                                                ; -6.450 ns ; Tyellow[2] ; Y1~reg0  ; clk      ;
; N/A                                     ; None                                                ; -6.458 ns ; Tgreen[1]  ; Y1~reg0  ; clk      ;
; N/A                                     ; None                                                ; -6.526 ns ; Tred[5]    ; R1~reg0  ; clk      ;
; N/A                                     ; None                                                ; -6.600 ns ; Tgreen[2]  ; Y1~reg0  ; clk      ;
; N/A                                     ; None                                                ; -6.629 ns ; Tyellow[0] ; Y2~reg0  ; clk      ;
; N/A                                     ; None                                                ; -6.630 ns ; Tyellow[0] ; G1~reg0  ; clk      ;
; N/A                                     ; None                                                ; -6.655 ns ; Tgreen[2]  ; R1~reg0  ; clk      ;
; N/A                                     ; None                                                ; -6.657 ns ; Tyellow[3] ; R1~reg0  ; clk      ;
; N/A                                     ; None                                                ; -6.657 ns ; Tyellow[3] ; R2~reg0  ; clk      ;
; N/A                                     ; None                                                ; -6.769 ns ; Tred[3]    ; R2~reg0  ; clk      ;
; N/A                                     ; None                                                ; -6.787 ns ; Tyellow[4] ; R1~reg0  ; clk      ;
; N/A                                     ; None                                                ; -6.793 ns ; Tyellow[5] ; G1~reg0  ; clk      ;
; N/A                                     ; None                                                ; -6.793 ns ; Tyellow[5] ; Y2~reg0  ; clk      ;
; N/A                                     ; None                                                ; -6.802 ns ; Tyellow[0] ; Y1~reg0  ; clk      ;
; N/A                                     ; None                                                ; -6.832 ns ; Tgreen[0]  ; R2~reg0  ; clk      ;
; N/A                                     ; None                                                ; -6.838 ns ; Tgreen[0]  ; Y2~reg0  ; clk      ;
; N/A                                     ; None                                                ; -6.839 ns ; Tgreen[0]  ; G1~reg0  ; clk      ;
; N/A                                     ; None                                                ; -6.843 ns ; Tred[2]    ; R2~reg0  ; clk      ;
; N/A                                     ; None                                                ; -6.846 ns ; Tyellow[2] ; G2~reg0  ; clk      ;
; N/A                                     ; None                                                ; -6.850 ns ; Tgreen[4]  ; Y2~reg0  ; clk      ;
; N/A                                     ; None                                                ; -6.853 ns ; Tyellow[1] ; R1~reg0  ; clk      ;
; N/A                                     ; None                                                ; -6.853 ns ; Tyellow[1] ; R2~reg0  ; clk      ;
; N/A                                     ; None                                                ; -6.854 ns ; Tred[1]    ; R2~reg0  ; clk      ;
; N/A                                     ; None                                                ; -6.873 ns ; Tgreen[3]  ; R2~reg0  ; clk      ;
; N/A                                     ; None                                                ; -6.917 ns ; Tgreen[4]  ; count[7] ; clk      ;
; N/A                                     ; None                                                ; -6.917 ns ; Tgreen[4]  ; count[6] ; clk      ;
; N/A                                     ; None                                                ; -6.917 ns ; Tgreen[4]  ; count[4] ; clk      ;
; N/A                                     ; None                                                ; -6.917 ns ; Tgreen[4]  ; count[5] ; clk      ;
; N/A                                     ; None                                                ; -6.917 ns ; Tgreen[4]  ; count[3] ; clk      ;
; N/A                                     ; None                                                ; -6.917 ns ; Tgreen[4]  ; count[2] ; clk      ;
; N/A                                     ; None                                                ; -6.917 ns ; Tgreen[4]  ; count[1] ; clk      ;
; N/A                                     ; None                                                ; -6.917 ns ; Tgreen[4]  ; count[0] ; clk      ;
; N/A                                     ; None                                                ; -6.930 ns ; Tyellow[0] ; R2~reg0  ; clk      ;
; N/A                                     ; None                                                ; -6.930 ns ; Tyellow[4] ; R2~reg0  ; clk      ;
; N/A                                     ; None                                                ; -7.009 ns ; Tgreen[5]  ; R2~reg0  ; clk      ;
; N/A                                     ; None                                                ; -7.015 ns ; Tred[0]    ; R2~reg0  ; clk      ;
; N/A                                     ; None                                                ; -7.016 ns ; Tgreen[3]  ; G1~reg0  ; clk      ;
; N/A                                     ; None                                                ; -7.078 ns ; Tred[3]    ; R1~reg0  ; clk      ;
; N/A                                     ; None                                                ; -7.089 ns ; Tgreen[5]  ; G1~reg0  ; clk      ;
; N/A                                     ; None                                                ; -7.101 ns ; Tgreen[1]  ; R1~reg0  ; clk      ;
; N/A                                     ; None                                                ; -7.152 ns ; Tred[2]    ; R1~reg0  ; clk      ;
; N/A                                     ; None                                                ; -7.163 ns ; Tred[1]    ; R1~reg0  ; clk      ;
; N/A                                     ; None                                                ; -7.245 ns ; Tgreen[5]  ; Y2~reg0  ; clk      ;
; N/A                                     ; None                                                ; -7.293 ns ; Tyellow[2] ; R1~reg0  ; clk      ;
; N/A                                     ; None                                                ; -7.293 ns ; Tyellow[2] ; R2~reg0  ; clk      ;
; N/A                                     ; None                                                ; -7.324 ns ; Tred[0]    ; R1~reg0  ; clk      ;
; N/A                                     ; None                                                ; -7.338 ns ; Tyellow[4] ; G1~reg0  ; clk      ;
; N/A                                     ; None                                                ; -7.358 ns ; Tgreen[2]  ; R2~reg0  ; clk      ;
; N/A                                     ; None                                                ; -7.372 ns ; Tyellow[4] ; Y2~reg0  ; clk      ;
; N/A                                     ; None                                                ; -7.392 ns ; Tgreen[2]  ; Y2~reg0  ; clk      ;
; N/A                                     ; None                                                ; -7.438 ns ; Tgreen[2]  ; G1~reg0  ; clk      ;
; N/A                                     ; None                                                ; -7.586 ns ; Tgreen[3]  ; Y2~reg0  ; clk      ;
; N/A                                     ; None                                                ; -7.612 ns ; Tgreen[0]  ; count[7] ; clk      ;
; N/A                                     ; None                                                ; -7.612 ns ; Tgreen[0]  ; count[6] ; clk      ;
; N/A                                     ; None                                                ; -7.612 ns ; Tgreen[0]  ; count[4] ; clk      ;
; N/A                                     ; None                                                ; -7.612 ns ; Tgreen[0]  ; count[5] ; clk      ;
; N/A                                     ; None                                                ; -7.612 ns ; Tgreen[0]  ; count[3] ; clk      ;
; N/A                                     ; None                                                ; -7.612 ns ; Tgreen[0]  ; count[2] ; clk      ;
; N/A                                     ; None                                                ; -7.612 ns ; Tgreen[0]  ; count[1] ; clk      ;
; N/A                                     ; None                                                ; -7.612 ns ; Tgreen[0]  ; count[0] ; clk      ;
; N/A                                     ; None                                                ; -7.653 ns ; Tgreen[3]  ; count[7] ; clk      ;
; N/A                                     ; None                                                ; -7.653 ns ; Tgreen[3]  ; count[6] ; clk      ;
; N/A                                     ; None                                                ; -7.653 ns ; Tgreen[3]  ; count[4] ; clk      ;
; N/A                                     ; None                                                ; -7.653 ns ; Tgreen[3]  ; count[5] ; clk      ;
; N/A                                     ; None                                                ; -7.653 ns ; Tgreen[3]  ; count[3] ; clk      ;
; N/A                                     ; None                                                ; -7.653 ns ; Tgreen[3]  ; count[2] ; clk      ;
; N/A                                     ; None                                                ; -7.653 ns ; Tgreen[3]  ; count[1] ; clk      ;
; N/A                                     ; None                                                ; -7.653 ns ; Tgreen[3]  ; count[0] ; clk      ;
; N/A                                     ; None                                                ; -7.771 ns ; Tgreen[1]  ; R2~reg0  ; clk      ;
; N/A                                     ; None                                                ; -7.803 ns ; Tyellow[1] ; G1~reg0  ; clk      ;
; N/A                                     ; None                                                ; -7.840 ns ; Tyellow[3] ; G1~reg0  ; clk      ;
; N/A                                     ; None                                                ; -7.851 ns ; Tgreen[1]  ; G1~reg0  ; clk      ;
; N/A                                     ; None                                                ; -7.855 ns ; Tgreen[5]  ; count[7] ; clk      ;
; N/A                                     ; None                                                ; -7.855 ns ; Tgreen[5]  ; count[6] ; clk      ;
; N/A                                     ; None                                                ; -7.855 ns ; Tgreen[5]  ; count[4] ; clk      ;
; N/A                                     ; None                                                ; -7.855 ns ; Tgreen[5]  ; count[5] ; clk      ;
; N/A                                     ; None                                                ; -7.855 ns ; Tgreen[5]  ; count[3] ; clk      ;
; N/A                                     ; None                                                ; -7.855 ns ; Tgreen[5]  ; count[2] ; clk      ;
; N/A                                     ; None                                                ; -7.855 ns ; Tgreen[5]  ; count[1] ; clk      ;
; N/A                                     ; None                                                ; -7.855 ns ; Tgreen[5]  ; count[0] ; clk      ;
; N/A                                     ; None                                                ; -7.863 ns ; Tyellow[3] ; Y2~reg0  ; clk      ;
; N/A                                     ; None                                                ; -7.882 ns ; Tgreen[1]  ; Y2~reg0  ; clk      ;
; N/A                                     ; None                                                ; -7.890 ns ; Tyellow[1] ; Y2~reg0  ; clk      ;
; N/A                                     ; None                                                ; -7.901 ns ; Tyellow[0] ; count[7] ; clk      ;
; N/A                                     ; None                                                ; -7.901 ns ; Tyellow[0] ; count[6] ; clk      ;
; N/A                                     ; None                                                ; -7.901 ns ; Tyellow[0] ; count[4] ; clk      ;
; N/A                                     ; None                                                ; -7.901 ns ; Tyellow[0] ; count[5] ; clk      ;
; N/A                                     ; None                                                ; -7.901 ns ; Tyellow[0] ; count[3] ; clk      ;
; N/A                                     ; None                                                ; -7.901 ns ; Tyellow[0] ; count[2] ; clk      ;
; N/A                                     ; None                                                ; -7.901 ns ; Tyellow[0] ; count[1] ; clk      ;
; N/A                                     ; None                                                ; -7.901 ns ; Tyellow[0] ; count[0] ; clk      ;
; N/A                                     ; None                                                ; -8.173 ns ; Tyellow[2] ; Y2~reg0  ; clk      ;
; N/A                                     ; None                                                ; -8.252 ns ; Tred[4]    ; count[7] ; clk      ;
; N/A                                     ; None                                                ; -8.252 ns ; Tred[4]    ; count[6] ; clk      ;
; N/A                                     ; None                                                ; -8.252 ns ; Tred[4]    ; count[4] ; clk      ;
; N/A                                     ; None                                                ; -8.252 ns ; Tred[4]    ; count[5] ; clk      ;
; N/A                                     ; None                                                ; -8.252 ns ; Tred[4]    ; count[3] ; clk      ;
; N/A                                     ; None                                                ; -8.252 ns ; Tred[4]    ; count[2] ; clk      ;
; N/A                                     ; None                                                ; -8.252 ns ; Tred[4]    ; count[1] ; clk      ;
; N/A                                     ; None                                                ; -8.252 ns ; Tred[4]    ; count[0] ; clk      ;
; N/A                                     ; None                                                ; -8.275 ns ; Tyellow[2] ; G1~reg0  ; clk      ;
; N/A                                     ; None                                                ; -8.560 ns ; Tred[5]    ; count[7] ; clk      ;
; N/A                                     ; None                                                ; -8.560 ns ; Tred[5]    ; count[6] ; clk      ;
; N/A                                     ; None                                                ; -8.560 ns ; Tred[5]    ; count[4] ; clk      ;
; N/A                                     ; None                                                ; -8.560 ns ; Tred[5]    ; count[5] ; clk      ;
; N/A                                     ; None                                                ; -8.560 ns ; Tred[5]    ; count[3] ; clk      ;
; N/A                                     ; None                                                ; -8.560 ns ; Tred[5]    ; count[2] ; clk      ;
; N/A                                     ; None                                                ; -8.560 ns ; Tred[5]    ; count[1] ; clk      ;
; N/A                                     ; None                                                ; -8.560 ns ; Tred[5]    ; count[0] ; clk      ;
; N/A                                     ; None                                                ; -8.675 ns ; Tgreen[1]  ; count[7] ; clk      ;
; N/A                                     ; None                                                ; -8.675 ns ; Tgreen[1]  ; count[6] ; clk      ;
; N/A                                     ; None                                                ; -8.675 ns ; Tgreen[1]  ; count[4] ; clk      ;
; N/A                                     ; None                                                ; -8.675 ns ; Tgreen[1]  ; count[5] ; clk      ;
; N/A                                     ; None                                                ; -8.675 ns ; Tgreen[1]  ; count[3] ; clk      ;
; N/A                                     ; None                                                ; -8.675 ns ; Tgreen[1]  ; count[2] ; clk      ;
; N/A                                     ; None                                                ; -8.675 ns ; Tgreen[1]  ; count[1] ; clk      ;
; N/A                                     ; None                                                ; -8.675 ns ; Tgreen[1]  ; count[0] ; clk      ;
; N/A                                     ; None                                                ; -8.817 ns ; Tgreen[2]  ; count[7] ; clk      ;
; N/A                                     ; None                                                ; -8.817 ns ; Tgreen[2]  ; count[6] ; clk      ;
; N/A                                     ; None                                                ; -8.817 ns ; Tgreen[2]  ; count[4] ; clk      ;
; N/A                                     ; None                                                ; -8.817 ns ; Tgreen[2]  ; count[5] ; clk      ;
; N/A                                     ; None                                                ; -8.817 ns ; Tgreen[2]  ; count[3] ; clk      ;
; N/A                                     ; None                                                ; -8.817 ns ; Tgreen[2]  ; count[2] ; clk      ;
; N/A                                     ; None                                                ; -8.817 ns ; Tgreen[2]  ; count[1] ; clk      ;
; N/A                                     ; None                                                ; -8.817 ns ; Tgreen[2]  ; count[0] ; clk      ;
; N/A                                     ; None                                                ; -8.990 ns ; Tyellow[5] ; count[7] ; clk      ;
; N/A                                     ; None                                                ; -8.990 ns ; Tyellow[5] ; count[6] ; clk      ;
; N/A                                     ; None                                                ; -8.990 ns ; Tyellow[5] ; count[4] ; clk      ;
; N/A                                     ; None                                                ; -8.990 ns ; Tyellow[5] ; count[5] ; clk      ;
; N/A                                     ; None                                                ; -8.990 ns ; Tyellow[5] ; count[3] ; clk      ;
; N/A                                     ; None                                                ; -8.990 ns ; Tyellow[5] ; count[2] ; clk      ;
; N/A                                     ; None                                                ; -8.990 ns ; Tyellow[5] ; count[1] ; clk      ;
; N/A                                     ; None                                                ; -8.990 ns ; Tyellow[5] ; count[0] ; clk      ;
; N/A                                     ; None                                                ; -9.112 ns ; Tred[3]    ; count[7] ; clk      ;
; N/A                                     ; None                                                ; -9.112 ns ; Tred[3]    ; count[6] ; clk      ;
; N/A                                     ; None                                                ; -9.112 ns ; Tred[3]    ; count[4] ; clk      ;
; N/A                                     ; None                                                ; -9.112 ns ; Tred[3]    ; count[5] ; clk      ;
; N/A                                     ; None                                                ; -9.112 ns ; Tred[3]    ; count[3] ; clk      ;
; N/A                                     ; None                                                ; -9.112 ns ; Tred[3]    ; count[2] ; clk      ;
; N/A                                     ; None                                                ; -9.112 ns ; Tred[3]    ; count[1] ; clk      ;
; N/A                                     ; None                                                ; -9.112 ns ; Tred[3]    ; count[0] ; clk      ;
; N/A                                     ; None                                                ; -9.186 ns ; Tred[2]    ; count[7] ; clk      ;
; N/A                                     ; None                                                ; -9.186 ns ; Tred[2]    ; count[6] ; clk      ;
; N/A                                     ; None                                                ; -9.186 ns ; Tred[2]    ; count[4] ; clk      ;
; N/A                                     ; None                                                ; -9.186 ns ; Tred[2]    ; count[5] ; clk      ;
; N/A                                     ; None                                                ; -9.186 ns ; Tred[2]    ; count[3] ; clk      ;
; N/A                                     ; None                                                ; -9.186 ns ; Tred[2]    ; count[2] ; clk      ;
; N/A                                     ; None                                                ; -9.186 ns ; Tred[2]    ; count[1] ; clk      ;
; N/A                                     ; None                                                ; -9.186 ns ; Tred[2]    ; count[0] ; clk      ;
; N/A                                     ; None                                                ; -9.197 ns ; Tred[1]    ; count[7] ; clk      ;
; N/A                                     ; None                                                ; -9.197 ns ; Tred[1]    ; count[6] ; clk      ;
; N/A                                     ; None                                                ; -9.197 ns ; Tred[1]    ; count[4] ; clk      ;
; N/A                                     ; None                                                ; -9.197 ns ; Tred[1]    ; count[5] ; clk      ;
; N/A                                     ; None                                                ; -9.197 ns ; Tred[1]    ; count[3] ; clk      ;
; N/A                                     ; None                                                ; -9.197 ns ; Tred[1]    ; count[2] ; clk      ;
; N/A                                     ; None                                                ; -9.197 ns ; Tred[1]    ; count[1] ; clk      ;
; N/A                                     ; None                                                ; -9.197 ns ; Tred[1]    ; count[0] ; clk      ;
; Timing analysis restricted to 200 rows. ; To change the limit use Settings (Assignments menu) ;           ;            ;          ;          ;
+-----------------------------------------+-----------------------------------------------------+-----------+------------+----------+----------+


+--------------------------+
; Timing Analyzer Messages ;
+--------------------------+
Info: *******************************************************************
Info: Running Quartus II Classic Timing Analyzer
    Info: Version 9.1 Build 350 03/24/2010 Service Pack 2 SJ Web Edition
    Info: Processing started: Thu Jul 23 17:05:19 2020
Info: Command: quartus_tan --read_settings_files=off --write_settings_files=off HK2_1516 -c HK2_1516
Info: Started post-fitting delay annotation
Info: Delay annotation completed successfully
Warning: Found pins functioning as undefined clocks and/or memory enables
    Info: Assuming node "clk" is an undefined clock
Info: Clock "clk" has Internal fmax of 82.98 MHz between source register "count[2]" and destination register "G1~reg0" (period= 12.051 ns)
    Info: + Longest register to register delay is 11.342 ns
        Info: 1: + IC(0.000 ns) + CELL(0.000 ns) = 0.000 ns; Loc. = LC_X3_Y6_N2; Fanout = 12; REG Node = 'count[2]'
        Info: 2: + IC(3.084 ns) + CELL(1.077 ns) = 4.161 ns; Loc. = LC_X8_Y7_N4; Fanout = 1; COMB Node = 'LessThan1~17'
        Info: 3: + IC(0.000 ns) + CELL(0.975 ns) = 5.136 ns; Loc. = LC_X8_Y7_N7; Fanout = 2; COMB Node = 'LessThan1~0'
        Info: 4: + IC(2.441 ns) + CELL(0.200 ns) = 7.777 ns; Loc. = LC_X5_Y6_N0; Fanout = 5; COMB Node = 'Y1~0'
        Info: 5: + IC(2.322 ns) + CELL(1.243 ns) = 11.342 ns; Loc. = LC_X4_Y7_N9; Fanout = 1; REG Node = 'G1~reg0'
        Info: Total cell delay = 3.495 ns ( 30.81 % )
        Info: Total interconnect delay = 7.847 ns ( 69.19 % )
    Info: - Smallest clock skew is 0.000 ns
        Info: + Shortest clock path from clock "clk" to destination register is 3.681 ns
            Info: 1: + IC(0.000 ns) + CELL(1.163 ns) = 1.163 ns; Loc. = PIN_18; Fanout = 14; CLK Node = 'clk'
            Info: 2: + IC(1.600 ns) + CELL(0.918 ns) = 3.681 ns; Loc. = LC_X4_Y7_N9; Fanout = 1; REG Node = 'G1~reg0'
            Info: Total cell delay = 2.081 ns ( 56.53 % )
            Info: Total interconnect delay = 1.600 ns ( 43.47 % )
        Info: - Longest clock path from clock "clk" to source register is 3.681 ns
            Info: 1: + IC(0.000 ns) + CELL(1.163 ns) = 1.163 ns; Loc. = PIN_18; Fanout = 14; CLK Node = 'clk'
            Info: 2: + IC(1.600 ns) + CELL(0.918 ns) = 3.681 ns; Loc. = LC_X3_Y6_N2; Fanout = 12; REG Node = 'count[2]'
            Info: Total cell delay = 2.081 ns ( 56.53 % )
            Info: Total interconnect delay = 1.600 ns ( 43.47 % )
    Info: + Micro clock to output delay of source is 0.376 ns
    Info: + Micro setup delay of destination is 0.333 ns
Info: tsu for register "count[7]" (data pin = "Tyellow[2]", clock pin = "clk") is 16.274 ns
    Info: + Longest pin to register delay is 19.622 ns
        Info: 1: + IC(0.000 ns) + CELL(1.132 ns) = 1.132 ns; Loc. = PIN_93; Fanout = 4; PIN Node = 'Tyellow[2]'
        Info: 2: + IC(2.985 ns) + CELL(0.978 ns) = 5.095 ns; Loc. = LC_X4_Y4_N3; Fanout = 2; COMB Node = 'Add0~22'
        Info: 3: + IC(0.000 ns) + CELL(0.815 ns) = 5.910 ns; Loc. = LC_X4_Y4_N4; Fanout = 7; COMB Node = 'Add0~15'
        Info: 4: + IC(2.352 ns) + CELL(0.747 ns) = 9.009 ns; Loc. = LC_X4_Y5_N3; Fanout = 2; COMB Node = 'Add2~22'
        Info: 5: + IC(0.000 ns) + CELL(0.815 ns) = 9.824 ns; Loc. = LC_X4_Y5_N4; Fanout = 1; COMB Node = 'Add2~15'
        Info: 6: + IC(2.796 ns) + CELL(0.954 ns) = 13.574 ns; Loc. = LC_X4_Y7_N4; Fanout = 1; COMB Node = 'LessThan4~17'
        Info: 7: + IC(0.000 ns) + CELL(0.975 ns) = 14.549 ns; Loc. = LC_X4_Y7_N7; Fanout = 5; COMB Node = 'LessThan4~0'
        Info: 8: + IC(1.985 ns) + CELL(0.511 ns) = 17.045 ns; Loc. = LC_X3_Y6_N8; Fanout = 8; COMB Node = 'count[7]~5'
        Info: 9: + IC(0.669 ns) + CELL(1.908 ns) = 19.622 ns; Loc. = LC_X3_Y6_N7; Fanout = 8; REG Node = 'count[7]'
        Info: Total cell delay = 8.835 ns ( 45.03 % )
        Info: Total interconnect delay = 10.787 ns ( 54.97 % )
    Info: + Micro setup delay of destination is 0.333 ns
    Info: - Shortest clock path from clock "clk" to destination register is 3.681 ns
        Info: 1: + IC(0.000 ns) + CELL(1.163 ns) = 1.163 ns; Loc. = PIN_18; Fanout = 14; CLK Node = 'clk'
        Info: 2: + IC(1.600 ns) + CELL(0.918 ns) = 3.681 ns; Loc. = LC_X3_Y6_N7; Fanout = 8; REG Node = 'count[7]'
        Info: Total cell delay = 2.081 ns ( 56.53 % )
        Info: Total interconnect delay = 1.600 ns ( 43.47 % )
Info: tco from clock "clk" to destination pin "R2" through register "R2~reg0" is 9.354 ns
    Info: + Longest clock path from clock "clk" to source register is 3.681 ns
        Info: 1: + IC(0.000 ns) + CELL(1.163 ns) = 1.163 ns; Loc. = PIN_18; Fanout = 14; CLK Node = 'clk'
        Info: 2: + IC(1.600 ns) + CELL(0.918 ns) = 3.681 ns; Loc. = LC_X4_Y6_N9; Fanout = 1; REG Node = 'R2~reg0'
        Info: Total cell delay = 2.081 ns ( 56.53 % )
        Info: Total interconnect delay = 1.600 ns ( 43.47 % )
    Info: + Micro clock to output delay of source is 0.376 ns
    Info: + Longest register to pin delay is 5.297 ns
        Info: 1: + IC(0.000 ns) + CELL(0.000 ns) = 0.000 ns; Loc. = LC_X4_Y6_N9; Fanout = 1; REG Node = 'R2~reg0'
        Info: 2: + IC(2.975 ns) + CELL(2.322 ns) = 5.297 ns; Loc. = PIN_103; Fanout = 0; PIN Node = 'R2'
        Info: Total cell delay = 2.322 ns ( 43.84 % )
        Info: Total interconnect delay = 2.975 ns ( 56.16 % )
Info: th for register "Y2~reg0" (data pin = "Tred[4]", clock pin = "clk") is -4.075 ns
    Info: + Longest clock path from clock "clk" to destination register is 3.681 ns
        Info: 1: + IC(0.000 ns) + CELL(1.163 ns) = 1.163 ns; Loc. = PIN_18; Fanout = 14; CLK Node = 'clk'
        Info: 2: + IC(1.600 ns) + CELL(0.918 ns) = 3.681 ns; Loc. = LC_X4_Y7_N8; Fanout = 1; REG Node = 'Y2~reg0'
        Info: Total cell delay = 2.081 ns ( 56.53 % )
        Info: Total interconnect delay = 1.600 ns ( 43.47 % )
    Info: + Micro hold delay of destination is 0.221 ns
    Info: - Shortest pin to register delay is 7.977 ns
        Info: 1: + IC(0.000 ns) + CELL(1.132 ns) = 1.132 ns; Loc. = PIN_22; Fanout = 2; PIN Node = 'Tred[4]'
        Info: 2: + IC(1.806 ns) + CELL(1.077 ns) = 4.015 ns; Loc. = LC_X4_Y5_N4; Fanout = 3; COMB Node = 'Add2~17'
        Info: 3: + IC(0.000 ns) + CELL(0.975 ns) = 4.990 ns; Loc. = LC_X4_Y5_N7; Fanout = 1; COMB Node = 'Add2~0'
        Info: 4: + IC(1.891 ns) + CELL(0.200 ns) = 7.081 ns; Loc. = LC_X4_Y7_N7; Fanout = 5; COMB Node = 'LessThan4~0'
        Info: 5: + IC(0.305 ns) + CELL(0.591 ns) = 7.977 ns; Loc. = LC_X4_Y7_N8; Fanout = 1; REG Node = 'Y2~reg0'
        Info: Total cell delay = 3.975 ns ( 49.83 % )
        Info: Total interconnect delay = 4.002 ns ( 50.17 % )
Info: Quartus II Classic Timing Analyzer was successful. 0 errors, 1 warning
    Info: Peak virtual memory: 191 megabytes
    Info: Processing ended: Thu Jul 23 17:05:20 2020
    Info: Elapsed time: 00:00:01
    Info: Total CPU time (on all processors): 00:00:01


