Analysis & Synthesis report for HK2_1617
Fri May 15 10:08:31 2020
Quartus II Version 9.1 Build 350 03/24/2010 Service Pack 2 SJ Web Edition


---------------------
; Table of Contents ;
---------------------
  1. Legal Notice
  2. Analysis & Synthesis Summary
  3. Analysis & Synthesis Settings
  4. Parallel Compilation
  5. Analysis & Synthesis Source Files Read
  6. Analysis & Synthesis Resource Usage Summary
  7. Analysis & Synthesis Resource Utilization by Entity
  8. Registers Removed During Synthesis
  9. General Register Statistics
 10. Parameter Settings for Inferred Entity Instance: lpm_divide:Div0
 11. Parameter Settings for Inferred Entity Instance: lpm_divide:Mod0
 12. Parameter Settings for Inferred Entity Instance: lpm_divide:Div1
 13. Parameter Settings for Inferred Entity Instance: lpm_divide:Mod1
 14. Analysis & Synthesis Messages
 15. Analysis & Synthesis Suppressed Messages



----------------
; Legal Notice ;
----------------
Copyright (C) 1991-2010 Altera Corporation
Your use of Altera Corporation's design tools, logic functions 
and other software and tools, and its AMPP partner logic 
functions, and any output files from any of the foregoing 
(including device programming or simulation files), and any 
associated documentation or information are expressly subject 
to the terms and conditions of the Altera Program License 
Subscription Agreement, Altera MegaCore Function License 
Agreement, or other applicable license agreement, including, 
without limitation, that your use is for the sole purpose of 
programming logic devices manufactured by Altera and sold by 
Altera or its authorized distributors.  Please refer to the 
applicable agreement for further details.



+----------------------------------------------------------------------------+
; Analysis & Synthesis Summary                                               ;
+-----------------------------+----------------------------------------------+
; Analysis & Synthesis Status ; Successful - Fri May 15 10:08:31 2020        ;
; Quartus II Version          ; 9.1 Build 350 03/24/2010 SP 2 SJ Web Edition ;
; Revision Name               ; HK2_1617                                     ;
; Top-level Entity Name       ; HK2_1617                                     ;
; Family                      ; MAX II                                       ;
; Total logic elements        ; 245                                          ;
; Total pins                  ; 43                                           ;
; Total virtual pins          ; 0                                            ;
; UFM blocks                  ; 0 / 1 ( 0 % )                                ;
+-----------------------------+----------------------------------------------+


+----------------------------------------------------------------------------------------------------------------------+
; Analysis & Synthesis Settings                                                                                        ;
+----------------------------------------------------------------------------+--------------------+--------------------+
; Option                                                                     ; Setting            ; Default Value      ;
+----------------------------------------------------------------------------+--------------------+--------------------+
; Device                                                                     ; EPM570T144A5       ;                    ;
; Top-level entity name                                                      ; HK2_1617           ; HK2_1617           ;
; Family name                                                                ; MAX II             ; Stratix II         ;
; Type of Retiming Performed During Resynthesis                              ; Full               ;                    ;
; Resynthesis Optimization Effort                                            ; Normal             ;                    ;
; Physical Synthesis Level for Resynthesis                                   ; Normal             ;                    ;
; Use Generated Physical Constraints File                                    ; On                 ;                    ;
; Use smart compilation                                                      ; Off                ; Off                ;
; Enable parallel Assembler and TimeQuest Timing Analyzer during compilation ; On                 ; On                 ;
; Enable compact report table                                                ; Off                ; Off                ;
; Restructure Multiplexers                                                   ; Auto               ; Auto               ;
; Create Debugging Nodes for IP Cores                                        ; Off                ; Off                ;
; Preserve fewer node names                                                  ; On                 ; On                 ;
; Disable OpenCore Plus hardware evaluation                                  ; Off                ; Off                ;
; Verilog Version                                                            ; Verilog_2001       ; Verilog_2001       ;
; VHDL Version                                                               ; VHDL_1993          ; VHDL_1993          ;
; State Machine Processing                                                   ; Auto               ; Auto               ;
; Safe State Machine                                                         ; Off                ; Off                ;
; Extract Verilog State Machines                                             ; On                 ; On                 ;
; Extract VHDL State Machines                                                ; On                 ; On                 ;
; Ignore Verilog initial constructs                                          ; Off                ; Off                ;
; Iteration limit for constant Verilog loops                                 ; 5000               ; 5000               ;
; Iteration limit for non-constant Verilog loops                             ; 250                ; 250                ;
; Add Pass-Through Logic to Inferred RAMs                                    ; On                 ; On                 ;
; Parallel Synthesis                                                         ; On                 ; On                 ;
; NOT Gate Push-Back                                                         ; On                 ; On                 ;
; Power-Up Don't Care                                                        ; On                 ; On                 ;
; Remove Redundant Logic Cells                                               ; Off                ; Off                ;
; Remove Duplicate Registers                                                 ; On                 ; On                 ;
; Ignore CARRY Buffers                                                       ; Off                ; Off                ;
; Ignore CASCADE Buffers                                                     ; Off                ; Off                ;
; Ignore GLOBAL Buffers                                                      ; Off                ; Off                ;
; Ignore ROW GLOBAL Buffers                                                  ; Off                ; Off                ;
; Ignore LCELL Buffers                                                       ; Off                ; Off                ;
; Ignore SOFT Buffers                                                        ; On                 ; On                 ;
; Limit AHDL Integers to 32 Bits                                             ; Off                ; Off                ;
; Optimization Technique                                                     ; Balanced           ; Balanced           ;
; Carry Chain Length                                                         ; 70                 ; 70                 ;
; Auto Carry Chains                                                          ; On                 ; On                 ;
; Auto Open-Drain Pins                                                       ; On                 ; On                 ;
; Perform WYSIWYG Primitive Resynthesis                                      ; Off                ; Off                ;
; Auto Shift Register Replacement                                            ; Auto               ; Auto               ;
; Auto Clock Enable Replacement                                              ; On                 ; On                 ;
; Allow Synchronous Control Signals                                          ; On                 ; On                 ;
; Force Use of Synchronous Clear Signals                                     ; Off                ; Off                ;
; Auto Resource Sharing                                                      ; Off                ; Off                ;
; Use LogicLock Constraints during Resource Balancing                        ; On                 ; On                 ;
; Ignore translate_off and synthesis_off directives                          ; Off                ; Off                ;
; Show Parameter Settings Tables in Synthesis Report                         ; On                 ; On                 ;
; Ignore Maximum Fan-Out Assignments                                         ; Off                ; Off                ;
; Synchronization Register Chain Length                                      ; 2                  ; 2                  ;
; PowerPlay Power Optimization                                               ; Normal compilation ; Normal compilation ;
; HDL message level                                                          ; Level2             ; Level2             ;
; Suppress Register Optimization Related Messages                            ; Off                ; Off                ;
; Number of Removed Registers Reported in Synthesis Report                   ; 5000               ; 5000               ;
; Number of Inverted Registers Reported in Synthesis Report                  ; 100                ; 100                ;
; Clock MUX Protection                                                       ; On                 ; On                 ;
; Block Design Naming                                                        ; Auto               ; Auto               ;
; Synthesis Effort                                                           ; Auto               ; Auto               ;
; Shift Register Replacement - Allow Asynchronous Clear Signal               ; On                 ; On                 ;
; Analysis & Synthesis Message Level                                         ; Medium             ; Medium             ;
; Disable Register Merging Across Hierarchies                                ; Auto               ; Auto               ;
+----------------------------------------------------------------------------+--------------------+--------------------+


Parallel compilation was disabled, but you have multiple processors available. Enable parallel compilation to reduce compilation time.
+-------------------------------------+
; Parallel Compilation                ;
+----------------------------+--------+
; Processors                 ; Number ;
+----------------------------+--------+
; Number detected on machine ; 4      ;
; Maximum allowed            ; 1      ;
+----------------------------+--------+


+--------------------------------------------------------------------------------------------------------------------------------------------------------------------------------------------------+
; Analysis & Synthesis Source Files Read                                                                                                                                                           ;
+----------------------------------+-----------------+------------------------------+--------------------------------------------------------------------------------------------------------------+
; File Name with User-Entered Path ; Used in Netlist ; File Type                    ; File Name with Absolute Path                                                                                 ;
+----------------------------------+-----------------+------------------------------+--------------------------------------------------------------------------------------------------------------+
; HK2_1617.v                       ; yes             ; User Verilog HDL File        ; E:/STUDY/192_semester/Embedded_Control_Systems/Exercise/Homework_Chap2_2/HK2_1617/HK2_1617.v                 ;
; lpm_divide.tdf                   ; yes             ; Megafunction                 ; c:/altera/91sp2/quartus/libraries/megafunctions/lpm_divide.tdf                                               ;
; db/lpm_divide_tvl.tdf            ; yes             ; Auto-Generated Megafunction  ; E:/STUDY/192_semester/Embedded_Control_Systems/Exercise/Homework_Chap2_2/HK2_1617/db/lpm_divide_tvl.tdf      ;
; db/sign_div_unsign_ekh.tdf       ; yes             ; Auto-Generated Megafunction  ; E:/STUDY/192_semester/Embedded_Control_Systems/Exercise/Homework_Chap2_2/HK2_1617/db/sign_div_unsign_ekh.tdf ;
; db/alt_u_div_nie.tdf             ; yes             ; Auto-Generated Megafunction  ; E:/STUDY/192_semester/Embedded_Control_Systems/Exercise/Homework_Chap2_2/HK2_1617/db/alt_u_div_nie.tdf       ;
; db/add_sub_e7c.tdf               ; yes             ; Auto-Generated Megafunction  ; E:/STUDY/192_semester/Embedded_Control_Systems/Exercise/Homework_Chap2_2/HK2_1617/db/add_sub_e7c.tdf         ;
; db/add_sub_f7c.tdf               ; yes             ; Auto-Generated Megafunction  ; E:/STUDY/192_semester/Embedded_Control_Systems/Exercise/Homework_Chap2_2/HK2_1617/db/add_sub_f7c.tdf         ;
; db/add_sub_g7c.tdf               ; yes             ; Auto-Generated Megafunction  ; E:/STUDY/192_semester/Embedded_Control_Systems/Exercise/Homework_Chap2_2/HK2_1617/db/add_sub_g7c.tdf         ;
; db/add_sub_h7c.tdf               ; yes             ; Auto-Generated Megafunction  ; E:/STUDY/192_semester/Embedded_Control_Systems/Exercise/Homework_Chap2_2/HK2_1617/db/add_sub_h7c.tdf         ;
; db/add_sub_i7c.tdf               ; yes             ; Auto-Generated Megafunction  ; E:/STUDY/192_semester/Embedded_Control_Systems/Exercise/Homework_Chap2_2/HK2_1617/db/add_sub_i7c.tdf         ;
; db/add_sub_j7c.tdf               ; yes             ; Auto-Generated Megafunction  ; E:/STUDY/192_semester/Embedded_Control_Systems/Exercise/Homework_Chap2_2/HK2_1617/db/add_sub_j7c.tdf         ;
; db/add_sub_k7c.tdf               ; yes             ; Auto-Generated Megafunction  ; E:/STUDY/192_semester/Embedded_Control_Systems/Exercise/Homework_Chap2_2/HK2_1617/db/add_sub_k7c.tdf         ;
; db/add_sub_l7c.tdf               ; yes             ; Auto-Generated Megafunction  ; E:/STUDY/192_semester/Embedded_Control_Systems/Exercise/Homework_Chap2_2/HK2_1617/db/add_sub_l7c.tdf         ;
; db/lpm_divide_0ol.tdf            ; yes             ; Auto-Generated Megafunction  ; E:/STUDY/192_semester/Embedded_Control_Systems/Exercise/Homework_Chap2_2/HK2_1617/db/lpm_divide_0ol.tdf      ;
; db/lpm_divide_pvl.tdf            ; yes             ; Auto-Generated Megafunction  ; E:/STUDY/192_semester/Embedded_Control_Systems/Exercise/Homework_Chap2_2/HK2_1617/db/lpm_divide_pvl.tdf      ;
; db/sign_div_unsign_akh.tdf       ; yes             ; Auto-Generated Megafunction  ; E:/STUDY/192_semester/Embedded_Control_Systems/Exercise/Homework_Chap2_2/HK2_1617/db/sign_div_unsign_akh.tdf ;
; db/alt_u_div_fie.tdf             ; yes             ; Auto-Generated Megafunction  ; E:/STUDY/192_semester/Embedded_Control_Systems/Exercise/Homework_Chap2_2/HK2_1617/db/alt_u_div_fie.tdf       ;
; db/lpm_divide_tnl.tdf            ; yes             ; Auto-Generated Megafunction  ; E:/STUDY/192_semester/Embedded_Control_Systems/Exercise/Homework_Chap2_2/HK2_1617/db/lpm_divide_tnl.tdf      ;
; db/sign_div_unsign_bkh.tdf       ; yes             ; Auto-Generated Megafunction  ; E:/STUDY/192_semester/Embedded_Control_Systems/Exercise/Homework_Chap2_2/HK2_1617/db/sign_div_unsign_bkh.tdf ;
; db/alt_u_div_hie.tdf             ; yes             ; Auto-Generated Megafunction  ; E:/STUDY/192_semester/Embedded_Control_Systems/Exercise/Homework_Chap2_2/HK2_1617/db/alt_u_div_hie.tdf       ;
+----------------------------------+-----------------+------------------------------+--------------------------------------------------------------------------------------------------------------+


+-----------------------------------------------------+
; Analysis & Synthesis Resource Usage Summary         ;
+---------------------------------------------+-------+
; Resource                                    ; Usage ;
+---------------------------------------------+-------+
; Total logic elements                        ; 245   ;
;     -- Combinational with no register       ; 197   ;
;     -- Register only                        ; 20    ;
;     -- Combinational with a register        ; 28    ;
;                                             ;       ;
; Logic element usage by number of LUT inputs ;       ;
;     -- 4 input functions                    ; 38    ;
;     -- 3 input functions                    ; 48    ;
;     -- 2 input functions                    ; 91    ;
;     -- 1 input functions                    ; 47    ;
;     -- 0 input functions                    ; 1     ;
;                                             ;       ;
; Logic elements by mode                      ;       ;
;     -- normal mode                          ; 163   ;
;     -- arithmetic mode                      ; 82    ;
;     -- qfbk mode                            ; 0     ;
;     -- register cascade mode                ; 0     ;
;     -- synchronous clear/load mode          ; 0     ;
;     -- asynchronous clear/load mode         ; 0     ;
;                                             ;       ;
; Total registers                             ; 48    ;
; Total logic cells in carry chains           ; 107   ;
; I/O pins                                    ; 43    ;
; Maximum fan-out node                        ; clk   ;
; Maximum fan-out                             ; 48    ;
; Total fan-out                               ; 656   ;
; Average fan-out                             ; 2.28  ;
+---------------------------------------------+-------+


+----------------------------------------------------------------------------------------------------------------------------------------------------------------------------------------------------------------------------------------------------------------------------------------------------------------------------------------------+
; Analysis & Synthesis Resource Utilization by Entity                                                                                                                                                                                                                                                                                          ;
+----------------------------------------+-------------+--------------+------------+------+--------------+--------------+-------------------+------------------+-----------------+------------+---------------------------------------------------------------------------------------------------------------------------------+--------------+
; Compilation Hierarchy Node             ; Logic Cells ; LC Registers ; UFM Blocks ; Pins ; Virtual Pins ; LUT-Only LCs ; Register-Only LCs ; LUT/Register LCs ; Carry Chain LCs ; Packed LCs ; Full Hierarchy Name                                                                                                             ; Library Name ;
+----------------------------------------+-------------+--------------+------------+------+--------------+--------------+-------------------+------------------+-----------------+------------+---------------------------------------------------------------------------------------------------------------------------------+--------------+
; |HK2_1617                              ; 245 (75)    ; 48           ; 0          ; 43   ; 0            ; 197 (27)     ; 20 (20)           ; 28 (28)          ; 107 (16)        ; 0 (0)      ; |HK2_1617                                                                                                                       ; work         ;
;    |lpm_divide:Div0|                   ; 27 (0)      ; 0            ; 0          ; 0    ; 0            ; 27 (0)       ; 0 (0)             ; 0 (0)            ; 15 (0)          ; 0 (0)      ; |HK2_1617|lpm_divide:Div0                                                                                                       ; work         ;
;       |lpm_divide_tvl:auto_generated|  ; 27 (0)      ; 0            ; 0          ; 0    ; 0            ; 27 (0)       ; 0 (0)             ; 0 (0)            ; 15 (0)          ; 0 (0)      ; |HK2_1617|lpm_divide:Div0|lpm_divide_tvl:auto_generated                                                                         ; work         ;
;          |sign_div_unsign_ekh:divider| ; 27 (0)      ; 0            ; 0          ; 0    ; 0            ; 27 (0)       ; 0 (0)             ; 0 (0)            ; 15 (0)          ; 0 (0)      ; |HK2_1617|lpm_divide:Div0|lpm_divide_tvl:auto_generated|sign_div_unsign_ekh:divider                                             ; work         ;
;             |alt_u_div_nie:divider|    ; 27 (12)     ; 0            ; 0          ; 0    ; 0            ; 27 (12)      ; 0 (0)             ; 0 (0)            ; 15 (0)          ; 0 (0)      ; |HK2_1617|lpm_divide:Div0|lpm_divide_tvl:auto_generated|sign_div_unsign_ekh:divider|alt_u_div_nie:divider                       ; work         ;
;                |add_sub_k7c:add_sub_6| ; 8 (8)       ; 0            ; 0          ; 0    ; 0            ; 8 (8)        ; 0 (0)             ; 0 (0)            ; 8 (8)           ; 0 (0)      ; |HK2_1617|lpm_divide:Div0|lpm_divide_tvl:auto_generated|sign_div_unsign_ekh:divider|alt_u_div_nie:divider|add_sub_k7c:add_sub_6 ; work         ;
;                |add_sub_l7c:add_sub_7| ; 7 (7)       ; 0            ; 0          ; 0    ; 0            ; 7 (7)        ; 0 (0)             ; 0 (0)            ; 7 (7)           ; 0 (0)      ; |HK2_1617|lpm_divide:Div0|lpm_divide_tvl:auto_generated|sign_div_unsign_ekh:divider|alt_u_div_nie:divider|add_sub_l7c:add_sub_7 ; work         ;
;    |lpm_divide:Div1|                   ; 45 (0)      ; 0            ; 0          ; 0    ; 0            ; 45 (0)       ; 0 (0)             ; 0 (0)            ; 25 (0)          ; 0 (0)      ; |HK2_1617|lpm_divide:Div1                                                                                                       ; work         ;
;       |lpm_divide_pvl:auto_generated|  ; 45 (0)      ; 0            ; 0          ; 0    ; 0            ; 45 (0)       ; 0 (0)             ; 0 (0)            ; 25 (0)          ; 0 (0)      ; |HK2_1617|lpm_divide:Div1|lpm_divide_pvl:auto_generated                                                                         ; work         ;
;          |sign_div_unsign_akh:divider| ; 45 (0)      ; 0            ; 0          ; 0    ; 0            ; 45 (0)       ; 0 (0)             ; 0 (0)            ; 25 (0)          ; 0 (0)      ; |HK2_1617|lpm_divide:Div1|lpm_divide_pvl:auto_generated|sign_div_unsign_akh:divider                                             ; work         ;
;             |alt_u_div_fie:divider|    ; 45 (20)     ; 0            ; 0          ; 0    ; 0            ; 45 (20)      ; 0 (0)             ; 0 (0)            ; 25 (0)          ; 0 (0)      ; |HK2_1617|lpm_divide:Div1|lpm_divide_pvl:auto_generated|sign_div_unsign_akh:divider|alt_u_div_fie:divider                       ; work         ;
;                |add_sub_h7c:add_sub_3| ; 6 (6)       ; 0            ; 0          ; 0    ; 0            ; 6 (6)        ; 0 (0)             ; 0 (0)            ; 6 (6)           ; 0 (0)      ; |HK2_1617|lpm_divide:Div1|lpm_divide_pvl:auto_generated|sign_div_unsign_akh:divider|alt_u_div_fie:divider|add_sub_h7c:add_sub_3 ; work         ;
;                |add_sub_i7c:add_sub_4| ; 7 (7)       ; 0            ; 0          ; 0    ; 0            ; 7 (7)        ; 0 (0)             ; 0 (0)            ; 7 (7)           ; 0 (0)      ; |HK2_1617|lpm_divide:Div1|lpm_divide_pvl:auto_generated|sign_div_unsign_akh:divider|alt_u_div_fie:divider|add_sub_i7c:add_sub_4 ; work         ;
;                |add_sub_i7c:add_sub_5| ; 7 (7)       ; 0            ; 0          ; 0    ; 0            ; 7 (7)        ; 0 (0)             ; 0 (0)            ; 7 (7)           ; 0 (0)      ; |HK2_1617|lpm_divide:Div1|lpm_divide_pvl:auto_generated|sign_div_unsign_akh:divider|alt_u_div_fie:divider|add_sub_i7c:add_sub_5 ; work         ;
;                |add_sub_i7c:add_sub_6| ; 5 (5)       ; 0            ; 0          ; 0    ; 0            ; 5 (5)        ; 0 (0)             ; 0 (0)            ; 5 (5)           ; 0 (0)      ; |HK2_1617|lpm_divide:Div1|lpm_divide_pvl:auto_generated|sign_div_unsign_akh:divider|alt_u_div_fie:divider|add_sub_i7c:add_sub_6 ; work         ;
;    |lpm_divide:Mod0|                   ; 37 (0)      ; 0            ; 0          ; 0    ; 0            ; 37 (0)       ; 0 (0)             ; 0 (0)            ; 17 (0)          ; 0 (0)      ; |HK2_1617|lpm_divide:Mod0                                                                                                       ; work         ;
;       |lpm_divide_0ol:auto_generated|  ; 37 (0)      ; 0            ; 0          ; 0    ; 0            ; 37 (0)       ; 0 (0)             ; 0 (0)            ; 17 (0)          ; 0 (0)      ; |HK2_1617|lpm_divide:Mod0|lpm_divide_0ol:auto_generated                                                                         ; work         ;
;          |sign_div_unsign_ekh:divider| ; 37 (0)      ; 0            ; 0          ; 0    ; 0            ; 37 (0)       ; 0 (0)             ; 0 (0)            ; 17 (0)          ; 0 (0)      ; |HK2_1617|lpm_divide:Mod0|lpm_divide_0ol:auto_generated|sign_div_unsign_ekh:divider                                             ; work         ;
;             |alt_u_div_nie:divider|    ; 37 (20)     ; 0            ; 0          ; 0    ; 0            ; 37 (20)      ; 0 (0)             ; 0 (0)            ; 17 (0)          ; 0 (0)      ; |HK2_1617|lpm_divide:Mod0|lpm_divide_0ol:auto_generated|sign_div_unsign_ekh:divider|alt_u_div_nie:divider                       ; work         ;
;                |add_sub_k7c:add_sub_6| ; 8 (8)       ; 0            ; 0          ; 0    ; 0            ; 8 (8)        ; 0 (0)             ; 0 (0)            ; 8 (8)           ; 0 (0)      ; |HK2_1617|lpm_divide:Mod0|lpm_divide_0ol:auto_generated|sign_div_unsign_ekh:divider|alt_u_div_nie:divider|add_sub_k7c:add_sub_6 ; work         ;
;                |add_sub_l7c:add_sub_7| ; 9 (9)       ; 0            ; 0          ; 0    ; 0            ; 9 (9)        ; 0 (0)             ; 0 (0)            ; 9 (9)           ; 0 (0)      ; |HK2_1617|lpm_divide:Mod0|lpm_divide_0ol:auto_generated|sign_div_unsign_ekh:divider|alt_u_div_nie:divider|add_sub_l7c:add_sub_7 ; work         ;
;    |lpm_divide:Mod1|                   ; 61 (0)      ; 0            ; 0          ; 0    ; 0            ; 61 (0)       ; 0 (0)             ; 0 (0)            ; 34 (0)          ; 0 (0)      ; |HK2_1617|lpm_divide:Mod1                                                                                                       ; work         ;
;       |lpm_divide_tnl:auto_generated|  ; 61 (0)      ; 0            ; 0          ; 0    ; 0            ; 61 (0)       ; 0 (0)             ; 0 (0)            ; 34 (0)          ; 0 (0)      ; |HK2_1617|lpm_divide:Mod1|lpm_divide_tnl:auto_generated                                                                         ; work         ;
;          |sign_div_unsign_bkh:divider| ; 61 (0)      ; 0            ; 0          ; 0    ; 0            ; 61 (0)       ; 0 (0)             ; 0 (0)            ; 34 (0)          ; 0 (0)      ; |HK2_1617|lpm_divide:Mod1|lpm_divide_tnl:auto_generated|sign_div_unsign_bkh:divider                                             ; work         ;
;             |alt_u_div_hie:divider|    ; 61 (27)     ; 0            ; 0          ; 0    ; 0            ; 61 (27)      ; 0 (0)             ; 0 (0)            ; 34 (0)          ; 0 (0)      ; |HK2_1617|lpm_divide:Mod1|lpm_divide_tnl:auto_generated|sign_div_unsign_bkh:divider|alt_u_div_hie:divider                       ; work         ;
;                |add_sub_h7c:add_sub_3| ; 6 (6)       ; 0            ; 0          ; 0    ; 0            ; 6 (6)        ; 0 (0)             ; 0 (0)            ; 6 (6)           ; 0 (0)      ; |HK2_1617|lpm_divide:Mod1|lpm_divide_tnl:auto_generated|sign_div_unsign_bkh:divider|alt_u_div_hie:divider|add_sub_h7c:add_sub_3 ; work         ;
;                |add_sub_i7c:add_sub_4| ; 7 (7)       ; 0            ; 0          ; 0    ; 0            ; 7 (7)        ; 0 (0)             ; 0 (0)            ; 7 (7)           ; 0 (0)      ; |HK2_1617|lpm_divide:Mod1|lpm_divide_tnl:auto_generated|sign_div_unsign_bkh:divider|alt_u_div_hie:divider|add_sub_i7c:add_sub_4 ; work         ;
;                |add_sub_i7c:add_sub_5| ; 7 (7)       ; 0            ; 0          ; 0    ; 0            ; 7 (7)        ; 0 (0)             ; 0 (0)            ; 7 (7)           ; 0 (0)      ; |HK2_1617|lpm_divide:Mod1|lpm_divide_tnl:auto_generated|sign_div_unsign_bkh:divider|alt_u_div_hie:divider|add_sub_i7c:add_sub_5 ; work         ;
;                |add_sub_i7c:add_sub_6| ; 7 (7)       ; 0            ; 0          ; 0    ; 0            ; 7 (7)        ; 0 (0)             ; 0 (0)            ; 7 (7)           ; 0 (0)      ; |HK2_1617|lpm_divide:Mod1|lpm_divide_tnl:auto_generated|sign_div_unsign_bkh:divider|alt_u_div_hie:divider|add_sub_i7c:add_sub_6 ; work         ;
;                |add_sub_i7c:add_sub_7| ; 7 (7)       ; 0            ; 0          ; 0    ; 0            ; 7 (7)        ; 0 (0)             ; 0 (0)            ; 7 (7)           ; 0 (0)      ; |HK2_1617|lpm_divide:Mod1|lpm_divide_tnl:auto_generated|sign_div_unsign_bkh:divider|alt_u_div_hie:divider|add_sub_i7c:add_sub_7 ; work         ;
+----------------------------------------+-------------+--------------+------------+------+--------------+--------------+-------------------+------------------+-----------------+------------+---------------------------------------------------------------------------------------------------------------------------------+--------------+
Note: For table entries with two numbers listed, the numbers in parentheses indicate the number of resources of the given type used by the specific entity alone. The numbers listed outside of parentheses indicate the total resources of the given type used by the specific entity and all of its sub-entities in the hierarchy.


+--------------------------------------------------------------------------------+
; Registers Removed During Synthesis                                             ;
+---------------------------------------+----------------------------------------+
; Register name                         ; Reason for Removal                     ;
+---------------------------------------+----------------------------------------+
; TR[2]~reg0                            ; Stuck at GND due to stuck port data_in ;
; TR[3]~reg0                            ; Stuck at GND due to stuck port data_in ;
; Total Number of Removed Registers = 2 ;                                        ;
+---------------------------------------+----------------------------------------+


+------------------------------------------------------+
; General Register Statistics                          ;
+----------------------------------------------+-------+
; Statistic                                    ; Value ;
+----------------------------------------------+-------+
; Total registers                              ; 48    ;
; Number of registers using Synchronous Clear  ; 0     ;
; Number of registers using Synchronous Load   ; 0     ;
; Number of registers using Asynchronous Clear ; 0     ;
; Number of registers using Asynchronous Load  ; 0     ;
; Number of registers using Clock Enable       ; 31    ;
; Number of registers using Preset             ; 0     ;
+----------------------------------------------+-------+


+------------------------------------------------------------------+
; Parameter Settings for Inferred Entity Instance: lpm_divide:Div0 ;
+------------------------+----------------+------------------------+
; Parameter Name         ; Value          ; Type                   ;
+------------------------+----------------+------------------------+
; LPM_WIDTHN             ; 8              ; Untyped                ;
; LPM_WIDTHD             ; 7              ; Untyped                ;
; LPM_NREPRESENTATION    ; UNSIGNED       ; Untyped                ;
; LPM_DREPRESENTATION    ; UNSIGNED       ; Untyped                ;
; LPM_PIPELINE           ; 0              ; Untyped                ;
; LPM_REMAINDERPOSITIVE  ; TRUE           ; Untyped                ;
; MAXIMIZE_SPEED         ; 5              ; Untyped                ;
; CBXI_PARAMETER         ; lpm_divide_tvl ; Untyped                ;
; CARRY_CHAIN            ; MANUAL         ; Untyped                ;
; OPTIMIZE_FOR_SPEED     ; 5              ; Untyped                ;
; AUTO_CARRY_CHAINS      ; ON             ; AUTO_CARRY             ;
; IGNORE_CARRY_BUFFERS   ; OFF            ; IGNORE_CARRY           ;
; AUTO_CASCADE_CHAINS    ; ON             ; AUTO_CASCADE           ;
; IGNORE_CASCADE_BUFFERS ; OFF            ; IGNORE_CASCADE         ;
+------------------------+----------------+------------------------+
Note: In order to hide this table in the UI and the text report file, please set the "Show Parameter Settings Tables in Synthesis Report" option in "Analysis and Synthesis Settings -> More Settings" to "Off".


+------------------------------------------------------------------+
; Parameter Settings for Inferred Entity Instance: lpm_divide:Mod0 ;
+------------------------+----------------+------------------------+
; Parameter Name         ; Value          ; Type                   ;
+------------------------+----------------+------------------------+
; LPM_WIDTHN             ; 8              ; Untyped                ;
; LPM_WIDTHD             ; 7              ; Untyped                ;
; LPM_NREPRESENTATION    ; UNSIGNED       ; Untyped                ;
; LPM_DREPRESENTATION    ; UNSIGNED       ; Untyped                ;
; LPM_PIPELINE           ; 0              ; Untyped                ;
; LPM_REMAINDERPOSITIVE  ; TRUE           ; Untyped                ;
; MAXIMIZE_SPEED         ; 5              ; Untyped                ;
; CBXI_PARAMETER         ; lpm_divide_0ol ; Untyped                ;
; CARRY_CHAIN            ; MANUAL         ; Untyped                ;
; OPTIMIZE_FOR_SPEED     ; 5              ; Untyped                ;
; AUTO_CARRY_CHAINS      ; ON             ; AUTO_CARRY             ;
; IGNORE_CARRY_BUFFERS   ; OFF            ; IGNORE_CARRY           ;
; AUTO_CASCADE_CHAINS    ; ON             ; AUTO_CASCADE           ;
; IGNORE_CASCADE_BUFFERS ; OFF            ; IGNORE_CASCADE         ;
+------------------------+----------------+------------------------+
Note: In order to hide this table in the UI and the text report file, please set the "Show Parameter Settings Tables in Synthesis Report" option in "Analysis and Synthesis Settings -> More Settings" to "Off".


+------------------------------------------------------------------+
; Parameter Settings for Inferred Entity Instance: lpm_divide:Div1 ;
+------------------------+----------------+------------------------+
; Parameter Name         ; Value          ; Type                   ;
+------------------------+----------------+------------------------+
; LPM_WIDTHN             ; 7              ; Untyped                ;
; LPM_WIDTHD             ; 4              ; Untyped                ;
; LPM_NREPRESENTATION    ; UNSIGNED       ; Untyped                ;
; LPM_DREPRESENTATION    ; UNSIGNED       ; Untyped                ;
; LPM_PIPELINE           ; 0              ; Untyped                ;
; LPM_REMAINDERPOSITIVE  ; TRUE           ; Untyped                ;
; MAXIMIZE_SPEED         ; 5              ; Untyped                ;
; CBXI_PARAMETER         ; lpm_divide_pvl ; Untyped                ;
; CARRY_CHAIN            ; MANUAL         ; Untyped                ;
; OPTIMIZE_FOR_SPEED     ; 5              ; Untyped                ;
; AUTO_CARRY_CHAINS      ; ON             ; AUTO_CARRY             ;
; IGNORE_CARRY_BUFFERS   ; OFF            ; IGNORE_CARRY           ;
; AUTO_CASCADE_CHAINS    ; ON             ; AUTO_CASCADE           ;
; IGNORE_CASCADE_BUFFERS ; OFF            ; IGNORE_CASCADE         ;
+------------------------+----------------+------------------------+
Note: In order to hide this table in the UI and the text report file, please set the "Show Parameter Settings Tables in Synthesis Report" option in "Analysis and Synthesis Settings -> More Settings" to "Off".


+------------------------------------------------------------------+
; Parameter Settings for Inferred Entity Instance: lpm_divide:Mod1 ;
+------------------------+----------------+------------------------+
; Parameter Name         ; Value          ; Type                   ;
+------------------------+----------------+------------------------+
; LPM_WIDTHN             ; 8              ; Untyped                ;
; LPM_WIDTHD             ; 4              ; Untyped                ;
; LPM_NREPRESENTATION    ; UNSIGNED       ; Untyped                ;
; LPM_DREPRESENTATION    ; UNSIGNED       ; Untyped                ;
; LPM_PIPELINE           ; 0              ; Untyped                ;
; LPM_REMAINDERPOSITIVE  ; TRUE           ; Untyped                ;
; MAXIMIZE_SPEED         ; 5              ; Untyped                ;
; CBXI_PARAMETER         ; lpm_divide_tnl ; Untyped                ;
; CARRY_CHAIN            ; MANUAL         ; Untyped                ;
; OPTIMIZE_FOR_SPEED     ; 5              ; Untyped                ;
; AUTO_CARRY_CHAINS      ; ON             ; AUTO_CARRY             ;
; IGNORE_CARRY_BUFFERS   ; OFF            ; IGNORE_CARRY           ;
; AUTO_CASCADE_CHAINS    ; ON             ; AUTO_CASCADE           ;
; IGNORE_CASCADE_BUFFERS ; OFF            ; IGNORE_CASCADE         ;
+------------------------+----------------+------------------------+
Note: In order to hide this table in the UI and the text report file, please set the "Show Parameter Settings Tables in Synthesis Report" option in "Analysis and Synthesis Settings -> More Settings" to "Off".


+-------------------------------+
; Analysis & Synthesis Messages ;
+-------------------------------+
Info: *******************************************************************
Info: Running Quartus II Analysis & Synthesis
    Info: Version 9.1 Build 350 03/24/2010 Service Pack 2 SJ Web Edition
    Info: Processing started: Fri May 15 10:08:28 2020
Info: Command: quartus_map --read_settings_files=on --write_settings_files=off HK2_1617 -c HK2_1617
Info: Found 1 design units, including 1 entities, in source file hk2_1617.v
    Info: Found entity 1: HK2_1617
Info: Elaborating entity "HK2_1617" for the top level hierarchy
Warning (10230): Verilog HDL assignment warning at HK2_1617.v(13): truncated value with size 32 to match size of target (16)
Warning (10230): Verilog HDL assignment warning at HK2_1617.v(22): truncated value with size 32 to match size of target (4)
Warning (10230): Verilog HDL assignment warning at HK2_1617.v(23): truncated value with size 32 to match size of target (4)
Warning (10230): Verilog HDL assignment warning at HK2_1617.v(24): truncated value with size 32 to match size of target (4)
Info: Inferred 4 megafunctions from design logic
    Info: Inferred divider/modulo megafunction ("lpm_divide") from the following logic: "Div0"
    Info: Inferred divider/modulo megafunction ("lpm_divide") from the following logic: "Mod0"
    Info: Inferred divider/modulo megafunction ("lpm_divide") from the following logic: "Div1"
    Info: Inferred divider/modulo megafunction ("lpm_divide") from the following logic: "Mod1"
Info: Elaborated megafunction instantiation "lpm_divide:Div0"
Info: Instantiated megafunction "lpm_divide:Div0" with the following parameter:
    Info: Parameter "LPM_WIDTHN" = "8"
    Info: Parameter "LPM_WIDTHD" = "7"
    Info: Parameter "LPM_NREPRESENTATION" = "UNSIGNED"
    Info: Parameter "LPM_DREPRESENTATION" = "UNSIGNED"
Info: Found 1 design units, including 1 entities, in source file db/lpm_divide_tvl.tdf
    Info: Found entity 1: lpm_divide_tvl
Info: Found 1 design units, including 1 entities, in source file db/sign_div_unsign_ekh.tdf
    Info: Found entity 1: sign_div_unsign_ekh
Info: Found 1 design units, including 1 entities, in source file db/alt_u_div_nie.tdf
    Info: Found entity 1: alt_u_div_nie
Info: Found 1 design units, including 1 entities, in source file db/add_sub_e7c.tdf
    Info: Found entity 1: add_sub_e7c
Info: Found 1 design units, including 1 entities, in source file db/add_sub_f7c.tdf
    Info: Found entity 1: add_sub_f7c
Info: Found 1 design units, including 1 entities, in source file db/add_sub_g7c.tdf
    Info: Found entity 1: add_sub_g7c
Info: Found 1 design units, including 1 entities, in source file db/add_sub_h7c.tdf
    Info: Found entity 1: add_sub_h7c
Info: Found 1 design units, including 1 entities, in source file db/add_sub_i7c.tdf
    Info: Found entity 1: add_sub_i7c
Info: Found 1 design units, including 1 entities, in source file db/add_sub_j7c.tdf
    Info: Found entity 1: add_sub_j7c
Info: Found 1 design units, including 1 entities, in source file db/add_sub_k7c.tdf
    Info: Found entity 1: add_sub_k7c
Info: Found 1 design units, including 1 entities, in source file db/add_sub_l7c.tdf
    Info: Found entity 1: add_sub_l7c
Info: Elaborated megafunction instantiation "lpm_divide:Mod0"
Info: Instantiated megafunction "lpm_divide:Mod0" with the following parameter:
    Info: Parameter "LPM_WIDTHN" = "8"
    Info: Parameter "LPM_WIDTHD" = "7"
    Info: Parameter "LPM_NREPRESENTATION" = "UNSIGNED"
    Info: Parameter "LPM_DREPRESENTATION" = "UNSIGNED"
Info: Found 1 design units, including 1 entities, in source file db/lpm_divide_0ol.tdf
    Info: Found entity 1: lpm_divide_0ol
Info: Elaborated megafunction instantiation "lpm_divide:Div1"
Info: Instantiated megafunction "lpm_divide:Div1" with the following parameter:
    Info: Parameter "LPM_WIDTHN" = "7"
    Info: Parameter "LPM_WIDTHD" = "4"
    Info: Parameter "LPM_NREPRESENTATION" = "UNSIGNED"
    Info: Parameter "LPM_DREPRESENTATION" = "UNSIGNED"
Info: Found 1 design units, including 1 entities, in source file db/lpm_divide_pvl.tdf
    Info: Found entity 1: lpm_divide_pvl
Info: Found 1 design units, including 1 entities, in source file db/sign_div_unsign_akh.tdf
    Info: Found entity 1: sign_div_unsign_akh
Info: Found 1 design units, including 1 entities, in source file db/alt_u_div_fie.tdf
    Info: Found entity 1: alt_u_div_fie
Info: Elaborated megafunction instantiation "lpm_divide:Mod1"
Info: Instantiated megafunction "lpm_divide:Mod1" with the following parameter:
    Info: Parameter "LPM_WIDTHN" = "8"
    Info: Parameter "LPM_WIDTHD" = "4"
    Info: Parameter "LPM_NREPRESENTATION" = "UNSIGNED"
    Info: Parameter "LPM_DREPRESENTATION" = "UNSIGNED"
Info: Found 1 design units, including 1 entities, in source file db/lpm_divide_tnl.tdf
    Info: Found entity 1: lpm_divide_tnl
Info: Found 1 design units, including 1 entities, in source file db/sign_div_unsign_bkh.tdf
    Info: Found entity 1: sign_div_unsign_bkh
Info: Found 1 design units, including 1 entities, in source file db/alt_u_div_hie.tdf
    Info: Found entity 1: alt_u_div_hie
Warning: Output pins are stuck at VCC or GND
    Warning (13410): Pin "TR[2]" is stuck at GND
    Warning (13410): Pin "TR[3]" is stuck at GND
Info: Implemented 288 device resources after synthesis - the final resource count might be different
    Info: Implemented 9 input pins
    Info: Implemented 34 output pins
    Info: Implemented 245 logic cells
Info: Generated suppressed messages file E:/STUDY/192_semester/Embedded_Control_Systems/Exercise/Homework_Chap2_2/HK2_1617/HK2_1617.map.smsg
Info: Quartus II Analysis & Synthesis was successful. 0 errors, 7 warnings
    Info: Peak virtual memory: 236 megabytes
    Info: Processing ended: Fri May 15 10:08:32 2020
    Info: Elapsed time: 00:00:04
    Info: Total CPU time (on all processors): 00:00:02


+------------------------------------------+
; Analysis & Synthesis Suppressed Messages ;
+------------------------------------------+
The suppressed messages can be found in E:/STUDY/192_semester/Embedded_Control_Systems/Exercise/Homework_Chap2_2/HK2_1617/HK2_1617.map.smsg.


